 call readmesh
 call inigeo
 indlin(nv+1)-1=     1101528
 call readinput
e_field=  -0.000000E+00  -0.000000E+00  -0.000000E+00
 call voisinOrdonne
 inj_nstr=           0  inj_ninj=   860000000000.00000     
 call structures
 sc_nst2D=           2
 sc_nst1D=           0
 sc_nstruc=           2
 sc_listBias=           1           2
 sc_nodesBias=           1
 sc_bias=   0.0000000000000000     
 table of structures
i= 0 sc_table=    1
i= 1 sc_table=    2
i= 2 sc_table=    3

structure areas
   0     7.7774E-01
   1     2.4947E-01
   2     2.4946E-01

 call solarview
 f107=   0.0000000000000000       sc_photoel=   0.0000000000000000        0.0000000000000000     
 call sccinit
 call globmat
 procid=           0  call inipop
volmin=  3.61E-08 volmax=  6.72E-06 voltot=  3.14E-02
 procid=           0  netot=    12500000
 procid=           0 i=           1 npepop=    12500000  wepop=   62.865113232142555     
 procid=           0 nitot=    12500000
 procid=           0 i=           1 npipop=    12500000  wipop=   62.865113232142555     
 procid=           0  call inikin
 call computemutuals
 call ilut
 write(uprcnd)
   call pgmres
   call pgmres
 sc_c=
   4.656010E-11   1.831832E-12
   1.916462E-12   4.646752E-11
 sc_ci=
   2.151252E+10  -8.480619E+08
  -8.872419E+08   2.155538E+10
 procid=           0  call avancet
 dt_ion=   5.3592550371954757E-006
 dt_kin_elec=   2.2944138923955666E-008
 dt_omp=   3.5220210592577111E-008
 dt=   2.2944138923955666E-008  speedup=   1.0000000000000000       dtloc=   2.2944138923955666E-008
   call pgmres
 wAvCumul=   2.2682923768019059E-002
 it=           1
 scc_cumul=   2.2682923768019059E-002
   call pgmres
 wAvCumul=   4.4851332505372349E-002
 it=           2
 scc_cumul=   4.4851332505372349E-002
   call pgmres
 wAvCumul=   6.6516896917277968E-002
 it=           3
 scc_cumul=   6.6516896917277968E-002
   call pgmres
 wAvCumul=   8.7691022983237235E-002
 it=           4
 scc_cumul=   8.7691022983237235E-002
   call pgmres
 wAvCumul=  0.10838485796178791     
 it=           5
 scc_cumul=  0.10838485796178791     
   call pgmres
 wAvCumul=  0.12860929625905215     
 it=           6
 scc_cumul=  0.12860929625905215     
   call pgmres
 wAvCumul=  0.14837498516416855     
 it=           7
 scc_cumul=  0.14837498516416855     
   call pgmres
 wAvCumul=  0.16769233045462781     
 it=           8
 scc_cumul=  0.16769233045462781     
   call pgmres
 wAvCumul=  0.18657150187446309     
 it=           9
 scc_cumul=  0.18657150187446309     
   call pgmres
 wAvCumul=  0.20502243848817889     
 it=          10
 scc_cumul=  0.20502243848817889     
   call pgmres
 wAvCumul=  0.22305485391323721     
 it=          11
 scc_cumul=  0.22305485391323721     
   call pgmres
 wAvCumul=  0.24067824143385569     
 it=          12
 scc_cumul=  0.24067824143385569     
   call pgmres
 wAvCumul=  0.25790187899880967     
 it=          13
 scc_cumul=  0.25790187899880967     
   call pgmres
 wAvCumul=  0.27473483410586985     
 it=          14
 scc_cumul=  0.27473483410586985     
   call pgmres
 wAvCumul=  0.29118596857544610     
 it=          15
 scc_cumul=  0.29118596857544610     
   call pgmres
 wAvCumul=  0.30726394321595152     
 it=          16
 scc_cumul=  0.30726394321595152     
   call pgmres
 wAvCumul=  0.32297722238334220     
 it=          17
 scc_cumul=  0.32297722238334220     
   call pgmres
 wAvCumul=  0.33833407843723334     
 it=          18
 scc_cumul=  0.33833407843723334     
   call pgmres
 wAvCumul=  0.35334259609593766     
 it=          19
 scc_cumul=  0.35334259609593766     
   call pgmres
 wAvCumul=  0.36801067669271859     
 it=          20
 scc_cumul=  0.36801067669271859     
   call pgmres
 wAvCumul=  0.38234604233549963     
 it=          21
 scc_cumul=  0.38234604233549963     
   call pgmres
 wAvCumul=  0.39635623997221875     
 it=          22
 scc_cumul=  0.39635623997221875     
   call pgmres
 wAvCumul=  0.41004864536396929     
 it=          23
 scc_cumul=  0.41004864536396929     
   call pgmres
 wAvCumul=  0.42343046696801795     
 it=          24
 scc_cumul=  0.42343046696801795     
   call pgmres
 wAvCumul=  0.43650874973274473     
 it=          25
 scc_cumul=  0.43650874973274473     
   call pgmres
 wAvCumul=  0.44929037880650263     
 it=          26
 scc_cumul=  0.44929037880650263     
   call pgmres
 wAvCumul=  0.46178208316234937     
 it=          27
 scc_cumul=  0.46178208316234937     
   call pgmres
 wAvCumul=  0.47399043914055983     
 it=          28
 scc_cumul=  0.47399043914055983     
   call pgmres
 wAvCumul=  0.48592187391078367     
 it=          29
 scc_cumul=  0.48592187391078367     
   call pgmres
 wAvCumul=  0.49758266885567148     
 it=          30
 scc_cumul=  0.49758266885567148     
   call pgmres
 wAvCumul=  0.50897896287774991     
 it=          31
 scc_cumul=  0.50897896287774991     
   call pgmres
 wAvCumul=  0.52011675563128756     
 it=          32
 scc_cumul=  0.52011675563128756     
   call pgmres
 wAvCumul=  0.53100191068085278     
 it=          33
 scc_cumul=  0.53100191068085278     
   call pgmres
 wAvCumul=  0.54164015858822556     
 it=          34
 scc_cumul=  0.54164015858822556     
   call pgmres
 wAvCumul=  0.55203709992929018     
 it=          35
 scc_cumul=  0.55203709992929018     
   call pgmres
 wAvCumul=  0.56219820824249478     
 it=          36
 scc_cumul=  0.56219820824249478     
   call pgmres
 wAvCumul=  0.57212883291043237     
 it=          37
 scc_cumul=  0.57212883291043237     
   call pgmres
 wAvCumul=  0.58183420197605840     
 it=          38
 scc_cumul=  0.58183420197605840     
   call pgmres
 wAvCumul=  0.59131942489502831     
 it=          39
 scc_cumul=  0.59131942489502831     
   call pgmres
 wAvCumul=  0.60058949522560456     
 it=          40
 scc_cumul=  0.60058949522560456     
   call pgmres
 wAvCumul=  0.60964929325754824     
 it=          41
 scc_cumul=  0.60964929325754824     
   call pgmres
 wAvCumul=  0.61850358858137966     
 it=          42
 scc_cumul=  0.61850358858137966     
   call pgmres
 wAvCumul=  0.62715704259936111     
 it=          43
 scc_cumul=  0.62715704259936111     
   call pgmres
 wAvCumul=  0.63561421097952253     
 it=          44
 scc_cumul=  0.63561421097952253     
   call pgmres
 wAvCumul=  0.64387954605402353     
 it=          45
 scc_cumul=  0.64387954605402353     
   call pgmres
 wAvCumul=  0.65195739916311246     
 it=          46
 scc_cumul=  0.65195739916311246     
   call pgmres
 wAvCumul=  0.65985202294591871     
 it=          47
 scc_cumul=  0.65985202294591871     
   call pgmres
 wAvCumul=  0.66756757357928231     
 it=          48
 scc_cumul=  0.66756757357928231     
   call pgmres
 wAvCumul=  0.67510811296580109     
 it=          49
 scc_cumul=  0.67510811296580109     
   call pgmres
 wAvCumul=  0.68247761087224568     
 it=          50
 scc_cumul=  0.68247761087224568     
   call pgmres
 wAvCumul=  0.68967994701946977     
 it=          51
 scc_cumul=  0.68967994701946977     
   call pgmres
 wAvCumul=  0.69671891312491474     
 it=          52
 scc_cumul=  0.69671891312491474     
   call pgmres
 wAvCumul=  0.70359821489878427     
 it=          53
 scc_cumul=  0.70359821489878427     
   call pgmres
 wAvCumul=  0.71032147399493994     
 it=          54
 scc_cumul=  0.71032147399493994     
   call pgmres
 wAvCumul=  0.71689222991754487     
 it=          55
 scc_cumul=  0.71689222991754487     
   call pgmres
 wAvCumul=  0.72331394188445908     
 it=          56
 scc_cumul=  0.72331394188445908     
   call pgmres
 wAvCumul=  0.72958999064836760     
 it=          57
 scc_cumul=  0.72958999064836760     
   call pgmres
 wAvCumul=  0.73572368027659996     
 it=          58
 scc_cumul=  0.73572368027659996     
   call pgmres
 wAvCumul=  0.74171823989057850     
 it=          59
 scc_cumul=  0.74171823989057850     
   call pgmres
 wAvCumul=  0.74757682536581027     
 it=          60
 scc_cumul=  0.74757682536581027     
   call pgmres
 wAvCumul=  0.75330252099331896     
 it=          61
 scc_cumul=  0.75330252099331896     
   call pgmres
 wAvCumul=  0.75889834110338994     
 it=          62
 scc_cumul=  0.75889834110338994     
   call pgmres
 wAvCumul=  0.76436723165248466     
 it=          63
 scc_cumul=  0.76436723165248466     
   call pgmres
 wAvCumul=  0.76971207177415868     
 it=          64
 scc_cumul=  0.76971207177415868     
   call pgmres
 wAvCumul=  0.77493567529480045     
 it=          65
 scc_cumul=  0.77493567529480045     
   call pgmres
 wAvCumul=  0.78004079221498923     
 it=          66
 scc_cumul=  0.78004079221498923     
   call pgmres
 wAvCumul=  0.78503011015725055     
 it=          67
 scc_cumul=  0.78503011015725055     
   call pgmres
 wAvCumul=  0.78990625578097307     
 it=          68
 scc_cumul=  0.78990625578097307     
   call pgmres
 wAvCumul=  0.79467179616523098     
 it=          69
 scc_cumul=  0.79467179616523098     
   call pgmres
 wAvCumul=  0.79932924016023932     
 it=          70
 scc_cumul=  0.79932924016023932     
   call pgmres
 wAvCumul=  0.80388103970815505     
 it=          71
 scc_cumul=  0.80388103970815505     
   call pgmres
 wAvCumul=  0.80832959113391811     
 it=          72
 scc_cumul=  0.80832959113391811     
   call pgmres
 wAvCumul=  0.81267723640681244     
 it=          73
 scc_cumul=  0.81267723640681244     
   call pgmres
 wAvCumul=  0.81692626437341143     
 it=          74
 scc_cumul=  0.81692626437341143     
   call pgmres
 wAvCumul=  0.82107891196255578     
 it=          75
 scc_cumul=  0.82107891196255578     
   call pgmres
 wAvCumul=  0.82513736536300020     
 it=          76
 scc_cumul=  0.82513736536300020     
   call pgmres
 wAvCumul=  0.82910376117434625     
 it=          77
 scc_cumul=  0.82910376117434625     
   call pgmres
 wAvCumul=  0.83298018753186975     
 it=          78
 scc_cumul=  0.83298018753186975     
   call pgmres
 wAvCumul=  0.83676868520583314     
 it=          79
 scc_cumul=  0.83676868520583314     
   call pgmres
 wAvCumul=  0.84047124867586276     
 it=          80
 scc_cumul=  0.84047124867586276     
   call pgmres
 wAvCumul=  0.84408982718095549     
 it=          81
 scc_cumul=  0.84408982718095549     
   call pgmres
 wAvCumul=  0.84762632574566854     
 it=          82
 scc_cumul=  0.84762632574566854     
   call pgmres
 wAvCumul=  0.85108260618303255     
 it=          83
 scc_cumul=  0.85108260618303255     
   call pgmres
 wAvCumul=  0.85446048807471486     
 it=          84
 scc_cumul=  0.85446048807471486     
   call pgmres
 wAvCumul=  0.85776174972895081     
 it=          85
 scc_cumul=  0.85776174972895081     
   call pgmres
 wAvCumul=  0.86098812911674538     
 it=          86
 scc_cumul=  0.86098812911674538     
   call pgmres
 wAvCumul=  0.86414132478683992     
 it=          87
 scc_cumul=  0.86414132478683992     
   call pgmres
 wAvCumul=  0.86722299675992409     
 it=          88
 scc_cumul=  0.86722299675992409     
   call pgmres
 wAvCumul=  0.87023476740256478     
 it=          89
 scc_cumul=  0.87023476740256478     
   call pgmres
 wAvCumul=  0.87317822228131170     
 it=          90
 scc_cumul=  0.87317822228131170     
   call pgmres
 wAvCumul=  0.87605491099742938     
 it=          91
 scc_cumul=  0.87605491099742938     
   call pgmres
 wAvCumul=  0.87886634800269503     
 it=          92
 scc_cumul=  0.87886634800269503     
   call pgmres
 wAvCumul=  0.88161401339669165     
 it=          93
 scc_cumul=  0.88161401339669165     
   call pgmres
 wAvCumul=  0.88429935370601620     
 it=          94
 scc_cumul=  0.88429935370601620     
   call pgmres
 wAvCumul=  0.88692378264581317     
 it=          95
 scc_cumul=  0.88692378264581317     
   call pgmres
 wAvCumul=  0.88948868186403418     
 it=          96
 scc_cumul=  0.88948868186403418     
   call pgmres
 wAvCumul=  0.89199540166881564     
 it=          97
 scc_cumul=  0.89199540166881564     
   call pgmres
 wAvCumul=  0.89444526173935746     
 it=          98
 scc_cumul=  0.89444526173935746     
   call pgmres
 wAvCumul=  0.89683955182067676     
 it=          99
 scc_cumul=  0.89683955182067676     
   call pgmres
 wAvCumul=  0.89917953240260307     
 it=         100
 scc_cumul=  0.89917953240260307     
   call pgmres
 wAvCumul=  0.90146643538337090     
 procid=           0  call outputsol
 procid=           2  call outputsol
 procid=           1  call outputsol
 procid=           3  call outputsol
 call sccout
 it=         101
 scc_cumul=  0.90146643538337090     
   call pgmres
 wAvCumul=  0.90370146471816104     
 it=         102
 scc_cumul=  0.90370146471816104     
   call pgmres
 wAvCumul=  0.90588579705293093     
 it=         103
 scc_cumul=  0.90588579705293093     
   call pgmres
 wAvCumul=  0.90802058234386718     
 it=         104
 scc_cumul=  0.90802058234386718     
   call pgmres
 wAvCumul=  0.91010694446278806     
 it=         105
 scc_cumul=  0.91010694446278806     
   call pgmres
 wAvCumul=  0.91214598178881290     
 it=         106
 scc_cumul=  0.91214598178881290     
   call pgmres
 wAvCumul=  0.91413876778661141     
 it=         107
 scc_cumul=  0.91413876778661141     
   call pgmres
 wAvCumul=  0.91608635157153584     
 it=         108
 scc_cumul=  0.91608635157153584     
   call pgmres
 wAvCumul=  0.91798975846193509     
 it=         109
 scc_cumul=  0.91798975846193509     
   call pgmres
 wAvCumul=  0.91984999051893990     
 it=         110
 scc_cumul=  0.91984999051893990     
   call pgmres
 wAvCumul=  0.92166802707400475     
 it=         111
 scc_cumul=  0.92166802707400475     
   call pgmres
 wAvCumul=  0.92344482524448368     
 it=         112
 scc_cumul=  0.92344482524448368     
   call pgmres
 wAvCumul=  0.92518132043751045     
 it=         113
 scc_cumul=  0.92518132043751045     
   call pgmres
 wAvCumul=  0.92687842684245025     
 it=         114
 scc_cumul=  0.92687842684245025     
   call pgmres
 wAvCumul=  0.92853703791218056     
 it=         115
 scc_cumul=  0.92853703791218056     
   call pgmres
 wAvCumul=  0.93015802683345539     
 it=         116
 scc_cumul=  0.93015802683345539     
   call pgmres
 wAvCumul=  0.93174224698660013     
 it=         117
 scc_cumul=  0.93174224698660013     
   call pgmres
 wAvCumul=  0.93329053239477933     
 it=         118
 scc_cumul=  0.93329053239477933     
   call pgmres
 wAvCumul=  0.93480369816307374     
 it=         119
 scc_cumul=  0.93480369816307374     
   call pgmres
 wAvCumul=  0.93628254090759755     
 it=         120
 scc_cumul=  0.93628254090759755     
   call pgmres
 wAvCumul=  0.93772783917488234     
 it=         121
 scc_cumul=  0.93772783917488234     
   call pgmres
 wAvCumul=  0.93914035385174832     
 it=         122
 scc_cumul=  0.93914035385174832     
   call pgmres
 wAvCumul=  0.94052082856587771     
 it=         123
 scc_cumul=  0.94052082856587771     
   call pgmres
 wAvCumul=  0.94186999007730288     
 it=         124
 scc_cumul=  0.94186999007730288     
   call pgmres
 wAvCumul=  0.94318854866101365     
 it=         125
 scc_cumul=  0.94318854866101365     
   call pgmres
 wAvCumul=  0.94447719848088640     
 it=         126
 scc_cumul=  0.94447719848088640     
   call pgmres
 wAvCumul=  0.94573661795513131     
 it=         127
 scc_cumul=  0.94573661795513131     
   call pgmres
 wAvCumul=  0.94696747011344995     
 it=         128
 scc_cumul=  0.94696747011344995     
   call pgmres
 wAvCumul=  0.94817040294609178     
 it=         129
 scc_cumul=  0.94817040294609178     
   call pgmres
 wAvCumul=  0.94934604974499270     
 it=         130
 scc_cumul=  0.94934604974499270     
   call pgmres
 wAvCumul=  0.95049502943717601     
 it=         131
 scc_cumul=  0.95049502943717601     
   call pgmres
 wAvCumul=  0.95161794691059054     
 it=         132
 scc_cumul=  0.95161794691059054     
   call pgmres
 wAvCumul=  0.95271539333255784     
 it=         133
 scc_cumul=  0.95271539333255784     
   call pgmres
 wAvCumul=  0.95378794646099618     
 it=         134
 scc_cumul=  0.95378794646099618     
   call pgmres
 wAvCumul=  0.95483617094858497     
 it=         135
 scc_cumul=  0.95483617094858497     
   call pgmres
 wAvCumul=  0.95586061864003002     
 it=         136
 scc_cumul=  0.95586061864003002     
   call pgmres
 wAvCumul=  0.95686182886258575     
 it=         137
 scc_cumul=  0.95686182886258575     
   call pgmres
 wAvCumul=  0.95784032870998748     
 it=         138
 scc_cumul=  0.95784032870998748     
   call pgmres
 wAvCumul=  0.95879663331994358     
 it=         139
 scc_cumul=  0.95879663331994358     
   call pgmres
 wAvCumul=  0.95973124614533301     
 it=         140
 scc_cumul=  0.95973124614533301     
   call pgmres
 wAvCumul=  0.96064465921925157     
 it=         141
 scc_cumul=  0.96064465921925157     
   call pgmres
 wAvCumul=  0.96153735341404567     
 it=         142
 scc_cumul=  0.96153735341404567     
   call pgmres
 wAvCumul=  0.96240979869447119     
 it=         143
 scc_cumul=  0.96240979869447119     
   call pgmres
 wAvCumul=  0.96326245436510893     
 it=         144
 scc_cumul=  0.96326245436510893     
   call pgmres
 wAvCumul=  0.96409576931216934     
 it=         145
 scc_cumul=  0.96409576931216934     
   call pgmres
 wAvCumul=  0.96491018223981073     
 it=         146
 scc_cumul=  0.96491018223981073     
   call pgmres
 wAvCumul=  0.96570612190109884     
 it=         147
 scc_cumul=  0.96570612190109884     
   call pgmres
 wAvCumul=  0.96648400732372597     
 it=         148
 scc_cumul=  0.96648400732372597     
   call pgmres
 wAvCumul=  0.96724424803061138     
 it=         149
 scc_cumul=  0.96724424803061138     
   call pgmres
 wAvCumul=  0.96798724425549720     
 it=         150
 scc_cumul=  0.96798724425549720     
   call pgmres
 wAvCumul=  0.96871338715365396     
 it=         151
 scc_cumul=  0.96871338715365396     
   call pgmres
 wAvCumul=  0.96942305900780712     
 it=         152
 scc_cumul=  0.96942305900780712     
   call pgmres
 wAvCumul=  0.97011663342939225     
 it=         153
 scc_cumul=  0.97011663342939225     
   call pgmres
 wAvCumul=  0.97079447555524512     
 it=         154
 scc_cumul=  0.97079447555524512     
   call pgmres
 wAvCumul=  0.97145694223983048     
 it=         155
 scc_cumul=  0.97145694223983048     
   call pgmres
 wAvCumul=  0.97210438224311058     
 it=         156
 scc_cumul=  0.97210438224311058     
   call pgmres
 wAvCumul=  0.97273713641415194     
 it=         157
 scc_cumul=  0.97273713641415194     
   call pgmres
 wAvCumul=  0.97335553787056761     
 it=         158
 scc_cumul=  0.97335553787056761     
   call pgmres
 wAvCumul=  0.97395991217388944     
 it=         159
 scc_cumul=  0.97395991217388944     
   call pgmres
 wAvCumul=  0.97455057750096163     
 it=         160
 scc_cumul=  0.97455057750096163     
   call pgmres
 wAvCumul=  0.97512784481144743     
 it=         161
 scc_cumul=  0.97512784481144743     
   call pgmres
 wAvCumul=  0.97569201801153571     
 it=         162
 scc_cumul=  0.97569201801153571     
   call pgmres
 wAvCumul=  0.97624339411393446     
 it=         163
 scc_cumul=  0.97624339411393446     
   call pgmres
 wAvCumul=  0.97678226339423491     
 it=         164
 scc_cumul=  0.97678226339423491     
   call pgmres
 wAvCumul=  0.97730890954372940     
 it=         165
 scc_cumul=  0.97730890954372940     
   call pgmres
 wAvCumul=  0.97782360981876226     
 it=         166
 scc_cumul=  0.97782360981876226     
   call pgmres
 wAvCumul=  0.97832663518669316     
 it=         167
 scc_cumul=  0.97832663518669316     
   call pgmres
 wAvCumul=  0.97881825046854987     
 it=         168
 scc_cumul=  0.97881825046854987     
   call pgmres
 wAvCumul=  0.97929871447844508     
 it=         169
 scc_cumul=  0.97929871447844508     
   call pgmres
 wAvCumul=  0.97976828015983053     
 it=         170
 scc_cumul=  0.97976828015983053     
   call pgmres
 wAvCumul=  0.98022719471866104     
 it=         171
 scc_cumul=  0.98022719471866104     
   call pgmres
 wAvCumul=  0.98067569975353752     
 it=         172
 scc_cumul=  0.98067569975353752     
   call pgmres
 wAvCumul=  0.98111403138289832     
 it=         173
 scc_cumul=  0.98111403138289832     
   call pgmres
 wAvCumul=  0.98154242036932526     
 it=         174
 scc_cumul=  0.98154242036932526     
   call pgmres
 wAvCumul=  0.98196109224103001     
 it=         175
 scc_cumul=  0.98196109224103001     
   call pgmres
 wAvCumul=  0.98237026741058509     
 it=         176
 scc_cumul=  0.98237026741058509     
   call pgmres
 wAvCumul=  0.98277016129096140     
 it=         177
 scc_cumul=  0.98277016129096140     
   call pgmres
 wAvCumul=  0.98316098440893374     
 it=         178
 scc_cumul=  0.98316098440893374     
   call pgmres
 wAvCumul=  0.98354294251591434     
 it=         179
 scc_cumul=  0.98354294251591434     
   call pgmres
 wAvCumul=  0.98391623669627182     
 it=         180
 scc_cumul=  0.98391623669627182     
   call pgmres
 wAvCumul=  0.98428106347319311     
 it=         181
 scc_cumul=  0.98428106347319311     
   call pgmres
 wAvCumul=  0.98463761491214497     
 it=         182
 scc_cumul=  0.98463761491214497     
   call pgmres
 wAvCumul=  0.98498607872198773     
 it=         183
 scc_cumul=  0.98498607872198773     
   call pgmres
 wAvCumul=  0.98532663835379597     
 it=         184
 scc_cumul=  0.98532663835379597     
   call pgmres
 wAvCumul=  0.98565947309743740     
 it=         185
 scc_cumul=  0.98565947309743740     
   call pgmres
 wAvCumul=  0.98598475817596143     
 it=         186
 scc_cumul=  0.98598475817596143     
   call pgmres
 wAvCumul=  0.98630266483784645     
 it=         187
 scc_cumul=  0.98630266483784645     
   call pgmres
 wAvCumul=  0.98661336044715464     
 it=         188
 scc_cumul=  0.98661336044715464     
   call pgmres
 wAvCumul=  0.98691700857164177     
 it=         189
 scc_cumul=  0.98691700857164177     
   call pgmres
 wAvCumul=  0.98721376906886882     
 it=         190
 scc_cumul=  0.98721376906886882     
   call pgmres
 wAvCumul=  0.98750379817035994     
 it=         191
 scc_cumul=  0.98750379817035994     
   call pgmres
 wAvCumul=  0.98778724856385147     
 it=         192
 scc_cumul=  0.98778724856385147     
   call pgmres
 wAvCumul=  0.98806426947367543     
 it=         193
 scc_cumul=  0.98806426947367543     
   call pgmres
 wAvCumul=  0.98833500673931962     
 it=         194
 scc_cumul=  0.98833500673931962     
   call pgmres
 wAvCumul=  0.98859960289220605     
 it=         195
 scc_cumul=  0.98859960289220605     
   call pgmres
 wAvCumul=  0.98885819723072732     
 it=         196
 scc_cumul=  0.98885819723072732     
   call pgmres
 wAvCumul=  0.98911092589358107     
 it=         197
 scc_cumul=  0.98911092589358107     
   call pgmres
 wAvCumul=  0.98935792193144123     
 it=         198
 scc_cumul=  0.98935792193144123     
   call pgmres
 wAvCumul=  0.98959931537700363     
 it=         199
 scc_cumul=  0.98959931537700363     
   call pgmres
 wAvCumul=  0.98983523331344225     
 it=         200
 scc_cumul=  0.98983523331344225     
   call pgmres
 wAvCumul=  0.99006579994131316     
 procid=           0  call outputsol
 procid=           1  call outputsol
 procid=           3  call outputsol
 procid=           2  call outputsol
 call sccout
 it=         201
 scc_cumul=  0.99006579994131316     
   call pgmres
 wAvCumul=  0.99029113664394064     
 it=         202
 scc_cumul=  0.99029113664394064     
   call pgmres
 wAvCumul=  0.99051136205132029     
 it=         203
 scc_cumul=  0.99051136205132029     
   call pgmres
 wAvCumul=  0.99072659210257252     
 it=         204
 scc_cumul=  0.99072659210257252     
   call pgmres
 wAvCumul=  0.99093694010697964     
 it=         205
 scc_cumul=  0.99093694010697964     
   call pgmres
 wAvCumul=  0.99114251680363796     
 it=         206
 scc_cumul=  0.99114251680363796     
   call pgmres
 wAvCumul=  0.99134343041975759     
 it=         207
 scc_cumul=  0.99134343041975759     
   call pgmres
 wAvCumul=  0.99153978672763876     
 it=         208
 scc_cumul=  0.99153978672763876     
   call pgmres
 wAvCumul=  0.99173168910035692     
 it=         209
 scc_cumul=  0.99173168910035692     
   call pgmres
 wAvCumul=  0.99191923856618380     
 it=         210
 scc_cumul=  0.99191923856618380     
   call pgmres
 wAvCumul=  0.99210253386177460     
 it=         211
 scc_cumul=  0.99210253386177460     
   call pgmres
 wAvCumul=  0.99228167148414848     
 it=         212
 scc_cumul=  0.99228167148414848     
   call pgmres
 wAvCumul=  0.99245674574149001     
 it=         213
 scc_cumul=  0.99245674574149001     
   call pgmres
 wAvCumul=  0.99262784880279853     
 it=         214
 scc_cumul=  0.99262784880279853     
   call pgmres
 wAvCumul=  0.99279507074641093     
 it=         215
 scc_cumul=  0.99279507074641093     
   call pgmres
 wAvCumul=  0.99295849960742411     
 it=         216
 scc_cumul=  0.99295849960742411     
   call pgmres
 wAvCumul=  0.99311822142404138     
 it=         217
 scc_cumul=  0.99311822142404138     
   call pgmres
 wAvCumul=  0.99327432028286822     
 it=         218
 scc_cumul=  0.99327432028286822     
   call pgmres
 wAvCumul=  0.99342687836318000     
 it=         219
 scc_cumul=  0.99342687836318000     
   call pgmres
 wAvCumul=  0.99357597598018588     
 it=         220
 scc_cumul=  0.99357597598018588     
   call pgmres
 wAvCumul=  0.99372169162731128     
 it=         221
 scc_cumul=  0.99372169162731128     
   call pgmres
 wAvCumul=  0.99386410201752107     
 it=         222
 scc_cumul=  0.99386410201752107     
   call pgmres
 wAvCumul=  0.99400328212370603     
 it=         223
 scc_cumul=  0.99400328212370603     
   call pgmres
 wAvCumul=  0.99413930521815230     
 it=         224
 scc_cumul=  0.99413930521815230     
   call pgmres
 wAvCumul=  0.99427224291111660     
 it=         225
 scc_cumul=  0.99427224291111660     
   call pgmres
 wAvCumul=  0.99440216518852542     
 it=         226
 scc_cumul=  0.99440216518852542     
   call pgmres
 wAvCumul=  0.99452914044882001     
 it=         227
 scc_cumul=  0.99452914044882001     
   call pgmres
 wAvCumul=  0.99465323553896501     
 it=         228
 scc_cumul=  0.99465323553896501     
   call pgmres
 wAvCumul=  0.99477451578964027     
 it=         229
 scc_cumul=  0.99477451578964027     
   call pgmres
 wAvCumul=  0.99489304504963483     
 it=         230
 scc_cumul=  0.99489304504963483     
   call pgmres
 wAvCumul=  0.99500888571946067     
 it=         231
 scc_cumul=  0.99500888571946067     
   call pgmres
 wAvCumul=  0.99512209878420366     
 it=         232
 scc_cumul=  0.99512209878420366     
   call pgmres
 wAvCumul=  0.99523274384562954     
 it=         233
 scc_cumul=  0.99523274384562954     
   call pgmres
 wAvCumul=  0.99534087915356173     
 it=         234
 scc_cumul=  0.99534087915356173     
   call pgmres
 wAvCumul=  0.99544656163654743     
 it=         235
 scc_cumul=  0.99544656163654743     
   call pgmres
 wAvCumul=  0.99554984693182802     
 it=         236
 scc_cumul=  0.99554984693182802     
   call pgmres
 wAvCumul=  0.99565078941462937     
 it=         237
 scc_cumul=  0.99565078941462937     
   call pgmres
 wAvCumul=  0.99574944222678841     
 it=         238
 scc_cumul=  0.99574944222678841     
   call pgmres
 wAvCumul=  0.99584585730472974     
 it=         239
 scc_cumul=  0.99584585730472974     
   call pgmres
 wAvCumul=  0.99594008540680801     
 it=         240
 scc_cumul=  0.99594008540680801     
   call pgmres
 wAvCumul=  0.99603217614003003     
 it=         241
 scc_cumul=  0.99603217614003003     
   call pgmres
 wAvCumul=  0.99612217798617064     
 it=         242
 scc_cumul=  0.99612217798617064     
   call pgmres
 wAvCumul=  0.99621013832729632     
 it=         243
 scc_cumul=  0.99621013832729632     
   call pgmres
 wAvCumul=  0.99629610347070963     
 it=         244
 scc_cumul=  0.99629610347070963     
   call pgmres
 wAvCumul=  0.99638011867332810     
 it=         245
 scc_cumul=  0.99638011867332810     
   call pgmres
 wAvCumul=  0.99646222816551022     
 it=         246
 scc_cumul=  0.99646222816551022     
   call pgmres
 wAvCumul=  0.99654247517434058     
 it=         247
 scc_cumul=  0.99654247517434058     
   call pgmres
 wAvCumul=  0.99662090194638708     
 it=         248
 scc_cumul=  0.99662090194638708     
   call pgmres
 wAvCumul=  0.99669754976994185     
 it=         249
 scc_cumul=  0.99669754976994185     
   call pgmres
 wAvCumul=  0.99677245899675793     
 it=         250
 scc_cumul=  0.99677245899675793     
   call pgmres
 wAvCumul=  0.99684566906329264     
 it=         251
 scc_cumul=  0.99684566906329264     
   call pgmres
 wAvCumul=  0.99691721851146908     
 it=         252
 scc_cumul=  0.99691721851146908     
   call pgmres
 wAvCumul=  0.99698714500896690     
 it=         253
 scc_cumul=  0.99698714500896690     
   call pgmres
 wAvCumul=  0.99705548536905264     
 it=         254
 scc_cumul=  0.99705548536905264     
   call pgmres
 wAvCumul=  0.99712227556996025     
 it=         255
 scc_cumul=  0.99712227556996025     
   call pgmres
 wAvCumul=  0.99718755077383225     
 it=         256
 scc_cumul=  0.99718755077383225     
   call pgmres
 wAvCumul=  0.99725134534523086     
 it=         257
 scc_cumul=  0.99725134534523086     
   call pgmres
 wAvCumul=  0.99731369286922955     
 it=         258
 scc_cumul=  0.99731369286922955     
   call pgmres
 wAvCumul=  0.99737462616909434     
 it=         259
 scc_cumul=  0.99737462616909434     
   call pgmres
 wAvCumul=  0.99743417732356332     
 it=         260
 scc_cumul=  0.99743417732356332     
   call pgmres
 wAvCumul=  0.99749237768373522     
 it=         261
 scc_cumul=  0.99749237768373522     
   call pgmres
 wAvCumul=  0.99754925788957405     
 it=         262
 scc_cumul=  0.99754925788957405     
   call pgmres
 wAvCumul=  0.99760484788603987     
 it=         263
 scc_cumul=  0.99760484788603987     
   call pgmres
 wAvCumul=  0.99765917693885364     
 it=         264
 scc_cumul=  0.99765917693885364     
   call pgmres
 wAvCumul=  0.99771227364990400     
 it=         265
 scc_cumul=  0.99771227364990400     
   call pgmres
 wAvCumul=  0.99776416597230533     
 it=         266
 scc_cumul=  0.99776416597230533     
   call pgmres
 wAvCumul=  0.99781488122511341     
 it=         267
 scc_cumul=  0.99781488122511341     
   call pgmres
 wAvCumul=  0.99786444610770819     
 it=         268
 scc_cumul=  0.99786444610770819     
   call pgmres
 wAvCumul=  0.99791288671384959     
 it=         269
 scc_cumul=  0.99791288671384959     
   call pgmres
 wAvCumul=  0.99796022854541455     
 it=         270
 scc_cumul=  0.99796022854541455     
   call pgmres
 wAvCumul=  0.99800649652582307     
 it=         271
 scc_cumul=  0.99800649652582307     
   call pgmres
 wAvCumul=  0.99805171501315915     
 it=         272
 scc_cumul=  0.99805171501315915     
   call pgmres
 wAvCumul=  0.99809590781299407     
 it=         273
 scc_cumul=  0.99809590781299407     
   call pgmres
 wAvCumul=  0.99813909819091917     
 it=         274
 scc_cumul=  0.99813909819091917     
   call pgmres
 wAvCumul=  0.99818130888479428     
 it=         275
 scc_cumul=  0.99818130888479428     
   call pgmres
 wAvCumul=  0.99822256211671812     
 it=         276
 scc_cumul=  0.99822256211671812     
   call pgmres
 wAvCumul=  0.99826287960472704     
 it=         277
 scc_cumul=  0.99826287960472704     
   call pgmres
 wAvCumul=  0.99830228257422893     
 it=         278
 scc_cumul=  0.99830228257422893     
   call pgmres
 wAvCumul=  0.99834079176917734     
 it=         279
 scc_cumul=  0.99834079176917734     
   call pgmres
 wAvCumul=  0.99837842746299232     
 it=         280
 scc_cumul=  0.99837842746299232     
   call pgmres
 wAvCumul=  0.99841520946923357     
 it=         281
 scc_cumul=  0.99841520946923357     
   call pgmres
 wAvCumul=  0.99845115715203125     
 it=         282
 scc_cumul=  0.99845115715203125     
   call pgmres
 wAvCumul=  0.99848628943628037     
 it=         283
 scc_cumul=  0.99848628943628037     
   call pgmres
 wAvCumul=  0.99852062481760406     
 it=         284
 scc_cumul=  0.99852062481760406     
   call pgmres
 wAvCumul=  0.99855418137209062     
 it=         285
 scc_cumul=  0.99855418137209062     
   call pgmres
 wAvCumul=  0.99858697676580988     
 it=         286
 scc_cumul=  0.99858697676580988     
   call pgmres
 wAvCumul=  0.99861902826411342     
 it=         287
 scc_cumul=  0.99861902826411342     
   call pgmres
 wAvCumul=  0.99865035274072433     
 it=         288
 scc_cumul=  0.99865035274072433     
   call pgmres
 wAvCumul=  0.99868096668662021     
 it=         289
 scc_cumul=  0.99868096668662021     
   call pgmres
 wAvCumul=  0.99871088621871507     
 it=         290
 scc_cumul=  0.99871088621871507     
   call pgmres
 wAvCumul=  0.99874012708834425     
 it=         291
 scc_cumul=  0.99874012708834425     
   call pgmres
 wAvCumul=  0.99876870468955670     
 it=         292
 scc_cumul=  0.99876870468955670     
   call pgmres
 wAvCumul=  0.99879663406721941     
 it=         293
 scc_cumul=  0.99879663406721941     
   call pgmres
 wAvCumul=  0.99882392992493774     
 it=         294
 scc_cumul=  0.99882392992493774     
   call pgmres
 wAvCumul=  0.99885060663279623     
 it=         295
 scc_cumul=  0.99885060663279623     
   call pgmres
 wAvCumul=  0.99887667823492399     
 it=         296
 scc_cumul=  0.99887667823492399     
   call pgmres
 wAvCumul=  0.99890215845688812     
 it=         297
 scc_cumul=  0.99890215845688812     
   call pgmres
 wAvCumul=  0.99892706071291992     
 it=         298
 scc_cumul=  0.99892706071291992     
   call pgmres
 wAvCumul=  0.99895139811297651     
 it=         299
 scc_cumul=  0.99895139811297651     
   call pgmres
 wAvCumul=  0.99897518346964287     
 it=         300
 scc_cumul=  0.99897518346964287     
   call pgmres
 wAvCumul=  0.99899842930487714     
 procid=           0  call outputsol
 procid=           3  call outputsol
 procid=           1  call outputsol
 procid=           2  call outputsol
 call sccout
 it=         301
 scc_cumul=  0.99899842930487714     
   call pgmres
 wAvCumul=  0.99902114785660290     
 it=         302
 scc_cumul=  0.99902114785660290     
   call pgmres
 wAvCumul=  0.99904335108515174     
 it=         303
 scc_cumul=  0.99904335108515174     
   call pgmres
 wAvCumul=  0.99906505067955997     
 it=         304
 scc_cumul=  0.99906505067955997     
   call pgmres
 wAvCumul=  0.99908625806372242     
 it=         305
 scc_cumul=  0.99908625806372242     
   call pgmres
 wAvCumul=  0.99910698440240664     
 it=         306
 scc_cumul=  0.99910698440240664     
   call pgmres
 wAvCumul=  0.99912724060713054     
 it=         307
 scc_cumul=  0.99912724060713054     
   call pgmres
 wAvCumul=  0.99914703734190680     
 it=         308
 scc_cumul=  0.99914703734190680     
   call pgmres
 wAvCumul=  0.99916638502885724     
 it=         309
 scc_cumul=  0.99916638502885724     
   call pgmres
 wAvCumul=  0.99918529385369959     
 it=         310
 scc_cumul=  0.99918529385369959     
   call pgmres
 wAvCumul=  0.99920377377110947     
 it=         311
 scc_cumul=  0.99920377377110947     
   call pgmres
 wAvCumul=  0.99922183450996149     
 it=         312
 scc_cumul=  0.99922183450996149     
   call pgmres
 wAvCumul=  0.99923948557845099     
 it=         313
 scc_cumul=  0.99923948557845099     
   call pgmres
 wAvCumul=  0.99925673626909950     
 it=         314
 scc_cumul=  0.99925673626909950     
   call pgmres
 wAvCumul=  0.99927359566364704     
 it=         315
 scc_cumul=  0.99927359566364704     
   call pgmres
 wAvCumul=  0.99929007263783332     
 it=         316
 scc_cumul=  0.99929007263783332     
   call pgmres
 wAvCumul=  0.99930617586607018     
 it=         317
 scc_cumul=  0.99930617586607018     
   call pgmres
 wAvCumul=  0.99932191382600855     
 it=         318
 scc_cumul=  0.99932191382600855     
   call pgmres
 wAvCumul=  0.99933729480300137     
 it=         319
 scc_cumul=  0.99933729480300137     
   call pgmres
 wAvCumul=  0.99935232689446551     
 it=         320
 scc_cumul=  0.99935232689446551     
   call pgmres
 wAvCumul=  0.99936701801414496     
 it=         321
 scc_cumul=  0.99936701801414496     
   call pgmres
 wAvCumul=  0.99938137589627662     
 it=         322
 scc_cumul=  0.99938137589627662     
   call pgmres
 wAvCumul=  0.99939540809966243     
 it=         323
 scc_cumul=  0.99939540809966243     
   call pgmres
 wAvCumul=  0.99940912201164855     
 it=         324
 scc_cumul=  0.99940912201164855     
   call pgmres
 wAvCumul=  0.99942252485201455     
 it=         325
 scc_cumul=  0.99942252485201455     
   call pgmres
 wAvCumul=  0.99943562367677419     
 it=         326
 scc_cumul=  0.99943562367677419     
   call pgmres
 wAvCumul=  0.99944842538189038     
 it=         327
 scc_cumul=  0.99944842538189038     
   call pgmres
 wAvCumul=  0.99946093670690539     
 it=         328
 scc_cumul=  0.99946093670690539     
   call pgmres
 wAvCumul=  0.99947316423848875     
 it=         329
 scc_cumul=  0.99947316423848875     
   call pgmres
 wAvCumul=  0.99948511441390542     
 it=         330
 scc_cumul=  0.99948511441390542     
   call pgmres
 wAvCumul=  0.99949679352440401     
 it=         331
 scc_cumul=  0.99949679352440401     
   call pgmres
 wAvCumul=  0.99950820771852955     
 it=         332
 scc_cumul=  0.99950820771852955     
   call pgmres
 wAvCumul=  0.99951936300535982     
 it=         333
 scc_cumul=  0.99951936300535982     
   call pgmres
 wAvCumul=  0.99953026525766930     
 it=         334
 scc_cumul=  0.99953026525766930     
   call pgmres
 wAvCumul=  0.99954092021502083     
 it=         335
 scc_cumul=  0.99954092021502083     
   call pgmres
 wAvCumul=  0.99955133348678693     
 it=         336
 scc_cumul=  0.99955133348678693     
   call pgmres
 wAvCumul=  0.99956151055510345     
 it=         337
 scc_cumul=  0.99956151055510345     
   call pgmres
 wAvCumul=  0.99957145677775516     
 it=         338
 scc_cumul=  0.99957145677775516     
   call pgmres
 wAvCumul=  0.99958117739099661     
 it=         339
 scc_cumul=  0.99958117739099661     
   call pgmres
 wAvCumul=  0.99959067751230901     
 it=         340
 scc_cumul=  0.99959067751230901     
   call pgmres
 wAvCumul=  0.99959996214309388     
 it=         341
 scc_cumul=  0.99959996214309388     
   call pgmres
 wAvCumul=  0.99960903617130636     
 it=         342
 scc_cumul=  0.99960903617130636     
   call pgmres
 wAvCumul=  0.99961790437402864     
 it=         343
 scc_cumul=  0.99961790437402864     
   call pgmres
 wAvCumul=  0.99962657141998468     
 it=         344
 scc_cumul=  0.99962657141998468     
   call pgmres
 wAvCumul=  0.99963504187199792     
 it=         345
 scc_cumul=  0.99963504187199792     
   call pgmres
 wAvCumul=  0.99964332018939395     
 it=         346
 scc_cumul=  0.99964332018939395     
   call pgmres
 wAvCumul=  0.99965141073034747     
 it=         347
 scc_cumul=  0.99965141073034747     
   call pgmres
 wAvCumul=  0.99965931775417738     
 it=         348
 scc_cumul=  0.99965931775417738     
   call pgmres
 wAvCumul=  0.99966704542358853     
 it=         349
 scc_cumul=  0.99966704542358853     
   call pgmres
 wAvCumul=  0.99967459780686352     
 it=         350
 scc_cumul=  0.99967459780686352     
   call pgmres
 wAvCumul=  0.99968197888000443     
 it=         351
 scc_cumul=  0.99968197888000443     
   call pgmres
 wAvCumul=  0.99968919252882593     
 it=         352
 scc_cumul=  0.99968919252882593     
   call pgmres
 wAvCumul=  0.99969624255100109     
 it=         353
 scc_cumul=  0.99969624255100109     
   call pgmres
 wAvCumul=  0.99970313265806066     
 it=         354
 scc_cumul=  0.99970313265806066     
   call pgmres
 wAvCumul=  0.99970986647734705     
 it=         355
 scc_cumul=  0.99970986647734705     
   call pgmres
 wAvCumul=  0.99971644755392397     
 it=         356
 scc_cumul=  0.99971644755392397     
   call pgmres
 wAvCumul=  0.99972287935244253     
 it=         357
 scc_cumul=  0.99972287935244253     
   call pgmres
 wAvCumul=  0.99972916525896560     
 it=         358
 scc_cumul=  0.99972916525896560     
   call pgmres
 wAvCumul=  0.99973530858275017     
 it=         359
 scc_cumul=  0.99973530858275017     
   call pgmres
 wAvCumul=  0.99974131255798970     
 it=         360
 scc_cumul=  0.99974131255798970     
   call pgmres
 wAvCumul=  0.99974718034551657     
 it=         361
 scc_cumul=  0.99974718034551657     
   call pgmres
 wAvCumul=  0.99975291503446628     
 it=         362
 scc_cumul=  0.99975291503446628     
   call pgmres
 wAvCumul=  0.99975851964390372     
 it=         363
 scc_cumul=  0.99975851964390372     
   call pgmres
 wAvCumul=  0.99976399712441255     
 it=         364
 scc_cumul=  0.99976399712441255     
   call pgmres
 wAvCumul=  0.99976935035964853     
 it=         365
 scc_cumul=  0.99976935035964853     
   call pgmres
 wAvCumul=  0.99977458216785775     
 it=         366
 scc_cumul=  0.99977458216785775     
   call pgmres
 wAvCumul=  0.99977969530336019     
 it=         367
 scc_cumul=  0.99977969530336019     
   call pgmres
 wAvCumul=  0.99978469245799984     
 it=         368
 scc_cumul=  0.99978469245799984     
   call pgmres
 wAvCumul=  0.99978957626256171     
 it=         369
 scc_cumul=  0.99978957626256171     
   call pgmres
 wAvCumul=  0.99979434928815702     
 it=         370
 scc_cumul=  0.99979434928815702     
   call pgmres
 wAvCumul=  0.99979901404757665     
 it=         371
 scc_cumul=  0.99979901404757665     
   call pgmres
 wAvCumul=  0.99980357299661393     
 it=         372
 scc_cumul=  0.99980357299661393     
   call pgmres
 wAvCumul=  0.99980802853535777     
 it=         373
 scc_cumul=  0.99980802853535777     
   call pgmres
 wAvCumul=  0.99981238300945585     
 it=         374
 scc_cumul=  0.99981238300945585     
   call pgmres
 wAvCumul=  0.99981663871134996     
 it=         375
 scc_cumul=  0.99981663871134996     
   call pgmres
 wAvCumul=  0.99982079788148237     
 it=         376
 scc_cumul=  0.99982079788148237     
   call pgmres
 wAvCumul=  0.99982486270947579     
 it=         377
 scc_cumul=  0.99982486270947579     
   call pgmres
 wAvCumul=  0.99982883533528566     
 it=         378
 scc_cumul=  0.99982883533528566     
   call pgmres
 wAvCumul=  0.99983271785032712     
 it=         379
 scc_cumul=  0.99983271785032712     
   call pgmres
 wAvCumul=  0.99983651229857595     
 it=         380
 scc_cumul=  0.99983651229857595     
   call pgmres
 wAvCumul=  0.99984022067764433     
 it=         381
 scc_cumul=  0.99984022067764433     
   call pgmres
 wAvCumul=  0.99984384493983303     
 it=         382
 scc_cumul=  0.99984384493983303     
   call pgmres
 wAvCumul=  0.99984738699315878     
 it=         383
 scc_cumul=  0.99984738699315878     
   call pgmres
 wAvCumul=  0.99985084870235896     
 it=         384
 scc_cumul=  0.99985084870235896     
   call pgmres
 wAvCumul=  0.99985423188987321     
 it=         385
 scc_cumul=  0.99985423188987321     
   call pgmres
 wAvCumul=  0.99985753833680302     
 it=         386
 scc_cumul=  0.99985753833680302     
   call pgmres
 wAvCumul=  0.99986076978384919     
 it=         387
 scc_cumul=  0.99986076978384919     
   call pgmres
 wAvCumul=  0.99986392793222834     
 it=         388
 scc_cumul=  0.99986392793222834     
   call pgmres
 wAvCumul=  0.99986701444456860     
 it=         389
 scc_cumul=  0.99986701444456860     
   call pgmres
 wAvCumul=  0.99987003094578475     
 it=         390
 scc_cumul=  0.99987003094578475     
   call pgmres
 wAvCumul=  0.99987297902393368     
 it=         391
 scc_cumul=  0.99987297902393368     
   call pgmres
 wAvCumul=  0.99987586023105068     
 it=         392
 scc_cumul=  0.99987586023105068     
   call pgmres
 wAvCumul=  0.99987867608396630     
 it=         393
 scc_cumul=  0.99987867608396630     
   call pgmres
 wAvCumul=  0.99988142806510494     
 it=         394
 scc_cumul=  0.99988142806510494     
   call pgmres
 wAvCumul=  0.99988411762326523     
 it=         395
 scc_cumul=  0.99988411762326523     
   call pgmres
 wAvCumul=  0.99988674617438278     
 it=         396
 scc_cumul=  0.99988674617438278     
   call pgmres
 wAvCumul=  0.99988931510227574     
 it=         397
 scc_cumul=  0.99988931510227574     
   call pgmres
 wAvCumul=  0.99989182575937308     
 it=         398
 scc_cumul=  0.99989182575937308     
   call pgmres
 wAvCumul=  0.99989427946742693     
 it=         399
 scc_cumul=  0.99989427946742693     
   call pgmres
 wAvCumul=  0.99989667751820799     
 it=         400
 scc_cumul=  0.99989667751820799     
   call pgmres
 wAvCumul=  0.99989902117418605     
 procid=           0  call outputsol
 procid=           1  call outputsol
 procid=           3  call outputsol
 procid=           2  call outputsol
 call sccout
 it=         401
 scc_cumul=  0.99989902117418605     
   call pgmres
 wAvCumul=  0.99990131166919416     
 it=         402
 scc_cumul=  0.99990131166919416     
   call pgmres
 wAvCumul=  0.99990355020907862     
 it=         403
 scc_cumul=  0.99990355020907862     
   call pgmres
 wAvCumul=  0.99990573797233351     
 it=         404
 scc_cumul=  0.99990573797233351     
   call pgmres
 wAvCumul=  0.99990787611072129     
 it=         405
 scc_cumul=  0.99990787611072129     
   call pgmres
 wAvCumul=  0.99990996574987900     
 it=         406
 scc_cumul=  0.99990996574987900     
   call pgmres
 wAvCumul=  0.99991200798991098     
 it=         407
 scc_cumul=  0.99991200798991098     
   call pgmres
 wAvCumul=  0.99991400390596807     
 it=         408
 scc_cumul=  0.99991400390596807     
   call pgmres
 wAvCumul=  0.99991595454881332     
 it=         409
 scc_cumul=  0.99991595454881332     
   call pgmres
 wAvCumul=  0.99991786094537560     
 it=         410
 scc_cumul=  0.99991786094537560     
   call pgmres
 wAvCumul=  0.99991972409928997     
 it=         411
 scc_cumul=  0.99991972409928997     
   call pgmres
 wAvCumul=  0.99992154499142616     
 it=         412
 scc_cumul=  0.99992154499142616     
   call pgmres
 wAvCumul=  0.99992332458040489     
 it=         413
 scc_cumul=  0.99992332458040489     
   call pgmres
 wAvCumul=  0.99992506380310242     
 it=         414
 scc_cumul=  0.99992506380310242     
   call pgmres
 wAvCumul=  0.99992676357514410     
 it=         415
 scc_cumul=  0.99992676357514410     
   call pgmres
 wAvCumul=  0.99992842479138611     
 it=         416
 scc_cumul=  0.99992842479138611     
   call pgmres
 wAvCumul=  0.99993004832638677     
 it=         417
 scc_cumul=  0.99993004832638677     
   call pgmres
 wAvCumul=  0.99993163503486682     
 it=         418
 scc_cumul=  0.99993163503486682     
   call pgmres
 wAvCumul=  0.99993318575215928     
 it=         419
 scc_cumul=  0.99993318575215928     
   call pgmres
 wAvCumul=  0.99993470129464967     
 it=         420
 scc_cumul=  0.99993470129464967     
   call pgmres
 wAvCumul=  0.99993618246020533     
 it=         421
 scc_cumul=  0.99993618246020533     
   call pgmres
 wAvCumul=  0.99993763002859559     
 it=         422
 scc_cumul=  0.99993763002859559     
   call pgmres
 wAvCumul=  0.99993904476190232     
 it=         423
 scc_cumul=  0.99993904476190232     
   call pgmres
 wAvCumul=  0.99994042740492139     
 it=         424
 scc_cumul=  0.99994042740492139     
   call pgmres
 wAvCumul=  0.99994177868555423     
 it=         425
 scc_cumul=  0.99994177868555423     
   call pgmres
 wAvCumul=  0.99994309931519143     
 it=         426
 scc_cumul=  0.99994309931519143     
   call pgmres
 wAvCumul=  0.99994438998908730     
 it=         427
 scc_cumul=  0.99994438998908730     
   call pgmres
 wAvCumul=  0.99994565138672553     
 it=         428
 scc_cumul=  0.99994565138672553     
   call pgmres
 wAvCumul=  0.99994688417217736     
 it=         429
 scc_cumul=  0.99994688417217736     
   call pgmres
 wAvCumul=  0.99994808899445076     
 it=         430
 scc_cumul=  0.99994808899445076     
   call pgmres
 wAvCumul=  0.99994926648783233     
 it=         431
 scc_cumul=  0.99994926648783233     
   call pgmres
 wAvCumul=  0.99995041727222134     
 it=         432
 scc_cumul=  0.99995041727222134     
   call pgmres
 wAvCumul=  0.99995154195345570     
 it=         433
 scc_cumul=  0.99995154195345570     
   call pgmres
 wAvCumul=  0.99995264112363147     
 it=         434
 scc_cumul=  0.99995264112363147     
   call pgmres
 wAvCumul=  0.99995371536141386     
 it=         435
 scc_cumul=  0.99995371536141386     
   call pgmres
 wAvCumul=  0.99995476523234250     
 it=         436
 scc_cumul=  0.99995476523234250     
   call pgmres
 wAvCumul=  0.99995579128912893     
 it=         437
 scc_cumul=  0.99995579128912893     
   call pgmres
 wAvCumul=  0.99995679407194749     
 it=         438
 scc_cumul=  0.99995679407194749     
   call pgmres
 wAvCumul=  0.99995777410871978     
 it=         439
 scc_cumul=  0.99995777410871978     
   call pgmres
 wAvCumul=  0.99995873191539275     
 it=         440
 scc_cumul=  0.99995873191539275     
   call pgmres
 wAvCumul=  0.99995966799620994     
 it=         441
 scc_cumul=  0.99995966799620994     
   call pgmres
 wAvCumul=  0.99996058284397737     
 it=         442
 scc_cumul=  0.99996058284397737     
   call pgmres
 wAvCumul=  0.99996147694032256     
 it=         443
 scc_cumul=  0.99996147694032256     
   call pgmres
 wAvCumul=  0.99996235075594853     
 it=         444
 scc_cumul=  0.99996235075594853     
   call pgmres
 wAvCumul=  0.99996320475088130     
 it=         445
 scc_cumul=  0.99996320475088130     
   call pgmres
 wAvCumul=  0.99996403937471212     
 it=         446
 scc_cumul=  0.99996403937471212     
   call pgmres
 wAvCumul=  0.99996485506683419     
 it=         447
 scc_cumul=  0.99996485506683419     
   call pgmres
 wAvCumul=  0.99996565225667400     
 it=         448
 scc_cumul=  0.99996565225667400     
   call pgmres
 wAvCumul=  0.99996643136391750     
 it=         449
 scc_cumul=  0.99996643136391750     
   call pgmres
 wAvCumul=  0.99996719279873070     
 it=         450
 scc_cumul=  0.99996719279873070     
   call pgmres
 wAvCumul=  0.99996793696197617     
 it=         451
 scc_cumul=  0.99996793696197617     
   call pgmres
 wAvCumul=  0.99996866424542341     
 it=         452
 scc_cumul=  0.99996866424542341     
   call pgmres
 wAvCumul=  0.99996937503195571     
 it=         453
 scc_cumul=  0.99996937503195571     
   call pgmres
 wAvCumul=  0.99997006969577129     
 it=         454
 scc_cumul=  0.99997006969577129     
   call pgmres
 wAvCumul=  0.99997074860258051     
 it=         455
 scc_cumul=  0.99997074860258051     
   call pgmres
 wAvCumul=  0.99997141210979823     
 it=         456
 scc_cumul=  0.99997141210979823     
   call pgmres
 wAvCumul=  0.99997206056673238     
 it=         457
 scc_cumul=  0.99997206056673238     
   call pgmres
 wAvCumul=  0.99997269431476732     
 it=         458
 scc_cumul=  0.99997269431476732     
   call pgmres
 wAvCumul=  0.99997331368754383     
 it=         459
 scc_cumul=  0.99997331368754383     
   call pgmres
 wAvCumul=  0.99997391901113497     
 it=         460
 scc_cumul=  0.99997391901113497     
   call pgmres
 wAvCumul=  0.99997451060421716     
 it=         461
 scc_cumul=  0.99997451060421716     
   call pgmres
 wAvCumul=  0.99997508877823860     
 it=         462
 scc_cumul=  0.99997508877823860     
   call pgmres
 wAvCumul=  0.99997565383758280     
 it=         463
 scc_cumul=  0.99997565383758280     
   call pgmres
 wAvCumul=  0.99997620607972892     
 it=         464
 scc_cumul=  0.99997620607972892     
   call pgmres
 wAvCumul=  0.99997674579540863     
 it=         465
 scc_cumul=  0.99997674579540863     
   call pgmres
 wAvCumul=  0.99997727326875863     
 it=         466
 scc_cumul=  0.99997727326875863     
   call pgmres
 wAvCumul=  0.99997778877747090     
 it=         467
 scc_cumul=  0.99997778877747090     
   call pgmres
 wAvCumul=  0.99997829259293836     
 it=         468
 scc_cumul=  0.99997829259293836     
   call pgmres
 wAvCumul=  0.99997878498039794     
 it=         469
 scc_cumul=  0.99997878498039794     
   call pgmres
 wAvCumul=  0.99997926619907029     
 it=         470
 scc_cumul=  0.99997926619907029     
   call pgmres
 wAvCumul=  0.99997973650229621     
 it=         471
 scc_cumul=  0.99997973650229621     
   call pgmres
 wAvCumul=  0.99998019613766986     
 it=         472
 scc_cumul=  0.99998019613766986     
   call pgmres
 wAvCumul=  0.99998064534716946     
 it=         473
 scc_cumul=  0.99998064534716946     
   call pgmres
 wAvCumul=  0.99998108436728417     
 it=         474
 scc_cumul=  0.99998108436728417     
   call pgmres
 wAvCumul=  0.99998151342913910     
 it=         475
 scc_cumul=  0.99998151342913910     
   call pgmres
 wAvCumul=  0.99998193275861669     
 it=         476
 scc_cumul=  0.99998193275861669     
   call pgmres
 wAvCumul=  0.99998234257647567     
 it=         477
 scc_cumul=  0.99998234257647567     
   call pgmres
 wAvCumul=  0.99998274309846746     
 it=         478
 scc_cumul=  0.99998274309846746     
   call pgmres
 wAvCumul=  0.99998313453544940     
 it=         479
 scc_cumul=  0.99998313453544940     
   call pgmres
 wAvCumul=  0.99998351709349609     
 it=         480
 scc_cumul=  0.99998351709349609     
   call pgmres
 wAvCumul=  0.99998389097400775     
 it=         481
 scc_cumul=  0.99998389097400775     
   call pgmres
 wAvCumul=  0.99998425637381627     
 it=         482
 scc_cumul=  0.99998425637381627     
   call pgmres
 wAvCumul=  0.99998461348528878     
 it=         483
 scc_cumul=  0.99998461348528878     
   call pgmres
 wAvCumul=  0.99998496249642899     
 it=         484
 scc_cumul=  0.99998496249642899     
   call pgmres
 wAvCumul=  0.99998530359097615     
 it=         485
 scc_cumul=  0.99998530359097615     
   call pgmres
 wAvCumul=  0.99998563694850173     
 it=         486
 scc_cumul=  0.99998563694850173     
   call pgmres
 wAvCumul=  0.99998596274450391     
 it=         487
 scc_cumul=  0.99998596274450391     
   call pgmres
 wAvCumul=  0.99998628115050026     
 it=         488
 scc_cumul=  0.99998628115050026     
   call pgmres
 wAvCumul=  0.99998659233411769     
 it=         489
 scc_cumul=  0.99998659233411769     
   call pgmres
 wAvCumul=  0.99998689645918082     
 it=         490
 scc_cumul=  0.99998689645918082     
   call pgmres
 wAvCumul=  0.99998719368579836     
 it=         491
 scc_cumul=  0.99998719368579836     
   call pgmres
 wAvCumul=  0.99998748417044714     
 it=         492
 scc_cumul=  0.99998748417044714     
   call pgmres
 wAvCumul=  0.99998776806605483     
 it=         493
 scc_cumul=  0.99998776806605483     
   call pgmres
 wAvCumul=  0.99998804552208009     
 it=         494
 scc_cumul=  0.99998804552208009     
   call pgmres
 wAvCumul=  0.99998831668459143     
 it=         495
 scc_cumul=  0.99998831668459143     
   call pgmres
 wAvCumul=  0.99998858169634419     
 it=         496
 scc_cumul=  0.99998858169634419     
   call pgmres
 wAvCumul=  0.99998884069685556     
 it=         497
 scc_cumul=  0.99998884069685556     
   call pgmres
 wAvCumul=  0.99998909382247814     
 it=         498
 scc_cumul=  0.99998909382247814     
   call pgmres
 wAvCumul=  0.99998934120647143     
 it=         499
 scc_cumul=  0.99998934120647143     
   call pgmres
 wAvCumul=  0.99998958297907248     
 it=         500
 scc_cumul=  0.99998958297907248     
   call pgmres
 wAvCumul=  0.99998981926756403     
 procid=           0  call outputsol
 procid=           1  call outputsol
 procid=           2  call outputsol
 procid=           3  call outputsol
 call sccout
 it=         501
 scc_cumul=  0.99998981926756403     
   call pgmres
 wAvCumul=  0.99999005019634180     
 it=         502
 scc_cumul=  0.99999005019634180     
   call pgmres
 wAvCumul=  0.99999027588697964     
 it=         503
 scc_cumul=  0.99999027588697964     
   call pgmres
 wAvCumul=  0.99999049645829396     
 it=         504
 scc_cumul=  0.99999049645829396     
   call pgmres
 wAvCumul=  0.99999071202640599     
 it=         505
 scc_cumul=  0.99999071202640599     
   call pgmres
 wAvCumul=  0.99999092270480294     
 it=         506
 scc_cumul=  0.99999092270480294     
   call pgmres
 wAvCumul=  0.99999112860439787     
 it=         507
 scc_cumul=  0.99999112860439787     
   call pgmres
 wAvCumul=  0.99999132983358807     
 it=         508
 scc_cumul=  0.99999132983358807     
   call pgmres
 wAvCumul=  0.99999152649831180     
 it=         509
 scc_cumul=  0.99999152649831180     
   call pgmres
 wAvCumul=  0.99999171870210468     
 it=         510
 scc_cumul=  0.99999171870210468     
   call pgmres
 wAvCumul=  0.99999190654615355     
 it=         511
 scc_cumul=  0.99999190654615355     
   call pgmres
 wAvCumul=  0.99999209012935020     
 it=         512
 scc_cumul=  0.99999209012935020     
   call pgmres
 wAvCumul=  0.99999226954834319     
 it=         513
 scc_cumul=  0.99999226954834319     
   call pgmres
 wAvCumul=  0.99999244489758887     
 it=         514
 scc_cumul=  0.99999244489758887     
   call pgmres
 wAvCumul=  0.99999261626940095     
 it=         515
 scc_cumul=  0.99999261626940095     
   call pgmres
 wAvCumul=  0.99999278375399925     
 it=         516
 scc_cumul=  0.99999278375399925     
   call pgmres
 wAvCumul=  0.99999294743955713     
 it=         517
 scc_cumul=  0.99999294743955713     
   call pgmres
 wAvCumul=  0.99999310741224801     
 it=         518
 scc_cumul=  0.99999310741224801     
   call pgmres
 wAvCumul=  0.99999326375629050     
 it=         519
 scc_cumul=  0.99999326375629050     
   call pgmres
 wAvCumul=  0.99999341655399299     
 it=         520
 scc_cumul=  0.99999341655399299     
   call pgmres
 wAvCumul=  0.99999356588579691     
 it=         521
 scc_cumul=  0.99999356588579691     
   call pgmres
 wAvCumul=  0.99999371183031893     
 it=         522
 scc_cumul=  0.99999371183031893     
   call pgmres
 wAvCumul=  0.99999385446439248     
 it=         523
 scc_cumul=  0.99999385446439248     
   call pgmres
 wAvCumul=  0.99999399386310817     
 it=         524
 scc_cumul=  0.99999399386310817     
   call pgmres
 wAvCumul=  0.99999413009985338     
 it=         525
 scc_cumul=  0.99999413009985338     
   call pgmres
 wAvCumul=  0.99999426324635099     
 it=         526
 scc_cumul=  0.99999426324635099     
   call pgmres
 wAvCumul=  0.99999439337269669     
 it=         527
 scc_cumul=  0.99999439337269669     
   call pgmres
 wAvCumul=  0.99999452054739646     
 it=         528
 scc_cumul=  0.99999452054739646     
   call pgmres
 wAvCumul=  0.99999464483740219     
 it=         529
 scc_cumul=  0.99999464483740219     
   call pgmres
 wAvCumul=  0.99999476630814721     
 it=         530
 scc_cumul=  0.99999476630814721     
   call pgmres
 wAvCumul=  0.99999488502358058     
 it=         531
 scc_cumul=  0.99999488502358058     
   call pgmres
 wAvCumul=  0.99999500104620076     
 it=         532
 scc_cumul=  0.99999500104620076     
   call pgmres
 wAvCumul=  0.99999511443708866     
 it=         533
 scc_cumul=  0.99999511443708866     
   call pgmres
 wAvCumul=  0.99999522525593976     
 it=         534
 scc_cumul=  0.99999522525593976     
   call pgmres
 wAvCumul=  0.99999533356109527     
 it=         535
 scc_cumul=  0.99999533356109527     
   call pgmres
 wAvCumul=  0.99999543940957325     
 it=         536
 scc_cumul=  0.99999543940957325     
   call pgmres
 wAvCumul=  0.99999554285709824     
 it=         537
 scc_cumul=  0.99999554285709824     
   call pgmres
 wAvCumul=  0.99999564395813090     
 it=         538
 scc_cumul=  0.99999564395813090     
   call pgmres
 wAvCumul=  0.99999574276589653     
 it=         539
 scc_cumul=  0.99999574276589653     
   call pgmres
 wAvCumul=  0.99999583933241321     
 it=         540
 scc_cumul=  0.99999583933241321     
   call pgmres
 wAvCumul=  0.99999593370851891     
 it=         541
 scc_cumul=  0.99999593370851891     
   call pgmres
 wAvCumul=  0.99999602594389858     
 it=         542
 scc_cumul=  0.99999602594389858     
   call pgmres
 wAvCumul=  0.99999611608711014     
 it=         543
 scc_cumul=  0.99999611608711014     
   call pgmres
 wAvCumul=  0.99999620418561019     
 it=         544
 scc_cumul=  0.99999620418561019     
   call pgmres
 wAvCumul=  0.99999629028577863     
 it=         545
 scc_cumul=  0.99999629028577863     
   call pgmres
 wAvCumul=  0.99999637443294354     
 it=         546
 scc_cumul=  0.99999637443294354     
   call pgmres
 wAvCumul=  0.99999645667140469     
 it=         547
 scc_cumul=  0.99999645667140469     
   call pgmres
 wAvCumul=  0.99999653704445712     
 it=         548
 scc_cumul=  0.99999653704445712     
   call pgmres
 wAvCumul=  0.99999661559441366     
 it=         549
 scc_cumul=  0.99999661559441366     
   call pgmres
 wAvCumul=  0.99999669236262756     
 it=         550
 scc_cumul=  0.99999669236262756     
   call pgmres
 wAvCumul=  0.99999676738951393     
 it=         551
 scc_cumul=  0.99999676738951393     
   call pgmres
 wAvCumul=  0.99999684071457118     
 it=         552
 scc_cumul=  0.99999684071457118     
   call pgmres
 wAvCumul=  0.99999691237640176     
 it=         553
 scc_cumul=  0.99999691237640176     
   call pgmres
 wAvCumul=  0.99999698241273249     
 it=         554
 scc_cumul=  0.99999698241273249     
   call pgmres
 wAvCumul=  0.99999705086043444     
 it=         555
 scc_cumul=  0.99999705086043444     
   call pgmres
 wAvCumul=  0.99999711775554234     
 it=         556
 scc_cumul=  0.99999711775554234     
   call pgmres
 wAvCumul=  0.99999718313327368     
 it=         557
 scc_cumul=  0.99999718313327368     
   call pgmres
 wAvCumul=  0.99999724702804693     
 it=         558
 scc_cumul=  0.99999724702804693     
   call pgmres
 wAvCumul=  0.99999730947349985     
 it=         559
 scc_cumul=  0.99999730947349985     
   call pgmres
 wAvCumul=  0.99999737050250737     
 it=         560
 scc_cumul=  0.99999737050250737     
   call pgmres
 wAvCumul=  0.99999743014719855     
 it=         561
 scc_cumul=  0.99999743014719855     
   call pgmres
 wAvCumul=  0.99999748843897374     
 it=         562
 scc_cumul=  0.99999748843897374     
   call pgmres
 wAvCumul=  0.99999754540852104     
 it=         563
 scc_cumul=  0.99999754540852104     
   call pgmres
 wAvCumul=  0.99999760108583247     
 it=         564
 scc_cumul=  0.99999760108583247     
   call pgmres
 wAvCumul=  0.99999765550021968     
 it=         565
 scc_cumul=  0.99999765550021968     
   call pgmres
 wAvCumul=  0.99999770868032944     
 it=         566
 scc_cumul=  0.99999770868032944     
   call pgmres
 wAvCumul=  0.99999776065415891     
 it=         567
 scc_cumul=  0.99999776065415891     
   call pgmres
 wAvCumul=  0.99999781144906996     
 it=         568
 scc_cumul=  0.99999781144906996     
   call pgmres
 wAvCumul=  0.99999786109180389     
 it=         569
 scc_cumul=  0.99999786109180389     
   call pgmres
 wAvCumul=  0.99999790960849544     
 it=         570
 scc_cumul=  0.99999790960849544     
   call pgmres
 wAvCumul=  0.99999795702468663     
 it=         571
 scc_cumul=  0.99999795702468663     
   call pgmres
 wAvCumul=  0.99999800336533995     
 it=         572
 scc_cumul=  0.99999800336533995     
   call pgmres
 wAvCumul=  0.99999804865485176     
 it=         573
 scc_cumul=  0.99999804865485176     
   call pgmres
 wAvCumul=  0.99999809291706498     
 it=         574
 scc_cumul=  0.99999809291706498     
   call pgmres
 wAvCumul=  0.99999813617528177     
 it=         575
 scc_cumul=  0.99999813617528177     
   call pgmres
 wAvCumul=  0.99999817845227579     
 it=         576
 scc_cumul=  0.99999817845227579     
   call pgmres
 wAvCumul=  0.99999821977030401     
 it=         577
 scc_cumul=  0.99999821977030401     
   call pgmres
 wAvCumul=  0.99999826015111848     
 it=         578
 scc_cumul=  0.99999826015111848     
   call pgmres
 wAvCumul=  0.99999829961597808     
 it=         579
 scc_cumul=  0.99999829961597808     
   call pgmres
 wAvCumul=  0.99999833818565920     
 it=         580
 scc_cumul=  0.99999833818565920     
   call pgmres
 wAvCumul=  0.99999837588046725     
 it=         581
 scc_cumul=  0.99999837588046725     
   call pgmres
 wAvCumul=  0.99999841272024681     
 it=         582
 scc_cumul=  0.99999841272024681     
   call pgmres
 wAvCumul=  0.99999844872439247     
 it=         583
 scc_cumul=  0.99999844872439247     
   call pgmres
 wAvCumul=  0.99999848391185886     
 it=         584
 scc_cumul=  0.99999848391185886     
   call pgmres
 wAvCumul=  0.99999851830117059     
 it=         585
 scc_cumul=  0.99999851830117059     
   call pgmres
 wAvCumul=  0.99999855191043219     
 it=         586
 scc_cumul=  0.99999855191043219     
   call pgmres
 wAvCumul=  0.99999858475733749     
 it=         587
 scc_cumul=  0.99999858475733749     
   call pgmres
 wAvCumul=  0.99999861685917890     
 it=         588
 scc_cumul=  0.99999861685917890     
   call pgmres
 wAvCumul=  0.99999864823285667     
 it=         589
 scc_cumul=  0.99999864823285667     
   call pgmres
 wAvCumul=  0.99999867889488769     
 it=         590
 scc_cumul=  0.99999867889488769     
   call pgmres
 wAvCumul=  0.99999870886141429     
 it=         591
 scc_cumul=  0.99999870886141429     
   call pgmres
 wAvCumul=  0.99999873814821238     
 it=         592
 scc_cumul=  0.99999873814821238     
   call pgmres
 wAvCumul=  0.99999876677070032     
 it=         593
 scc_cumul=  0.99999876677070032     
   call pgmres
 wAvCumul=  0.99999879474394648     
 it=         594
 scc_cumul=  0.99999879474394648     
   call pgmres
 wAvCumul=  0.99999882208267765     
 it=         595
 scc_cumul=  0.99999882208267765     
   call pgmres
 wAvCumul=  0.99999884880128653     
 it=         596
 scc_cumul=  0.99999884880128653     
   call pgmres
 wAvCumul=  0.99999887491383921     
 it=         597
 scc_cumul=  0.99999887491383921     
   call pgmres
 wAvCumul=  0.99999890043408279     
 it=         598
 scc_cumul=  0.99999890043408279     
   call pgmres
 wAvCumul=  0.99999892537545265     
 it=         599
 scc_cumul=  0.99999892537545265     
   call pgmres
 wAvCumul=  0.99999894975107939     
 it=         600
 scc_cumul=  0.99999894975107939     
   call pgmres
 wAvCumul=  0.99999897357379564     
 procid=           0  call outputsol
 procid=           3  call outputsol
 procid=           1  call outputsol
 procid=           2  call outputsol
 call sccout
 it=         601
 scc_cumul=  0.99999897357379564     
   call pgmres
 wAvCumul=  0.99999899685614302     
 it=         602
 scc_cumul=  0.99999899685614302     
   call pgmres
 wAvCumul=  0.99999901961037863     
 it=         603
 scc_cumul=  0.99999901961037863     
   call pgmres
 wAvCumul=  0.99999904184848165     
 it=         604
 scc_cumul=  0.99999904184848165     
   call pgmres
 wAvCumul=  0.99999906358215951     
 it=         605
 scc_cumul=  0.99999906358215951     
   call pgmres
 wAvCumul=  0.99999908482285405     
 it=         606
 scc_cumul=  0.99999908482285405     
   call pgmres
 wAvCumul=  0.99999910558174743     
 it=         607
 scc_cumul=  0.99999910558174743     
   call pgmres
 wAvCumul=  0.99999912586976847     
 it=         608
 scc_cumul=  0.99999912586976847     
   call pgmres
 wAvCumul=  0.99999914569759785     
 it=         609
 scc_cumul=  0.99999914569759785     
   call pgmres
 wAvCumul=  0.99999916507567410     
 it=         610
 scc_cumul=  0.99999916507567410     
   call pgmres
 wAvCumul=  0.99999918401419896     
 it=         611
 scc_cumul=  0.99999918401419896     
   call pgmres
 wAvCumul=  0.99999920252314267     
 it=         612
 scc_cumul=  0.99999920252314267     
   call pgmres
 wAvCumul=  0.99999922061224944     
 it=         613
 scc_cumul=  0.99999922061224944     
   call pgmres
 wAvCumul=  0.99999923829104242     
 it=         614
 scc_cumul=  0.99999923829104242     
   call pgmres
 wAvCumul=  0.99999925556882863     
 it=         615
 scc_cumul=  0.99999925556882863     
   call pgmres
 wAvCumul=  0.99999927245470410     
 it=         616
 scc_cumul=  0.99999927245470410     
   call pgmres
 wAvCumul=  0.99999928895755863     
 it=         617
 scc_cumul=  0.99999928895755863     
   call pgmres
 wAvCumul=  0.99999930508608015     
 it=         618
 scc_cumul=  0.99999930508608015     
   call pgmres
 wAvCumul=  0.99999932084875964     
 it=         619
 scc_cumul=  0.99999932084875964     
   call pgmres
 wAvCumul=  0.99999933625389548     
 it=         620
 scc_cumul=  0.99999933625389548     
   call pgmres
 wAvCumul=  0.99999935130959772     
 it=         621
 scc_cumul=  0.99999935130959772     
   call pgmres
 wAvCumul=  0.99999936602379269     
 it=         622
 scc_cumul=  0.99999936602379269     
   call pgmres
 wAvCumul=  0.99999938040422665     
 it=         623
 scc_cumul=  0.99999938040422665     
   call pgmres
 wAvCumul=  0.99999939445847030     
 it=         624
 scc_cumul=  0.99999939445847030     
   call pgmres
 wAvCumul=  0.99999940819392263     
 it=         625
 scc_cumul=  0.99999940819392263     
   call pgmres
 wAvCumul=  0.99999942161781474     
 it=         626
 scc_cumul=  0.99999942161781474     
   call pgmres
 wAvCumul=  0.99999943473721375     
 it=         627
 scc_cumul=  0.99999943473721375     
   call pgmres
 wAvCumul=  0.99999944755902648     
 it=         628
 scc_cumul=  0.99999944755902648     
   call pgmres
 wAvCumul=  0.99999946009000296     
 it=         629
 scc_cumul=  0.99999946009000296     
   call pgmres
 wAvCumul=  0.99999947233674025     
 it=         630
 scc_cumul=  0.99999947233674025     
   call pgmres
 wAvCumul=  0.99999948430568575     
 it=         631
 scc_cumul=  0.99999948430568575     
   call pgmres
 wAvCumul=  0.99999949600314053     
 it=         632
 scc_cumul=  0.99999949600314053     
   call pgmres
 wAvCumul=  0.99999950743526289     
 it=         633
 scc_cumul=  0.99999950743526289     
   call pgmres
 wAvCumul=  0.99999951860807124     
 it=         634
 scc_cumul=  0.99999951860807124     
   call pgmres
 wAvCumul=  0.99999952952744764     
 it=         635
 scc_cumul=  0.99999952952744764     
   call pgmres
 wAvCumul=  0.99999954019914072     
 it=         636
 scc_cumul=  0.99999954019914072     
   call pgmres
 wAvCumul=  0.99999955062876855     
 it=         637
 scc_cumul=  0.99999955062876855     
   call pgmres
 wAvCumul=  0.99999956082182195     
 it=         638
 scc_cumul=  0.99999956082182195     
   call pgmres
 wAvCumul=  0.99999957078366708     
 it=         639
 scc_cumul=  0.99999957078366708     
   call pgmres
 wAvCumul=  0.99999958051954840     
 it=         640
 scc_cumul=  0.99999958051954840     
   call pgmres
 wAvCumul=  0.99999959003459149     
 it=         641
 scc_cumul=  0.99999959003459149     
   call pgmres
 wAvCumul=  0.99999959933380556     
 it=         642
 scc_cumul=  0.99999959933380556     
   call pgmres
 wAvCumul=  0.99999960842208635     
 it=         643
 scc_cumul=  0.99999960842208635     
   call pgmres
 wAvCumul=  0.99999961730421827     
 it=         644
 scc_cumul=  0.99999961730421827     
   call pgmres
 wAvCumul=  0.99999962598487746     
 it=         645
 scc_cumul=  0.99999962598487746     
   call pgmres
 wAvCumul=  0.99999963446863394     
 it=         646
 scc_cumul=  0.99999963446863394     
   call pgmres
 wAvCumul=  0.99999964275995401     
 it=         647
 scc_cumul=  0.99999964275995401     
   call pgmres
 wAvCumul=  0.99999965086320275     
 it=         648
 scc_cumul=  0.99999965086320275     
   call pgmres
 wAvCumul=  0.99999965878264607     
 it=         649
 scc_cumul=  0.99999965878264607     
   call pgmres
 wAvCumul=  0.99999966652245331     
 it=         650
 scc_cumul=  0.99999966652245331     
   call pgmres
 wAvCumul=  0.99999967408669910     
 it=         651
 scc_cumul=  0.99999967408669910     
   call pgmres
 wAvCumul=  0.99999968147936569     
 it=         652
 scc_cumul=  0.99999968147936569     
   call pgmres
 wAvCumul=  0.99999968870434497     
 it=         653
 scc_cumul=  0.99999968870434497     
   call pgmres
 wAvCumul=  0.99999969576544057     
 it=         654
 scc_cumul=  0.99999969576544057     
   call pgmres
 wAvCumul=  0.99999970266636984     
 it=         655
 scc_cumul=  0.99999970266636984     
   call pgmres
 wAvCumul=  0.99999970941076588     
 it=         656
 scc_cumul=  0.99999970941076588     
   call pgmres
 wAvCumul=  0.99999971600217930     
 it=         657
 scc_cumul=  0.99999971600217930     
   call pgmres
 wAvCumul=  0.99999972244408020     
 it=         658
 scc_cumul=  0.99999972244408020     
   call pgmres
 wAvCumul=  0.99999972873985998     
 it=         659
 scc_cumul=  0.99999972873985998     
   call pgmres
 wAvCumul=  0.99999973489283311     
 it=         660
 scc_cumul=  0.99999973489283311     
   call pgmres
 wAvCumul=  0.99999974090623878     
 it=         661
 scc_cumul=  0.99999974090623878     
   call pgmres
 wAvCumul=  0.99999974678324277     
 it=         662
 scc_cumul=  0.99999974678324277     
   call pgmres
 wAvCumul=  0.99999975252693918     
 it=         663
 scc_cumul=  0.99999975252693918     
   call pgmres
 wAvCumul=  0.99999975814035180     
 it=         664
 scc_cumul=  0.99999975814035180     
   call pgmres
 wAvCumul=  0.99999976362643572     
 it=         665
 scc_cumul=  0.99999976362643572     
   call pgmres
 wAvCumul=  0.99999976898807930     
 it=         666
 scc_cumul=  0.99999976898807930     
   call pgmres
 wAvCumul=  0.99999977422810504     
 it=         667
 scc_cumul=  0.99999977422810504     
   call pgmres
 wAvCumul=  0.99999977934927176     
 it=         668
 scc_cumul=  0.99999977934927176     
   call pgmres
 wAvCumul=  0.99999978435427539     
 it=         669
 scc_cumul=  0.99999978435427539     
   call pgmres
 wAvCumul=  0.99999978924575095     
 it=         670
 scc_cumul=  0.99999978924575095     
   call pgmres
 wAvCumul=  0.99999979402627348     
 it=         671
 scc_cumul=  0.99999979402627348     
   call pgmres
 wAvCumul=  0.99999979869835987     
 it=         672
 scc_cumul=  0.99999979869835987     
   call pgmres
 wAvCumul=  0.99999980326446958     
 it=         673
 scc_cumul=  0.99999980326446958     
   call pgmres
 wAvCumul=  0.99999980772700658     
 it=         674
 scc_cumul=  0.99999980772700658     
   call pgmres
 wAvCumul=  0.99999981208832023     
 it=         675
 scc_cumul=  0.99999981208832023     
   call pgmres
 wAvCumul=  0.99999981635070656     
 it=         676
 scc_cumul=  0.99999981635070656     
   call pgmres
 wAvCumul=  0.99999982051640945     
 it=         677
 scc_cumul=  0.99999982051640945     
   call pgmres
 wAvCumul=  0.99999982458762204     
 it=         678
 scc_cumul=  0.99999982458762204     
   call pgmres
 wAvCumul=  0.99999982856648761     
 it=         679
 scc_cumul=  0.99999982856648761     
   call pgmres
 wAvCumul=  0.99999983245510093     
 it=         680
 scc_cumul=  0.99999983245510093     
   call pgmres
 wAvCumul=  0.99999983625550914     
 it=         681
 scc_cumul=  0.99999983625550914     
   call pgmres
 wAvCumul=  0.99999983996971298     
 it=         682
 scc_cumul=  0.99999983996971298     
   call pgmres
 wAvCumul=  0.99999984359966776     
 it=         683
 scc_cumul=  0.99999984359966776     
   call pgmres
 wAvCumul=  0.99999984714728463     
 it=         684
 scc_cumul=  0.99999984714728463     
   call pgmres
 wAvCumul=  0.99999985061443109     
 it=         685
 scc_cumul=  0.99999985061443109     
   call pgmres
 wAvCumul=  0.99999985400293256     
 it=         686
 scc_cumul=  0.99999985400293256     
   call pgmres
 wAvCumul=  0.99999985731457297     
 it=         687
 scc_cumul=  0.99999985731457297     
   call pgmres
 wAvCumul=  0.99999986055109569     
 it=         688
 scc_cumul=  0.99999986055109569     
   call pgmres
 wAvCumul=  0.99999986371420457     
 it=         689
 scc_cumul=  0.99999986371420457     
   call pgmres
 wAvCumul=  0.99999986680556485     
 it=         690
 scc_cumul=  0.99999986680556485     
   call pgmres
 wAvCumul=  0.99999986982680411     
 it=         691
 scc_cumul=  0.99999986982680411     
   call pgmres
 wAvCumul=  0.99999987277951274     
 it=         692
 scc_cumul=  0.99999987277951274     
   call pgmres
 wAvCumul=  0.99999987566524540     
 it=         693
 scc_cumul=  0.99999987566524540     
   call pgmres
 wAvCumul=  0.99999987848552119     
 it=         694
 scc_cumul=  0.99999987848552119     
   call pgmres
 wAvCumul=  0.99999988124182482     
 it=         695
 scc_cumul=  0.99999988124182482     
   call pgmres
 wAvCumul=  0.99999988393560746     
 it=         696
 scc_cumul=  0.99999988393560746     
   call pgmres
 wAvCumul=  0.99999988656828720     
 it=         697
 scc_cumul=  0.99999988656828720     
   call pgmres
 wAvCumul=  0.99999988914125004     
 it=         698
 scc_cumul=  0.99999988914125004     
   call pgmres
 wAvCumul=  0.99999989165585057     
 it=         699
 scc_cumul=  0.99999989165585057     
   call pgmres
 wAvCumul=  0.99999989411341261     
 it=         700
 scc_cumul=  0.99999989411341261     
   call pgmres
 wAvCumul=  0.99999989651523002     
 procid=           0  call outputsol
 procid=           3  call outputsol
 procid=           1  call outputsol
 procid=           2  call outputsol
 call sccout
 it=         701
 scc_cumul=  0.99999989651523002     
   call pgmres
 wAvCumul=  0.99999989886256713     
 it=         702
 scc_cumul=  0.99999989886256713     
   call pgmres
 wAvCumul=  0.99999990115665982     
 it=         703
 scc_cumul=  0.99999990115665982     
   call pgmres
 wAvCumul=  0.99999990339871581     
 it=         704
 scc_cumul=  0.99999990339871581     
   call pgmres
 wAvCumul=  0.99999990558991536     
 it=         705
 scc_cumul=  0.99999990558991536     
   call pgmres
 wAvCumul=  0.99999990773141212     
 it=         706
 scc_cumul=  0.99999990773141212     
   call pgmres
 wAvCumul=  0.99999990982433351     
 it=         707
 scc_cumul=  0.99999990982433351     
   call pgmres
 wAvCumul=  0.99999991186978132     
 it=         708
 scc_cumul=  0.99999991186978132     
   call pgmres
 wAvCumul=  0.99999991386883236     
 it=         709
 scc_cumul=  0.99999991386883236     
   call pgmres
 wAvCumul=  0.99999991582253911     
 it=         710
 scc_cumul=  0.99999991582253911     
   call pgmres
 wAvCumul=  0.99999991773193009     
 it=         711
 scc_cumul=  0.99999991773193009     
   call pgmres
 wAvCumul=  0.99999991959801049     
 it=         712
 scc_cumul=  0.99999991959801049     
   call pgmres
 wAvCumul=  0.99999992142176264     
 it=         713
 scc_cumul=  0.99999992142176264     
   call pgmres
 wAvCumul=  0.99999992320414677     
 it=         714
 scc_cumul=  0.99999992320414677     
   call pgmres
 wAvCumul=  0.99999992494610124     
 it=         715
 scc_cumul=  0.99999992494610124     
   call pgmres
 wAvCumul=  0.99999992664854309     
 it=         716
 scc_cumul=  0.99999992664854309     
   call pgmres
 wAvCumul=  0.99999992831236861     
 it=         717
 scc_cumul=  0.99999992831236861     
   call pgmres
 wAvCumul=  0.99999992993845366     
 it=         718
 scc_cumul=  0.99999992993845366     
   call pgmres
 wAvCumul=  0.99999993152765432     
 it=         719
 scc_cumul=  0.99999993152765432     
   call pgmres
 wAvCumul=  0.99999993308080737     
 it=         720
 scc_cumul=  0.99999993308080737     
   call pgmres
 wAvCumul=  0.99999993459873027     
 it=         721
 scc_cumul=  0.99999993459873027     
   call pgmres
 wAvCumul=  0.99999993608222226     
 it=         722
 scc_cumul=  0.99999993608222226     
   call pgmres
 wAvCumul=  0.99999993753206440     
 it=         723
 scc_cumul=  0.99999993753206440     
   call pgmres
 wAvCumul=  0.99999993894901984     
 it=         724
 scc_cumul=  0.99999993894901984     
   call pgmres
 wAvCumul=  0.99999994033383455     
 it=         725
 scc_cumul=  0.99999994033383455     
   call pgmres
 wAvCumul=  0.99999994168723760     
 it=         726
 scc_cumul=  0.99999994168723760     
   call pgmres
 wAvCumul=  0.99999994300994155     
 it=         727
 scc_cumul=  0.99999994300994155     
   call pgmres
 wAvCumul=  0.99999994430264272     
 it=         728
 scc_cumul=  0.99999994430264272     
   call pgmres
 wAvCumul=  0.99999994556602168     
 it=         729
 scc_cumul=  0.99999994556602168     
   call pgmres
 wAvCumul=  0.99999994680074344     
 it=         730
 scc_cumul=  0.99999994680074344     
   call pgmres
 wAvCumul=  0.99999994800745817     
 it=         731
 scc_cumul=  0.99999994800745817     
   call pgmres
 wAvCumul=  0.99999994918680102     
 it=         732
 scc_cumul=  0.99999994918680102     
   call pgmres
 wAvCumul=  0.99999995033939293     
 it=         733
 scc_cumul=  0.99999995033939293     
   call pgmres
 wAvCumul=  0.99999995146584064     
 it=         734
 scc_cumul=  0.99999995146584064     
   call pgmres
 wAvCumul=  0.99999995256673724     
 it=         735
 scc_cumul=  0.99999995256673724     
   call pgmres
 wAvCumul=  0.99999995364266236     
 it=         736
 scc_cumul=  0.99999995364266236     
   call pgmres
 wAvCumul=  0.99999995469418235     
 it=         737
 scc_cumul=  0.99999995469418235     
   call pgmres
 wAvCumul=  0.99999995572185074     
 it=         738
 scc_cumul=  0.99999995572185074     
   call pgmres
 wAvCumul=  0.99999995672620867     
 it=         739
 scc_cumul=  0.99999995672620867     
   call pgmres
 wAvCumul=  0.99999995770778483     
 it=         740
 scc_cumul=  0.99999995770778483     
   call pgmres
 wAvCumul=  0.99999995866709590     
 it=         741
 scc_cumul=  0.99999995866709590     
   call pgmres
 wAvCumul=  0.99999995960464705     
 it=         742
 scc_cumul=  0.99999995960464705     
   call pgmres
 wAvCumul=  0.99999996052093176     
 it=         743
 scc_cumul=  0.99999996052093176     
   call pgmres
 wAvCumul=  0.99999996141643244     
 it=         744
 scc_cumul=  0.99999996141643244     
   call pgmres
 wAvCumul=  0.99999996229162058     
 it=         745
 scc_cumul=  0.99999996229162058     
   call pgmres
 wAvCumul=  0.99999996314695683     
 it=         746
 scc_cumul=  0.99999996314695683     
   call pgmres
 wAvCumul=  0.99999996398289159     
 it=         747
 scc_cumul=  0.99999996398289159     
   call pgmres
 wAvCumul=  0.99999996479986497     
 it=         748
 scc_cumul=  0.99999996479986497     
   call pgmres
 wAvCumul=  0.99999996559830695     
 it=         749
 scc_cumul=  0.99999996559830695     
   call pgmres
 wAvCumul=  0.99999996637863797     
 it=         750
 scc_cumul=  0.99999996637863797     
   call pgmres
 wAvCumul=  0.99999996714126882     
 it=         751
 scc_cumul=  0.99999996714126882     
   call pgmres
 wAvCumul=  0.99999996788660095     
 it=         752
 scc_cumul=  0.99999996788660095     
   call pgmres
 wAvCumul=  0.99999996861502671     
 it=         753
 scc_cumul=  0.99999996861502671     
   call pgmres
 wAvCumul=  0.99999996932692969     
 it=         754
 scc_cumul=  0.99999996932692969     
   call pgmres
 wAvCumul=  0.99999997002268459     
 it=         755
 scc_cumul=  0.99999997002268459     
   call pgmres
 wAvCumul=  0.99999997070265778     
 it=         756
 scc_cumul=  0.99999997070265778     
   call pgmres
 wAvCumul=  0.99999997136720720     
 it=         757
 scc_cumul=  0.99999997136720720     
   call pgmres
 wAvCumul=  0.99999997201668267     
 it=         758
 scc_cumul=  0.99999997201668267     
   call pgmres
 wAvCumul=  0.99999997265142615     
 it=         759
 scc_cumul=  0.99999997265142615     
   call pgmres
 wAvCumul=  0.99999997327177181     
 it=         760
 scc_cumul=  0.99999997327177181     
   call pgmres
 wAvCumul=  0.99999997387804618     
 it=         761
 scc_cumul=  0.99999997387804618     
   call pgmres
 wAvCumul=  0.99999997447056843     
 it=         762
 scc_cumul=  0.99999997447056843     
   call pgmres
 wAvCumul=  0.99999997504965055     
 it=         763
 scc_cumul=  0.99999997504965055     
   call pgmres
 wAvCumul=  0.99999997561559739     
 it=         764
 scc_cumul=  0.99999997561559739     
   call pgmres
 wAvCumul=  0.99999997616870695     
 it=         765
 scc_cumul=  0.99999997616870695     
   call pgmres
 wAvCumul=  0.99999997670927032     
 it=         766
 scc_cumul=  0.99999997670927032     
   call pgmres
 wAvCumul=  0.99999997723757217     
 it=         767
 scc_cumul=  0.99999997723757217     
   call pgmres
 wAvCumul=  0.99999997775389060     
 it=         768
 scc_cumul=  0.99999997775389060     
   call pgmres
 wAvCumul=  0.99999997825849740     
 it=         769
 scc_cumul=  0.99999997825849740     
   call pgmres
 wAvCumul=  0.99999997875165825     
 it=         770
 scc_cumul=  0.99999997875165825     
   call pgmres
 wAvCumul=  0.99999997923363282     
 it=         771
 scc_cumul=  0.99999997923363282     
   call pgmres
 wAvCumul=  0.99999997970467469     
 it=         772
 scc_cumul=  0.99999997970467469     
   call pgmres
 wAvCumul=  0.99999998016503200     
 it=         773
 scc_cumul=  0.99999998016503200     
   call pgmres
 wAvCumul=  0.99999998061494710     
 it=         774
 scc_cumul=  0.99999998061494710     
   call pgmres
 wAvCumul=  0.99999998105465682     
 it=         775
 scc_cumul=  0.99999998105465682     
   call pgmres
 wAvCumul=  0.99999998148439262     
 it=         776
 scc_cumul=  0.99999998148439262     
   call pgmres
 wAvCumul=  0.99999998190438077     
 it=         777
 scc_cumul=  0.99999998190438077     
   call pgmres
 wAvCumul=  0.99999998231484233     
 it=         778
 scc_cumul=  0.99999998231484233     
   call pgmres
 wAvCumul=  0.99999998271599344     
 it=         779
 scc_cumul=  0.99999998271599344     
   call pgmres
 wAvCumul=  0.99999998310804528     
 it=         780
 scc_cumul=  0.99999998310804528     
   call pgmres
 wAvCumul=  0.99999998349120423     
 it=         781
 scc_cumul=  0.99999998349120423     
   call pgmres
 wAvCumul=  0.99999998386567202     
 it=         782
 scc_cumul=  0.99999998386567202     
   call pgmres
 wAvCumul=  0.99999998423164571     
 it=         783
 scc_cumul=  0.99999998423164571     
   call pgmres
 wAvCumul=  0.99999998458931805     
 it=         784
 scc_cumul=  0.99999998458931805     
   call pgmres
 wAvCumul=  0.99999998493887732     
 it=         785
 scc_cumul=  0.99999998493887732     
   call pgmres
 wAvCumul=  0.99999998528050760     
 it=         786
 scc_cumul=  0.99999998528050760     
   call pgmres
 wAvCumul=  0.99999998561438874     
 it=         787
 scc_cumul=  0.99999998561438874     
   call pgmres
 wAvCumul=  0.99999998594069650     
 it=         788
 scc_cumul=  0.99999998594069650     
   call pgmres
 wAvCumul=  0.99999998625960262     
 it=         789
 scc_cumul=  0.99999998625960262     
   call pgmres
 wAvCumul=  0.99999998657127498     
 it=         790
 scc_cumul=  0.99999998657127498     
   call pgmres
 wAvCumul=  0.99999998687587777     
 it=         791
 scc_cumul=  0.99999998687587777     
   call pgmres
 wAvCumul=  0.99999998717357119     
 it=         792
 scc_cumul=  0.99999998717357119     
   call pgmres
 wAvCumul=  0.99999998746451213     
 it=         793
 scc_cumul=  0.99999998746451213     
   call pgmres
 wAvCumul=  0.99999998774885368     
 it=         794
 scc_cumul=  0.99999998774885368     
   call pgmres
 wAvCumul=  0.99999998802674550     
 it=         795
 scc_cumul=  0.99999998802674550     
   call pgmres
 wAvCumul=  0.99999998829833392     
 it=         796
 scc_cumul=  0.99999998829833392     
   call pgmres
 wAvCumul=  0.99999998856376193     
 it=         797
 scc_cumul=  0.99999998856376193     
   call pgmres
 wAvCumul=  0.99999998882316921     
 it=         798
 scc_cumul=  0.99999998882316921     
   call pgmres
 wAvCumul=  0.99999998907669241     
 it=         799
 scc_cumul=  0.99999998907669241     
   call pgmres
 wAvCumul=  0.99999998932446499     
 it=         800
 scc_cumul=  0.99999998932446499     
   call pgmres
 wAvCumul=  0.99999998956661729     
 procid=           0  call outputsol
 procid=           3  call outputsol
 procid=           1  call outputsol
 procid=           2  call outputsol
 call sccout
 it=         801
 scc_cumul=  0.99999998956661729     
   call pgmres
 wAvCumul=  0.99999998980327687     
 it=         802
 scc_cumul=  0.99999998980327687     
   call pgmres
 wAvCumul=  0.99999999003456841     
 it=         803
 scc_cumul=  0.99999999003456841     
   call pgmres
 wAvCumul=  0.99999999026061348     
 it=         804
 scc_cumul=  0.99999999026061348     
   call pgmres
 wAvCumul=  0.99999999048153121     
 it=         805
 scc_cumul=  0.99999999048153121     
   call pgmres
 wAvCumul=  0.99999999069743795     
 it=         806
 scc_cumul=  0.99999999069743795     
   call pgmres
 wAvCumul=  0.99999999090844727     
 it=         807
 scc_cumul=  0.99999999090844727     
   call pgmres
 wAvCumul=  0.99999999111467031     
 it=         808
 scc_cumul=  0.99999999111467031     
   call pgmres
 wAvCumul=  0.99999999131621553     
 it=         809
 scc_cumul=  0.99999999131621553     
   call pgmres
 wAvCumul=  0.99999999151318919     
 it=         810
 scc_cumul=  0.99999999151318919     
   call pgmres
 wAvCumul=  0.99999999170569487     
 it=         811
 scc_cumul=  0.99999999170569487     
   call pgmres
 wAvCumul=  0.99999999189383393     
 it=         812
 scc_cumul=  0.99999999189383393     
   call pgmres
 wAvCumul=  0.99999999207770551     
 it=         813
 scc_cumul=  0.99999999207770551     
   call pgmres
 wAvCumul=  0.99999999225740632     
 it=         814
 scc_cumul=  0.99999999225740632     
   call pgmres
 wAvCumul=  0.99999999243303095     
 it=         815
 scc_cumul=  0.99999999243303095     
   call pgmres
 wAvCumul=  0.99999999260467198     
 it=         816
 scc_cumul=  0.99999999260467198     
   call pgmres
 wAvCumul=  0.99999999277241969     
 it=         817
 scc_cumul=  0.99999999277241969     
   call pgmres
 wAvCumul=  0.99999999293636233     
 it=         818
 scc_cumul=  0.99999999293636233     
   call pgmres
 wAvCumul=  0.99999999309658627     
 it=         819
 scc_cumul=  0.99999999309658627     
   call pgmres
 wAvCumul=  0.99999999325317590     
 it=         820
 scc_cumul=  0.99999999325317590     
   call pgmres
 wAvCumul=  0.99999999340621359     
 it=         821
 scc_cumul=  0.99999999340621359     
   call pgmres
 wAvCumul=  0.99999999355577995     
 it=         822
 scc_cumul=  0.99999999355577995     
   call pgmres
 wAvCumul=  0.99999999370195369     
 it=         823
 scc_cumul=  0.99999999370195369     
   call pgmres
 wAvCumul=  0.99999999384481175     
 it=         824
 scc_cumul=  0.99999999384481175     
   call pgmres
 wAvCumul=  0.99999999398442940     
 it=         825
 scc_cumul=  0.99999999398442940     
   call pgmres
 wAvCumul=  0.99999999412088014     
 it=         826
 scc_cumul=  0.99999999412088014     
   call pgmres
 wAvCumul=  0.99999999425423580     
 it=         827
 scc_cumul=  0.99999999425423580     
   call pgmres
 wAvCumul=  0.99999999438456655     
 it=         828
 scc_cumul=  0.99999999438456655     
   call pgmres
 wAvCumul=  0.99999999451194099     
 it=         829
 scc_cumul=  0.99999999451194099     
   call pgmres
 wAvCumul=  0.99999999463642619     
 it=         830
 scc_cumul=  0.99999999463642619     
   call pgmres
 wAvCumul=  0.99999999475808776     
 it=         831
 scc_cumul=  0.99999999475808776     
   call pgmres
 wAvCumul=  0.99999999487698965     
 it=         832
 scc_cumul=  0.99999999487698965     
   call pgmres
 wAvCumul=  0.99999999499319447     
 it=         833
 scc_cumul=  0.99999999499319447     
   call pgmres
 wAvCumul=  0.99999999510676352     
 it=         834
 scc_cumul=  0.99999999510676352     
   call pgmres
 wAvCumul=  0.99999999521775640     
 it=         835
 scc_cumul=  0.99999999521775640     
   call pgmres
 wAvCumul=  0.99999999532623163     
 it=         836
 scc_cumul=  0.99999999532623163     
   call pgmres
 wAvCumul=  0.99999999543224638     
 it=         837
 scc_cumul=  0.99999999543224638     
   call pgmres
 wAvCumul=  0.99999999553585639     
 it=         838
 scc_cumul=  0.99999999553585639     
   call pgmres
 wAvCumul=  0.99999999563711617     
 it=         839
 scc_cumul=  0.99999999563711617     
   call pgmres
 wAvCumul=  0.99999999573607912     
 it=         840
 scc_cumul=  0.99999999573607912     
   call pgmres
 wAvCumul=  0.99999999583279731     
 it=         841
 scc_cumul=  0.99999999583279731     
   call pgmres
 wAvCumul=  0.99999999592732169     
 it=         842
 scc_cumul=  0.99999999592732169     
   call pgmres
 wAvCumul=  0.99999999601970191     
 it=         843
 scc_cumul=  0.99999999601970191     
   call pgmres
 wAvCumul=  0.99999999610998669     
 it=         844
 scc_cumul=  0.99999999610998669     
   call pgmres
 wAvCumul=  0.99999999619822355     
 it=         845
 scc_cumul=  0.99999999619822355     
   call pgmres
 wAvCumul=  0.99999999628445890     
 it=         846
 scc_cumul=  0.99999999628445890     
   call pgmres
 wAvCumul=  0.99999999636873826     
 it=         847
 scc_cumul=  0.99999999636873826     
   call pgmres
 wAvCumul=  0.99999999645110593     
 it=         848
 scc_cumul=  0.99999999645110593     
   call pgmres
 wAvCumul=  0.99999999653160521     
 it=         849
 scc_cumul=  0.99999999653160521     
   call pgmres
 wAvCumul=  0.99999999661027850     
 it=         850
 scc_cumul=  0.99999999661027850     
   call pgmres
 wAvCumul=  0.99999999668716733     
 it=         851
 scc_cumul=  0.99999999668716733     
   call pgmres
 wAvCumul=  0.99999999676231210     
 it=         852
 scc_cumul=  0.99999999676231210     
   call pgmres
 wAvCumul=  0.99999999683575236     
 it=         853
 scc_cumul=  0.99999999683575236     
   call pgmres
 wAvCumul=  0.99999999690752672     
 it=         854
 scc_cumul=  0.99999999690752672     
   call pgmres
 wAvCumul=  0.99999999697767306     
 it=         855
 scc_cumul=  0.99999999697767306     
   call pgmres
 wAvCumul=  0.99999999704622822     
 it=         856
 scc_cumul=  0.99999999704622822     
   call pgmres
 wAvCumul=  0.99999999711322840     
 it=         857
 scc_cumul=  0.99999999711322840     
   call pgmres
 wAvCumul=  0.99999999717870880     
 it=         858
 scc_cumul=  0.99999999717870880     
   call pgmres
 wAvCumul=  0.99999999724270394     
 it=         859
 scc_cumul=  0.99999999724270394     
   call pgmres
 wAvCumul=  0.99999999730524747     
 it=         860
 scc_cumul=  0.99999999730524747     
   call pgmres
 wAvCumul=  0.99999999736637235     
 it=         861
 scc_cumul=  0.99999999736637235     
   call pgmres
 wAvCumul=  0.99999999742611068     
 it=         862
 scc_cumul=  0.99999999742611068     
   call pgmres
 wAvCumul=  0.99999999748449397     
 it=         863
 scc_cumul=  0.99999999748449397     
   call pgmres
 wAvCumul=  0.99999999754155300     
 it=         864
 scc_cumul=  0.99999999754155300     
   call pgmres
 wAvCumul=  0.99999999759731772     
 it=         865
 scc_cumul=  0.99999999759731772     
   call pgmres
 wAvCumul=  0.99999999765181757     
 it=         866
 scc_cumul=  0.99999999765181757     
   call pgmres
 wAvCumul=  0.99999999770508119     
 it=         867
 scc_cumul=  0.99999999770508119     
   call pgmres
 wAvCumul=  0.99999999775713666     
 it=         868
 scc_cumul=  0.99999999775713666     
   call pgmres
 wAvCumul=  0.99999999780801141     
 it=         869
 scc_cumul=  0.99999999780801141     
   call pgmres
 wAvCumul=  0.99999999785773208     
 it=         870
 scc_cumul=  0.99999999785773208     
   call pgmres
 wAvCumul=  0.99999999790632499     
 it=         871
 scc_cumul=  0.99999999790632499     
   call pgmres
 wAvCumul=  0.99999999795381567     
 it=         872
 scc_cumul=  0.99999999795381567     
   call pgmres
 wAvCumul=  0.99999999800022910     
 i=           1  zforce=  -7.4806037302663015E-013   4.9948954393283696E-010   7.3182306412790917E-014
 i=           2  zforce=   3.0524746645824693E-014  -4.9917692012245639E-010   2.3003771019873385E-013
 procid=           3  call outputsol
 procid=           1  call outputsol
 procid=           2  call outputsol
 procid=           0  call outputsol
 procid=           2  call rdmdump
 procid=           1  call rdmdump
 procid=           3  call rdmdump
 For electrons: nactive=     1492970
 For electrons: nactive=     1492545
 For electrons: nactive=     1493014
 For ions:      nactive=      666036
 For ions:      nactive=      665076
 procid=           0  call rdmdump
 For ions:      nactive=      665483
 For electrons: nactive=     1492075
 For ions:      nactive=      664106
 Simulation time=   1833.1756562779999     
