 call readmesh
 call inigeo
 indlin(nv+1)-1=      281659
 call readinput
e_field=  -0.000000E+00  -0.000000E+00  -0.000000E+00
 call voisinOrdonne
 inj_nstr=           0  inj_ninj=   860000000000.00000     
 call structures
 sc_nst2D=           2
 sc_nst1D=           0
 sc_nstruc=           2
 sc_listBias=           1           2
 sc_nodesBias=           1
 sc_bias=   0.0000000000000000     
 table of structures
i= 0 sc_table=    1
i= 1 sc_table=    2
i= 2 sc_table=    3

structure areas
   0     5.0449E-02
   1     6.2366E-04
   2     6.2366E-04

 call solarview
 f107=   0.0000000000000000       sc_photoel=   0.0000000000000000        0.0000000000000000     
 call sccinit
 call globmat
 procid=           0  call inipop
volmin=  4.31E-10 volmax=  2.01E-07 voltot=  1.06E-03
 procid=           0  netot=    15000000
 procid=           0 i=           1 npepop=    15000000  wepop=   1.7672735109532434     
 procid=           0 nitot=    15000000
 procid=           0 i=           1 npipop=    15000000  wipop=   1.7672735109532434     
 procid=           0  call inikin
 call computemutuals
 call ilut
 write(uprcnd)
   call pgmres
   call pgmres
 sc_c=
   6.896134E-13  -1.514983E-13
  -1.614707E-13   6.998308E-13
 sc_ci=
   1.527514E+12   3.306739E+11
   3.524406E+11   1.505213E+12
 procid=           0  call avancet
 dt_ion=   1.1207075430812045E-006
 dt_kin_elec=   4.7924239283214998E-009
 dt_omp=   3.5220210592577111E-008
 dt=   4.7924239283214998E-009  speedup=   1.0000000000000000       dtloc=   4.7924239283214998E-009
