 call readmesh
 call inigeo
 indlin(nv+1)-1=      281659
 call readinput
e_field=  -0.000000E+00  -0.000000E+00  -0.000000E+00
 call voisinOrdonne
 inj_nstr=           0  inj_ninj=   860000000000.00000     
 call structures
 sc_nst2D=           2
 sc_nst1D=           0
 sc_nstruc=           2
 sc_listBias=           1           2
 sc_nodesBias=           1
 sc_bias=   0.0000000000000000     
 table of structures
i= 0 sc_table=    1
i= 1 sc_table=    2
i= 2 sc_table=    3

structure areas
   0     5.0449E-02
   1     6.2366E-04
   2     6.2366E-04

 call solarview
 f107=   0.0000000000000000       sc_photoel=   0.0000000000000000        0.0000000000000000     
 call sccinit
 call globmat
 procid=           0  call inipop
volmin=  4.31E-10 volmax=  2.01E-07 voltot=  1.06E-03
 procid=           0  netot=    10000000
 procid=           0 i=           1 npepop=    10000000  wepop=   10.603641065719460     
 procid=           0 nitot=    10000000
 procid=           0 i=           1 npipop=    10000000  wipop=   10.603641065719460     
 procid=           0  call inikin
 call computemutuals
   call pgmres
   call pgmres
 sc_c=
   6.896134E-13  -1.514983E-13
  -1.614707E-13   6.998308E-13
 sc_ci=
   1.527514E+12   3.306739E+11
   3.524406E+11   1.505213E+12
 procid=           0  call avancet
 dt_ion=   1.1207075430812045E-006
 dt_kin_elec=   3.1903909386624732E-009
 dt_omp=   3.5220210592577111E-008
 dt=   3.1903909386624732E-009  speedup=   1.0000000000000000       dtloc=   3.1903909386624732E-009
   call pgmres
 wAvCumul=   3.1853070494601778E-003
 it=           1
 scc_cumul=   3.1853070494601778E-003
   call pgmres
 wAvCumul=   6.3604679179210151E-003
 it=           2
 scc_cumul=   6.3604679179210151E-003
   call pgmres
 wAvCumul=   9.5255149240843738E-003
 it=           3
 scc_cumul=   9.5255149240843738E-003
   call pgmres
 wAvCumul=   1.2680480283707126E-002
 it=           4
 scc_cumul=   1.2680480283707126E-002
   call pgmres
 wAvCumul=   1.5825396109929071E-002
 it=           5
 scc_cumul=   1.5825396109929071E-002
