JOB NAME: eta10
============================================
Geometry:           sphere
Radius:             1.87 debye lengths
Temperature:        600.00 K (0.0517 eV)
Density:            1e+11 /m^3
Debye length:       5.35 mm

Last plotted value PTetra: -6.56e-06
Comparsion current: -6.62
Error:              -0.90% with FR Ext.
============================================
JOB NAME: eta20
============================================
Geometry:           sphere
Radius:             1.87 debye lengths
Temperature:        600.00 K (0.0517 eV)
Density:            1e+11 /m^3
Debye length:       5.35 mm

Last plotted value PTetra: -1.13e-05
Comparsion current: -11.3
Error:              -0.12% with FR Ext.
============================================
JOB NAME: eta30
============================================
Geometry:           sphere
Radius:             1.87 debye lengths
Temperature:        600.00 K (0.0517 eV)
Density:            1e+11 /m^3
Debye length:       5.35 mm

Last plotted value PTetra: -1.58e-05
Comparsion current: -15.6
Error:              1.09% with FR Ext.
============================================
JOB NAME: eta40
============================================
Geometry:           sphere
Radius:             1.87 debye lengths
Temperature:        600.00 K (0.0517 eV)
Density:            1e+11 /m^3
Debye length:       5.35 mm

Last plotted value PTetra: -1.95e-05
Comparsion current: -19.6
Error:              -0.84% with FR Ext.
============================================
JOB NAME: eta50
============================================
Geometry:           sphere
Radius:             1.87 debye lengths
Temperature:        600.00 K (0.0517 eV)
Density:            1e+11 /m^3
Debye length:       5.35 mm

Last plotted value PTetra: -2.21e-05
Comparsion current: -23.5
Error:              -5.77% with FR Ext.
============================================
JOB NAME: eta60
============================================
Geometry:           sphere
Radius:             1.87 debye lengths
Temperature:        600.00 K (0.0517 eV)
Density:            1e+11 /m^3
Debye length:       5.35 mm

Last plotted value PTetra: -2.41e-05
Comparsion current: -27.2
Error:              -11.29% with FR Ext.
============================================
JOB NAME: eta70
============================================
Geometry:           sphere
Radius:             1.87 debye lengths
Temperature:        600.00 K (0.0517 eV)
Density:            1e+11 /m^3
Debye length:       5.35 mm

Last plotted value PTetra: -2.58e-05
Comparsion current: -30.8
Error:              -16.23% with FR Ext.
============================================
JOB NAME: eta80
============================================
Geometry:           sphere
Radius:             1.87 debye lengths
Temperature:        600.00 K (0.0517 eV)
Density:            1e+11 /m^3
Debye length:       5.35 mm

Last plotted value PTetra: -2.7e-05
Comparsion current: -34.3
Error:              -21.42% with FR Ext.
============================================
JOB NAME: eta90
============================================
Geometry:           sphere
Radius:             1.87 debye lengths
Temperature:        600.00 K (0.0517 eV)
Density:            1e+11 /m^3
Debye length:       5.35 mm

Last plotted value PTetra: -2.78e-05
Comparsion current: -37.8
Error:              -26.30% with FR Ext.
============================================
JOB NAME: eta100
============================================
Geometry:           sphere
Radius:             1.87 debye lengths
Temperature:        600.00 K (0.0517 eV)
Density:            1e+11 /m^3
Debye length:       5.35 mm

Last plotted value PTetra: -2.85e-05
Comparsion current: -41.1
Error:              -30.75% with FR Ext.
============================================
