 call readmesh
 call inigeo
 indlin(nv+1)-1=     3658874
 call readinput
e_field=  -0.000000E+00  -0.000000E+00  -0.000000E+00
 call voisinOrdonne
 inj_nstr=           0  inj_ninj=   860000000000.00000     
 call structures
 sc_nst2D=           2
 sc_nst1D=           0
 sc_nstruc=           2
 sc_listBias=           1           2
 sc_nodesBias=           1
 sc_bias=   0.0000000000000000     
 table of structures
i= 0 sc_table=    1
i= 1 sc_table=    2
i= 2 sc_table=    3

structure areas
   0     3.8113E+00
   1     1.5592E+00
   2     1.5325E+00

 call solarview
 f107=   0.0000000000000000       sc_photoel=   0.0000000000000000        0.0000000000000000     
 call sccinit
 call globmat
 procid=           0  call inipop
volmin=  4.89E-08 volmax=  2.58E-05 voltot=  1.76E-01
 procid=           0  netot=    12500000
 procid=           0 i=           1 npepop=    12500000  wepop=   351.52479815331003     
 procid=           0 nitot=    12500000
 procid=           0 i=           1 npipop=    12500000  wipop=   351.52479815331003     
 procid=           0  call inikin
 call computemutuals
 call ilut
 write(uprcnd)
   call pgmres
   call pgmres
 sc_c=
   2.664479E-10   1.121218E-11
   1.117853E-11   2.592495E-10
 sc_ci=
   3.759901E+09  -1.626105E+08
  -1.621225E+08   3.864299E+09
 procid=           0  call avancet
 dt_ion=   5.5252649041124292E-006
 dt_kin_elec=   2.3654863347938892E-008
 dt_omp=   3.5220210592577111E-008
 dt=   2.3654863347938892E-008  speedup=   1.0000000000000000       dtloc=   2.3654863347938892E-008
   call pgmres
 wAvCumul=   2.3377280106840259E-002
 it=           1
 scc_cumul=   2.3377280106840259E-002
   call pgmres
 wAvCumul=   4.6208062988486849E-002
 it=           2
 scc_cumul=   4.6208062988486849E-002
   call pgmres
 wAvCumul=   6.8505124263650741E-002
 it=           3
 scc_cumul=   6.8505124263650741E-002
   call pgmres
 wAvCumul=   9.0280940891825742E-002
 it=           4
 scc_cumul=   9.0280940891825742E-002
   call pgmres
 wAvCumul=  0.11154769815512870     
 it=           5
 scc_cumul=  0.11154769815512870     
   call pgmres
 wAvCumul=  0.13231729647692325     
 it=           6
 scc_cumul=  0.13231729647692325     
   call pgmres
 wAvCumul=  0.15260135808104264     
 it=           7
 scc_cumul=  0.15260135808104264     
   call pgmres
 wAvCumul=  0.17241123349533813     
 it=           8
 scc_cumul=  0.17241123349533813     
   call pgmres
 wAvCumul=  0.19175800790319203     
 it=           9
 scc_cumul=  0.19175800790319203     
   call pgmres
 wAvCumul=  0.21065250734654967     
 it=          10
 scc_cumul=  0.21065250734654967     
   call pgmres
 wAvCumul=  0.22910530478394142     
 it=          11
 scc_cumul=  0.22910530478394142     
   call pgmres
 wAvCumul=  0.24712672600688448     
 it=          12
 scc_cumul=  0.24712672600688448     
   call pgmres
 wAvCumul=  0.26472685541797547     
 it=          13
 scc_cumul=  0.26472685541797547     
   call pgmres
 wAvCumul=  0.28191554167390670     
 it=          14
 scc_cumul=  0.28191554167390670     
   call pgmres
 wAvCumul=  0.29870240319656444     
 it=          15
 scc_cumul=  0.29870240319656444     
   call pgmres
 wAvCumul=  0.31509683355529228     
 it=          16
 scc_cumul=  0.31509683355529228     
   call pgmres
 wAvCumul=  0.33110800672333207     
 it=          17
 scc_cumul=  0.33110800672333207     
   call pgmres
 wAvCumul=  0.34674488221138344     
 it=          18
 scc_cumul=  0.34674488221138344     
   call pgmres
 wAvCumul=  0.36201621008115487     
 it=          19
 scc_cumul=  0.36201621008115487     
   call pgmres
 wAvCumul=  0.37693053584171121     
 it=          20
 scc_cumul=  0.37693053584171121     
   call pgmres
 wAvCumul=  0.39149620523135842     
 it=          21
 scc_cumul=  0.39149620523135842     
   call pgmres
 wAvCumul=  0.40572136888774019     
 it=          22
 scc_cumul=  0.40572136888774019     
   call pgmres
 wAvCumul=  0.41961398690876106     
 it=          23
 scc_cumul=  0.41961398690876106     
   call pgmres
 wAvCumul=  0.43318183330688720     
 it=          24
 scc_cumul=  0.43318183330688720     
   call pgmres
 wAvCumul=  0.44643250035931775     
 it=          25
 scc_cumul=  0.44643250035931775     
   call pgmres
 wAvCumul=  0.45937340285646117     
 it=          26
 scc_cumul=  0.45937340285646117     
   call pgmres
 wAvCumul=  0.47201178225109358     
 it=          27
 scc_cumul=  0.47201178225109358     
   call pgmres
 wAvCumul=  0.48435471071052111     
 it=          28
 scc_cumul=  0.48435471071052111     
   call pgmres
 wAvCumul=  0.49640909507401393     
 it=          29
 scc_cumul=  0.49640909507401393     
   call pgmres
 wAvCumul=  0.50818168071772585     
 it=          30
 scc_cumul=  0.50818168071772585     
   call pgmres
 wAvCumul=  0.51967905532926295     
 it=          31
 scc_cumul=  0.51967905532926295     
   call pgmres
 wAvCumul=  0.53090765259401285     
 it=          32
 scc_cumul=  0.53090765259401285     
   call pgmres
 wAvCumul=  0.54187375579529784     
 it=          33
 scc_cumul=  0.54187375579529784     
   call pgmres
 wAvCumul=  0.55258350133036582     
 it=          34
 scc_cumul=  0.55258350133036582     
   call pgmres
 wAvCumul=  0.56304288214418763     
 it=          35
 scc_cumul=  0.56304288214418763     
   call pgmres
 wAvCumul=  0.57325775108298060     
 it=          36
 scc_cumul=  0.57325775108298060     
   call pgmres
 wAvCumul=  0.58323382416933667     
 it=          37
 scc_cumul=  0.58323382416933667     
   call pgmres
 wAvCumul=  0.59297668380078672     
 it=          38
 scc_cumul=  0.59297668380078672     
   call pgmres
 wAvCumul=  0.60249178187359076     
 it=          39
 scc_cumul=  0.60249178187359076     
   call pgmres
 wAvCumul=  0.61178444283350275     
 it=          40
 scc_cumul=  0.61178444283350275     
   call pgmres
 wAvCumul=  0.62085986665521697     
 it=          41
 scc_cumul=  0.62085986665521697     
   call pgmres
 wAvCumul=  0.62972313175216277     
 it=          42
 scc_cumul=  0.62972313175216277     
   call pgmres
 wAvCumul=  0.63837919781827601     
 it=          43
 scc_cumul=  0.63837919781827601     
   call pgmres
 wAvCumul=  0.64683290860333842     
 it=          44
 scc_cumul=  0.64683290860333842     
   call pgmres
 wAvCumul=  0.65508899462343628     
 it=          45
 scc_cumul=  0.65508899462343628     
   call pgmres
 wAvCumul=  0.66315207580805613     
 it=          46
 scc_cumul=  0.66315207580805613     
   call pgmres
 wAvCumul=  0.67102666408529887     
 it=          47
 scc_cumul=  0.67102666408529887     
   call pgmres
 wAvCumul=  0.67871716590665854     
 it=          48
 scc_cumul=  0.67871716590665854     
   call pgmres
 wAvCumul=  0.68622788471277807     
 it=          49
 scc_cumul=  0.68622788471277807     
   call pgmres
 wAvCumul=  0.69356302334156328     
 it=          50
 scc_cumul=  0.69356302334156328     
   call pgmres
 wAvCumul=  0.70072668638000080     
 it=          51
 scc_cumul=  0.70072668638000080     
   call pgmres
 wAvCumul=  0.70772288246099779     
 it=          52
 scc_cumul=  0.70772288246099779     
   call pgmres
 wAvCumul=  0.71455552650652687     
 it=          53
 scc_cumul=  0.71455552650652687     
   call pgmres
 wAvCumul=  0.72122844191833335     
 it=          54
 scc_cumul=  0.72122844191833335     
   call pgmres
 wAvCumul=  0.72774536271742873     
 it=          55
 scc_cumul=  0.72774536271742873     
   call pgmres
 wAvCumul=  0.73410993563356963     
 it=          56
 scc_cumul=  0.73410993563356963     
   call pgmres
 wAvCumul=  0.74032572214588943     
 it=          57
 scc_cumul=  0.74032572214588943     
   call pgmres
 wAvCumul=  0.74639620047582644     
 it=          58
 scc_cumul=  0.74639620047582644     
   call pgmres
 wAvCumul=  0.75232476753346200     
 it=          59
 scc_cumul=  0.75232476753346200     
   call pgmres
 wAvCumul=  0.75811474081835906     
 it=          60
 scc_cumul=  0.75811474081835906     
   call pgmres
 wAvCumul=  0.76376936027596398     
 it=          61
 scc_cumul=  0.76376936027596398     
   call pgmres
 wAvCumul=  0.76929179011061088     
 it=          62
 scc_cumul=  0.76929179011061088     
   call pgmres
 wAvCumul=  0.77468512055614280     
 it=          63
 scc_cumul=  0.77468512055614280     
   call pgmres
 wAvCumul=  0.77995236960514081     
 it=          64
 scc_cumul=  0.77995236960514081     
   call pgmres
 wAvCumul=  0.78509648469772786     
 it=          65
 scc_cumul=  0.78509648469772786     
   call pgmres
 wAvCumul=  0.79012034437089373     
 it=          66
 scc_cumul=  0.79012034437089373     
   call pgmres
 wAvCumul=  0.79502675986926252     
 it=          67
 scc_cumul=  0.79502675986926252     
   call pgmres
 wAvCumul=  0.79981847671820538     
 it=          68
 scc_cumul=  0.79981847671820538     
   call pgmres
 wAvCumul=  0.80449817626017783     
 it=          69
 scc_cumul=  0.80449817626017783     
   call pgmres
 wAvCumul=  0.80906847715514174     
 it=          70
 scc_cumul=  0.80906847715514174     
   call pgmres
 wAvCumul=  0.81353193684591152     
 it=          71
 scc_cumul=  0.81353193684591152     
   call pgmres
 wAvCumul=  0.81789105298924458     
 it=          72
 scc_cumul=  0.81789105298924458     
   call pgmres
 wAvCumul=  0.82214826485347670     
 it=          73
 scc_cumul=  0.82214826485347670     
   call pgmres
 wAvCumul=  0.82630595468348456     
 it=          74
 scc_cumul=  0.82630595468348456     
   call pgmres
 wAvCumul=  0.83036644903373891     
 it=          75
 scc_cumul=  0.83036644903373891     
   call pgmres
 wAvCumul=  0.83433202007019514     
 it=          76
 scc_cumul=  0.83433202007019514     
   call pgmres
 wAvCumul=  0.83820488684174854     
 it=          77
 scc_cumul=  0.83820488684174854     
   call pgmres
 wAvCumul=  0.84198721652196695     
 it=          78
 scc_cumul=  0.84198721652196695     
   call pgmres
 wAvCumul=  0.84568112562179443     
 it=          79
 scc_cumul=  0.84568112562179443     
   call pgmres
 wAvCumul=  0.84928868117390599     
 it=          80
 scc_cumul=  0.84928868117390599     
   call pgmres
 wAvCumul=  0.85281190188937495     
 it=          81
 scc_cumul=  0.85281190188937495     
   call pgmres
 wAvCumul=  0.85625275928730016     
 it=          82
 scc_cumul=  0.85625275928730016     
   call pgmres
 wAvCumul=  0.85961317879802635     
 it=          83
 scc_cumul=  0.85961317879802635     
   call pgmres
 wAvCumul=  0.86289504084057378     
 it=          84
 scc_cumul=  0.86289504084057378     
   call pgmres
 wAvCumul=  0.86610018187488058     
 it=          85
 scc_cumul=  0.86610018187488058     
   call pgmres
 wAvCumul=  0.86923039542944647     
 it=          86
 scc_cumul=  0.86923039542944647     
   call pgmres
 wAvCumul=  0.87228743310495305     
 it=          87
 scc_cumul=  0.87228743310495305     
   call pgmres
 wAvCumul=  0.87527300555442211     
 it=          88
 scc_cumul=  0.87527300555442211     
   call pgmres
 wAvCumul=  0.87818878344046070     
 it=          89
 scc_cumul=  0.87818878344046070     
   call pgmres
 wAvCumul=  0.88103639837012804     
 it=          90
 scc_cumul=  0.88103639837012804     
   call pgmres
 wAvCumul=  0.88381744380794813     
 it=          91
 scc_cumul=  0.88381744380794813     
   call pgmres
 wAvCumul=  0.88653347596757848     
 it=          92
 scc_cumul=  0.88653347596757848     
   call pgmres
 wAvCumul=  0.88918601468263392     
 it=          93
 scc_cumul=  0.88918601468263392     
   call pgmres
 wAvCumul=  0.89177654425715325     
 it=          94
 scc_cumul=  0.89177654425715325     
   call pgmres
 wAvCumul=  0.89430651429618402     
 it=          95
 scc_cumul=  0.89430651429618402     
   call pgmres
 wAvCumul=  0.89677734051695046     
 it=          96
 scc_cumul=  0.89677734051695046     
   call pgmres
 wAvCumul=  0.89919040554105867     
 it=          97
 scc_cumul=  0.89919040554105867     
   call pgmres
 wAvCumul=  0.90154705966818227     
 it=          98
 scc_cumul=  0.90154705966818227     
   call pgmres
 wAvCumul=  0.90384862163166124     
 it=          99
 scc_cumul=  0.90384862163166124     
   call pgmres
 wAvCumul=  0.90609637933643672     
 it=         100
 scc_cumul=  0.90609637933643672     
   call pgmres
 wAvCumul=  0.90829159057973530     
 procid=           0  call outputsol
 procid=           1  call outputsol
 procid=           2  call outputsol
 procid=           3  call outputsol
 call sccout
 it=         101
 scc_cumul=  0.90829159057973530     
   call pgmres
 wAvCumul=  0.91043548375490557     
 it=         102
 scc_cumul=  0.91043548375490557     
   call pgmres
 wAvCumul=  0.91252925853880074     
 it=         103
 scc_cumul=  0.91252925853880074     
   call pgmres
 wAvCumul=  0.91457408656309225     
 it=         104
 scc_cumul=  0.91457408656309225     
   call pgmres
 wAvCumul=  0.91657111206988950     
 it=         105
 scc_cumul=  0.91657111206988950     
   call pgmres
 wAvCumul=  0.91852145255203388     
 it=         106
 scc_cumul=  0.91852145255203388     
   call pgmres
 wAvCumul=  0.92042619937842340     
 it=         107
 scc_cumul=  0.92042619937842340     
   call pgmres
 wAvCumul=  0.92228641840471981     
 it=         108
 scc_cumul=  0.92228641840471981     
   call pgmres
 wAvCumul=  0.92410315056977843     
 it=         109
 scc_cumul=  0.92410315056977843     
   call pgmres
 wAvCumul=  0.92587741247813538     
 it=         110
 scc_cumul=  0.92587741247813538     
   call pgmres
 wAvCumul=  0.92761019696887781     
 it=         111
 scc_cumul=  0.92761019696887781     
   call pgmres
 wAvCumul=  0.92930247367121532     
 it=         112
 scc_cumul=  0.92930247367121532     
   call pgmres
 wAvCumul=  0.93095518954706402     
 it=         113
 scc_cumul=  0.93095518954706402     
   call pgmres
 wAvCumul=  0.93256926942094598     
 it=         114
 scc_cumul=  0.93256926942094598     
   call pgmres
 wAvCumul=  0.93414561649750139     
 it=         115
 scc_cumul=  0.93414561649750139     
   call pgmres
 wAvCumul=  0.93568511286690259     
 it=         116
 scc_cumul=  0.93568511286690259     
   call pgmres
 wAvCumul=  0.93718861999845282     
 it=         117
 scc_cumul=  0.93718861999845282     
   call pgmres
 wAvCumul=  0.93865697922264613     
 it=         118
 scc_cumul=  0.93865697922264613     
   call pgmres
 wAvCumul=  0.94009101220195801     
 it=         119
 scc_cumul=  0.94009101220195801     
   call pgmres
 wAvCumul=  0.94149152139063008     
 it=         120
 scc_cumul=  0.94149152139063008     
   call pgmres
 wAvCumul=  0.94285929048370642     
 it=         121
 scc_cumul=  0.94285929048370642     
   call pgmres
 wAvCumul=  0.94419508485557246     
 it=         122
 scc_cumul=  0.94419508485557246     
   call pgmres
 wAvCumul=  0.94549965198824215     
 it=         123
 scc_cumul=  0.94549965198824215     
   call pgmres
 wAvCumul=  0.94677372188963327     
 it=         124
 scc_cumul=  0.94677372188963327     
   call pgmres
 wAvCumul=  0.94801800750206389     
 it=         125
 scc_cumul=  0.94801800750206389     
   call pgmres
 wAvCumul=  0.94923320510119980     
 it=         126
 scc_cumul=  0.94923320510119980     
   call pgmres
 wAvCumul=  0.95041999468567551     
 it=         127
 scc_cumul=  0.95041999468567551     
   call pgmres
 wAvCumul=  0.95157904035760710     
 it=         128
 scc_cumul=  0.95157904035760710     
   call pgmres
 wAvCumul=  0.95271099069420928     
 it=         129
 scc_cumul=  0.95271099069420928     
   call pgmres
 wAvCumul=  0.95381647911072576     
 it=         130
 scc_cumul=  0.95381647911072576     
   call pgmres
 wAvCumul=  0.95489612421487446     
 it=         131
 scc_cumul=  0.95489612421487446     
   call pgmres
 wAvCumul=  0.95595053015300746     
 it=         132
 scc_cumul=  0.95595053015300746     
   call pgmres
 wAvCumul=  0.95698028694817838     
 it=         133
 scc_cumul=  0.95698028694817838     
   call pgmres
 wAvCumul=  0.95798597083030668     
 it=         134
 scc_cumul=  0.95798597083030668     
   call pgmres
 wAvCumul=  0.95896814455862356     
 it=         135
 scc_cumul=  0.95896814455862356     
   call pgmres
 wAvCumul=  0.95992735773658000     
 it=         136
 scc_cumul=  0.95992735773658000     
   call pgmres
 wAvCumul=  0.96086414711939316     
 it=         137
 scc_cumul=  0.96086414711939316     
   call pgmres
 wAvCumul=  0.96177903691440325     
 it=         138
 scc_cumul=  0.96177903691440325     
   call pgmres
 wAvCumul=  0.96267253907440842     
 it=         139
 scc_cumul=  0.96267253907440842     
   call pgmres
 wAvCumul=  0.96354515358414305     
 it=         140
 scc_cumul=  0.96354515358414305     
   call pgmres
 wAvCumul=  0.96439736874005844     
 it=         141
 scc_cumul=  0.96439736874005844     
   call pgmres
 wAvCumul=  0.96522966142356259     
 it=         142
 scc_cumul=  0.96522966142356259     
   call pgmres
 wAvCumul=  0.96604249736787362     
 it=         143
 scc_cumul=  0.96604249736787362     
   call pgmres
 wAvCumul=  0.96683633141863357     
 it=         144
 scc_cumul=  0.96683633141863357     
   call pgmres
 wAvCumul=  0.96761160778843058     
 it=         145
 scc_cumul=  0.96761160778843058     
   call pgmres
 wAvCumul=  0.96836876030537067     
 it=         146
 scc_cumul=  0.96836876030537067     
   call pgmres
 wAvCumul=  0.96910821265583857     
 it=         147
 scc_cumul=  0.96910821265583857     
   call pgmres
 wAvCumul=  0.96983037862158394     
 it=         148
 scc_cumul=  0.96983037862158394     
   call pgmres
 wAvCumul=  0.97053566231126454     
 it=         149
 scc_cumul=  0.97053566231126454     
   call pgmres
 wAvCumul=  0.97122445838657667     
 it=         150
 scc_cumul=  0.97122445838657667     
   call pgmres
 wAvCumul=  0.97189715228309970     
 it=         151
 scc_cumul=  0.97189715228309970     
   call pgmres
 wAvCumul=  0.97255412042597755     
 it=         152
 scc_cumul=  0.97255412042597755     
   call pgmres
 wAvCumul=  0.97319573044055807     
 it=         153
 scc_cumul=  0.97319573044055807     
   call pgmres
 wAvCumul=  0.97382234135810841     
 it=         154
 scc_cumul=  0.97382234135810841     
   call pgmres
 wAvCumul=  0.97443430381672114     
 it=         155
 scc_cumul=  0.97443430381672114     
   call pgmres
 wAvCumul=  0.97503196025752403     
 it=         156
 scc_cumul=  0.97503196025752403     
   call pgmres
 wAvCumul=  0.97561564511630261     
 it=         157
 scc_cumul=  0.97561564511630261     
   call pgmres
 wAvCumul=  0.97618568501064340     
 it=         158
 scc_cumul=  0.97618568501064340     
   call pgmres
 wAvCumul=  0.97674239892270209     
 it=         159
 scc_cumul=  0.97674239892270209     
   call pgmres
 wAvCumul=  0.97728609837769920     
 it=         160
 scc_cumul=  0.97728609837769920     
   call pgmres
 wAvCumul=  0.97781708761824293     
 it=         161
 scc_cumul=  0.97781708761824293     
   call pgmres
 wAvCumul=  0.97833566377457681     
 it=         162
 scc_cumul=  0.97833566377457681     
   call pgmres
 wAvCumul=  0.97884211703084734     
 it=         163
 scc_cumul=  0.97884211703084734     
   call pgmres
 wAvCumul=  0.97933673078748495     
 it=         164
 scc_cumul=  0.97933673078748495     
   call pgmres
 wAvCumul=  0.97981978181978902     
 it=         165
 scc_cumul=  0.97981978181978902     
   call pgmres
 wAvCumul=  0.98029154043280498     
 it=         166
 scc_cumul=  0.98029154043280498     
   call pgmres
 wAvCumul=  0.98075227061258163     
 it=         167
 scc_cumul=  0.98075227061258163     
   call pgmres
 wAvCumul=  0.98120223017389196     
 it=         168
 scc_cumul=  0.98120223017389196     
   call pgmres
 wAvCumul=  0.98164167090450083     
 it=         169
 scc_cumul=  0.98164167090450083     
   call pgmres
 wAvCumul=  0.98207083870605982     
 it=         170
 scc_cumul=  0.98207083870605982     
   call pgmres
 wAvCumul=  0.98248997373170899     
 it=         171
 scc_cumul=  0.98248997373170899     
   call pgmres
 wAvCumul=  0.98289931052046098     
 it=         172
 scc_cumul=  0.98289931052046098     
   call pgmres
 wAvCumul=  0.98329907812844430     
 it=         173
 scc_cumul=  0.98329907812844430     
   call pgmres
 wAvCumul=  0.98368950025707813     
 it=         174
 scc_cumul=  0.98368950025707813     
   call pgmres
 wAvCumul=  0.98407079537825093     
 it=         175
 scc_cumul=  0.98407079537825093     
   call pgmres
 wAvCumul=  0.98444317685657268     
 it=         176
 scc_cumul=  0.98444317685657268     
   call pgmres
 wAvCumul=  0.98480685306876914     
 it=         177
 scc_cumul=  0.98480685306876914     
   call pgmres
 wAvCumul=  0.98516202752028492     
 it=         178
 scc_cumul=  0.98516202752028492     
   call pgmres
 wAvCumul=  0.98550889895916083     
 it=         179
 scc_cumul=  0.98550889895916083     
   call pgmres
 wAvCumul=  0.98584766148724901     
 it=         180
 scc_cumul=  0.98584766148724901     
   call pgmres
 wAvCumul=  0.98617850466882839     
 it=         181
 scc_cumul=  0.98617850466882839     
   call pgmres
 wAvCumul=  0.98650161363668054     
 it=         182
 scc_cumul=  0.98650161363668054     
   call pgmres
 wAvCumul=  0.98681716919568618     
 it=         183
 scc_cumul=  0.98681716919568618     
   call pgmres
 wAvCumul=  0.98712534792399975     
 it=         184
 scc_cumul=  0.98712534792399975     
   call pgmres
 wAvCumul=  0.98742632227185856     
 it=         185
 scc_cumul=  0.98742632227185856     
   call pgmres
 wAvCumul=  0.98772026065808249     
 it=         186
 scc_cumul=  0.98772026065808249     
   call pgmres
 wAvCumul=  0.98800732756431753     
 it=         187
 scc_cumul=  0.98800732756431753     
   call pgmres
 wAvCumul=  0.98828768362707609     
 it=         188
 scc_cumul=  0.98828768362707609     
   call pgmres
 wAvCumul=  0.98856148572762581     
 it=         189
 scc_cumul=  0.98856148572762581     
   call pgmres
 wAvCumul=  0.98882888707977723     
 it=         190
 scc_cumul=  0.98882888707977723     
   call pgmres
 wAvCumul=  0.98909003731561840     
 it=         191
 scc_cumul=  0.98909003731561840     
   call pgmres
 wAvCumul=  0.98934508256924636     
 it=         192
 scc_cumul=  0.98934508256924636     
   call pgmres
 wAvCumul=  0.98959416555854030     
 it=         193
 scc_cumul=  0.98959416555854030     
   call pgmres
 wAvCumul=  0.98983742566502375     
 it=         194
 scc_cumul=  0.98983742566502375     
   call pgmres
 wAvCumul=  0.99007499901185902     
 it=         195
 scc_cumul=  0.99007499901185902     
   call pgmres
 wAvCumul=  0.99030701854001946     
 it=         196
 scc_cumul=  0.99030701854001946     
   call pgmres
 wAvCumul=  0.99053361408267981     
 it=         197
 scc_cumul=  0.99053361408267981     
   call pgmres
 wAvCumul=  0.99075491243786851     
 it=         198
 scc_cumul=  0.99075491243786851     
   call pgmres
 wAvCumul=  0.99097103743942072     
 it=         199
 scc_cumul=  0.99097103743942072     
   call pgmres
 wAvCumul=  0.99118211002627354     
 it=         200
 scc_cumul=  0.99118211002627354     
   call pgmres
 wAvCumul=  0.99138824831014061     
 procid=           0  call outputsol
 procid=           1  call outputsol
 procid=           2  call outputsol
 procid=           3  call outputsol
 call sccout
 it=         201
 scc_cumul=  0.99138824831014061     
   call pgmres
 wAvCumul=  0.99158956764160500     
 it=         202
 scc_cumul=  0.99158956764160500     
   call pgmres
 wAvCumul=  0.99178618067466684     
 it=         203
 scc_cumul=  0.99178618067466684     
   call pgmres
 wAvCumul=  0.99197819742978210     
 it=         204
 scc_cumul=  0.99197819742978210     
   call pgmres
 wAvCumul=  0.99216572535542791     
 it=         205
 scc_cumul=  0.99216572535542791     
   call pgmres
 wAvCumul=  0.99234886938822797     
 it=         206
 scc_cumul=  0.99234886938822797     
   call pgmres
 wAvCumul=  0.99252773201167344     
 it=         207
 scc_cumul=  0.99252773201167344     
   call pgmres
 wAvCumul=  0.99270241331346987     
 it=         208
 scc_cumul=  0.99270241331346987     
   call pgmres
 wAvCumul=  0.99287301104154480     
 it=         209
 scc_cumul=  0.99287301104154480     
   call pgmres
 wAvCumul=  0.99303962065874496     
 it=         210
 scc_cumul=  0.99303962065874496     
   call pgmres
 wAvCumul=  0.99320233539625535     
 it=         211
 scc_cumul=  0.99320233539625535     
   call pgmres
 wAvCumul=  0.99336124630576950     
 it=         212
 scc_cumul=  0.99336124630576950     
   call pgmres
 wAvCumul=  0.99351644231043990     
 it=         213
 scc_cumul=  0.99351644231043990     
   call pgmres
 wAvCumul=  0.99366801025463758     
 it=         214
 scc_cumul=  0.99366801025463758     
   call pgmres
 wAvCumul=  0.99381603495254855     
 it=         215
 scc_cumul=  0.99381603495254855     
   call pgmres
 wAvCumul=  0.99396059923563373     
 it=         216
 scc_cumul=  0.99396059923563373     
   call pgmres
 wAvCumul=  0.99410178399897975     
 it=         217
 scc_cumul=  0.99410178399897975     
   call pgmres
 wAvCumul=  0.99423966824656629     
 it=         218
 scc_cumul=  0.99423966824656629     
   call pgmres
 wAvCumul=  0.99437432913547463     
 it=         219
 scc_cumul=  0.99437432913547463     
   call pgmres
 wAvCumul=  0.99450584201906356     
 it=         220
 scc_cumul=  0.99450584201906356     
   call pgmres
 wAvCumul=  0.99463428048913516     
 it=         221
 scc_cumul=  0.99463428048913516     
   call pgmres
 wAvCumul=  0.99475971641711536     
 it=         222
 scc_cumul=  0.99475971641711536     
   call pgmres
 wAvCumul=  0.99488221999427173     
 it=         223
 scc_cumul=  0.99488221999427173     
   call pgmres
 wAvCumul=  0.99500185977099087     
 it=         224
 scc_cumul=  0.99500185977099087     
   call pgmres
 wAvCumul=  0.99511870269513769     
 it=         225
 scc_cumul=  0.99511870269513769     
   call pgmres
 wAvCumul=  0.99523281414951825     
 it=         226
 scc_cumul=  0.99523281414951825     
   call pgmres
 wAvCumul=  0.99534425798846637     
 it=         227
 scc_cumul=  0.99534425798846637     
   call pgmres
 wAvCumul=  0.99545309657357517     
 it=         228
 scc_cumul=  0.99545309657357517     
   call pgmres
 wAvCumul=  0.99555939080859346     
 it=         229
 scc_cumul=  0.99555939080859346     
   call pgmres
 wAvCumul=  0.99566320017350596     
 it=         230
 scc_cumul=  0.99566320017350596     
   call pgmres
 wAvCumul=  0.99576458275781721     
 it=         231
 scc_cumul=  0.99576458275781721     
   call pgmres
 wAvCumul=  0.99586359529305701     
 it=         232
 scc_cumul=  0.99586359529305701     
   call pgmres
 wAvCumul=  0.99596029318452650     
 it=         233
 scc_cumul=  0.99596029318452650     
   call pgmres
 wAvCumul=  0.99605473054230131     
 it=         234
 scc_cumul=  0.99605473054230131     
   call pgmres
 wAvCumul=  0.99614696021151095     
 it=         235
 scc_cumul=  0.99614696021151095     
   call pgmres
 wAvCumul=  0.99623703380190920     
 it=         236
 scc_cumul=  0.99623703380190920     
   call pgmres
 wAvCumul=  0.99632500171675453     
 it=         237
 scc_cumul=  0.99632500171675453     
   call pgmres
 wAvCumul=  0.99641091318101416     
 it=         238
 scc_cumul=  0.99641091318101416     
   call pgmres
 wAvCumul=  0.99649481626890934     
 it=         239
 scc_cumul=  0.99649481626890934     
   call pgmres
 wAvCumul=  0.99657675793081701     
 it=         240
 scc_cumul=  0.99657675793081701     
   call pgmres
 wAvCumul=  0.99665678401954183     
 it=         241
 scc_cumul=  0.99665678401954183     
   call pgmres
 wAvCumul=  0.99673493931597468     
 it=         242
 scc_cumul=  0.99673493931597468     
   call pgmres
 wAvCumul=  0.99681126755415095     
 it=         243
 scc_cumul=  0.99681126755415095     
   call pgmres
 wAvCumul=  0.99688581144572330     
 it=         244
 scc_cumul=  0.99688581144572330     
   call pgmres
 wAvCumul=  0.99695861270386210     
 it=         245
 scc_cumul=  0.99695861270386210     
   call pgmres
 wAvCumul=  0.99702971206659730     
 it=         246
 scc_cumul=  0.99702971206659730     
   call pgmres
 wAvCumul=  0.99709914931961441     
 it=         247
 scc_cumul=  0.99709914931961441     
   call pgmres
 wAvCumul=  0.99716696331851795     
 it=         248
 scc_cumul=  0.99716696331851795     
   call pgmres
 wAvCumul=  0.99723319201057392     
 it=         249
 scc_cumul=  0.99723319201057392     
   call pgmres
 wAvCumul=  0.99729787245594459     
 it=         250
 scc_cumul=  0.99729787245594459     
   call pgmres
 wAvCumul=  0.99736104084842636     
 it=         251
 scc_cumul=  0.99736104084842636     
   call pgmres
 wAvCumul=  0.99742273253570324     
 it=         252
 scc_cumul=  0.99742273253570324     
   call pgmres
 wAvCumul=  0.99748298203912633     
 it=         253
 scc_cumul=  0.99748298203912633     
   call pgmres
 wAvCumul=  0.99754182307303163     
 it=         254
 scc_cumul=  0.99754182307303163     
   call pgmres
 wAvCumul=  0.99759928856360558     
 it=         255
 scc_cumul=  0.99759928856360558     
   call pgmres
 wAvCumul=  0.99765541066730989     
 it=         256
 scc_cumul=  0.99765541066730989     
   call pgmres
 wAvCumul=  0.99771022078887572     
 it=         257
 scc_cumul=  0.99771022078887572     
   call pgmres
 wAvCumul=  0.99776374959887704     
 it=         258
 scc_cumul=  0.99776374959887704     
   call pgmres
 wAvCumul=  0.99781602705089312     
 it=         259
 scc_cumul=  0.99781602705089312     
   call pgmres
 wAvCumul=  0.99786708239827016     
 it=         260
 scc_cumul=  0.99786708239827016     
   call pgmres
 wAvCumul=  0.99791694421049060     
 it=         261
 scc_cumul=  0.99791694421049060     
   call pgmres
 wAvCumul=  0.99796564038916014     
 it=         262
 scc_cumul=  0.99796564038916014     
   call pgmres
 wAvCumul=  0.99801319818362078     
 it=         263
 scc_cumul=  0.99801319818362078     
   call pgmres
 wAvCumul=  0.99805964420619908     
 it=         264
 scc_cumul=  0.99805964420619908     
   call pgmres
 wAvCumul=  0.99810500444709771     
 it=         265
 scc_cumul=  0.99810500444709771     
   call pgmres
 wAvCumul=  0.99814930428893911     
 it=         266
 scc_cumul=  0.99814930428893911     
   call pgmres
 wAvCumul=  0.99819256852096916     
 it=         267
 scc_cumul=  0.99819256852096916     
   call pgmres
 wAvCumul=  0.99823482135292840     
 it=         268
 scc_cumul=  0.99823482135292840     
   call pgmres
 wAvCumul=  0.99827608642859966     
 it=         269
 scc_cumul=  0.99827608642859966     
   call pgmres
 wAvCumul=  0.99831638683903823     
 it=         270
 scc_cumul=  0.99831638683903823     
   call pgmres
 wAvCumul=  0.99835574513549363     
 it=         271
 scc_cumul=  0.99835574513549363     
   call pgmres
 wAvCumul=  0.99839418334202823     
 it=         272
 scc_cumul=  0.99839418334202823     
   call pgmres
 wAvCumul=  0.99843172296784188     
 it=         273
 scc_cumul=  0.99843172296784188     
   call pgmres
 wAvCumul=  0.99846838501930779     
 it=         274
 scc_cumul=  0.99846838501930779     
   call pgmres
 wAvCumul=  0.99850419001172730     
 it=         275
 scc_cumul=  0.99850419001172730     
   call pgmres
 wAvCumul=  0.99853915798080972     
 it=         276
 scc_cumul=  0.99853915798080972     
   call pgmres
 wAvCumul=  0.99857330849388415     
 it=         277
 scc_cumul=  0.99857330849388415     
   call pgmres
 wAvCumul=  0.99860666066084869     
 it=         278
 scc_cumul=  0.99860666066084869     
   call pgmres
 wAvCumul=  0.99863923314486391     
 it=         279
 scc_cumul=  0.99863923314486391     
   call pgmres
 wAvCumul=  0.99867104417279651     
 it=         280
 scc_cumul=  0.99867104417279651     
   call pgmres
 wAvCumul=  0.99870211154541866     
 it=         281
 scc_cumul=  0.99870211154541866     
   call pgmres
 wAvCumul=  0.99873245264736887     
 it=         282
 scc_cumul=  0.99873245264736887     
   call pgmres
 wAvCumul=  0.99876208445687997     
 it=         283
 scc_cumul=  0.99876208445687997     
   call pgmres
 wAvCumul=  0.99879102355528016     
 it=         284
 scc_cumul=  0.99879102355528016     
   call pgmres
 wAvCumul=  0.99881928613627091     
 it=         285
 scc_cumul=  0.99881928613627091     
   call pgmres
 wAvCumul=  0.99884688801498933     
 it=         286
 scc_cumul=  0.99884688801498933     
   call pgmres
 wAvCumul=  0.99887384463685747     
 it=         287
 scc_cumul=  0.99887384463685747     
   call pgmres
 wAvCumul=  0.99890017108622542     
 it=         288
 scc_cumul=  0.99890017108622542     
   call pgmres
 wAvCumul=  0.99892588209481237     
 it=         289
 scc_cumul=  0.99892588209481237     
   call pgmres
 wAvCumul=  0.99895099204994975     
 it=         290
 scc_cumul=  0.99895099204994975     
   call pgmres
 wAvCumul=  0.99897551500263237     
 it=         291
 scc_cumul=  0.99897551500263237     
   call pgmres
 wAvCumul=  0.99899946467538114     
 it=         292
 scc_cumul=  0.99899946467538114     
   call pgmres
 wAvCumul=  0.99902285446992156     
 it=         293
 scc_cumul=  0.99902285446992156     
   call pgmres
 wAvCumul=  0.99904569747468330     
 it=         294
 scc_cumul=  0.99904569747468330     
   call pgmres
 wAvCumul=  0.99906800647212435     
 it=         295
 scc_cumul=  0.99906800647212435     
   call pgmres
 wAvCumul=  0.99908979394588326     
 it=         296
 scc_cumul=  0.99908979394588326     
   call pgmres
 wAvCumul=  0.99911107208776528     
 it=         297
 scc_cumul=  0.99911107208776528     
   call pgmres
 wAvCumul=  0.99913185280456440     
 it=         298
 scc_cumul=  0.99913185280456440     
   call pgmres
 wAvCumul=  0.99915214772472605     
 it=         299
 scc_cumul=  0.99915214772472605     
   call pgmres
 wAvCumul=  0.99917196820485432     
 it=         300
 scc_cumul=  0.99917196820485432     
   call pgmres
 wAvCumul=  0.99919132533606680     
 procid=           0  call outputsol
 procid=           1  call outputsol
 procid=           3  call outputsol
 procid=           2  call outputsol
 call sccout
 it=         301
 scc_cumul=  0.99919132533606680     
   call pgmres
 wAvCumul=  0.99921022995020092     
 it=         302
 scc_cumul=  0.99921022995020092     
   call pgmres
 wAvCumul=  0.99922869262587510     
 it=         303
 scc_cumul=  0.99922869262587510     
   call pgmres
 wAvCumul=  0.99924672369440848     
 it=         304
 scc_cumul=  0.99924672369440848     
   call pgmres
 wAvCumul=  0.99926433324560215     
 it=         305
 scc_cumul=  0.99926433324560215     
   call pgmres
 wAvCumul=  0.99928153113338503     
 it=         306
 scc_cumul=  0.99928153113338503     
   call pgmres
 wAvCumul=  0.99929832698132792     
 it=         307
 scc_cumul=  0.99929832698132792     
   call pgmres
 wAvCumul=  0.99931473018802885     
 it=         308
 scc_cumul=  0.99931473018802885     
   call pgmres
 wAvCumul=  0.99933074993237203     
 it=         309
 scc_cumul=  0.99933074993237203     
   call pgmres
 wAvCumul=  0.99934639517866453     
 it=         310
 scc_cumul=  0.99934639517866453     
   call pgmres
 wAvCumul=  0.99936167468165205     
 it=         311
 scc_cumul=  0.99936167468165205     
   call pgmres
 wAvCumul=  0.99937659699141834     
 it=         312
 scc_cumul=  0.99937659699141834     
   call pgmres
 wAvCumul=  0.99939117045816939     
 it=         313
 scc_cumul=  0.99939117045816939     
   call pgmres
 wAvCumul=  0.99940540323690608     
 it=         314
 scc_cumul=  0.99940540323690608     
   call pgmres
 wAvCumul=  0.99941930329198758     
 it=         315
 scc_cumul=  0.99941930329198758     
   call pgmres
 wAvCumul=  0.99943287840158790     
 it=         316
 scc_cumul=  0.99943287840158790     
   call pgmres
 wAvCumul=  0.99944613616204858     
 it=         317
 scc_cumul=  0.99944613616204858     
   call pgmres
 wAvCumul=  0.99945908399212946     
 it=         318
 scc_cumul=  0.99945908399212946     
   call pgmres
 wAvCumul=  0.99947172913715976     
 it=         319
 scc_cumul=  0.99947172913715976     
   call pgmres
 wAvCumul=  0.99948407867309264     
 it=         320
 scc_cumul=  0.99948407867309264     
   call pgmres
 wAvCumul=  0.99949613951046479     
 it=         321
 scc_cumul=  0.99949613951046479     
   call pgmres
 wAvCumul=  0.99950791839826347     
 it=         322
 scc_cumul=  0.99950791839826347     
   call pgmres
 wAvCumul=  0.99951942192770271     
 it=         323
 scc_cumul=  0.99951942192770271     
   call pgmres
 wAvCumul=  0.99953065653591200     
 it=         324
 scc_cumul=  0.99953065653591200     
   call pgmres
 wAvCumul=  0.99954162850953832     
 it=         325
 scc_cumul=  0.99954162850953832     
   call pgmres
 wAvCumul=  0.99955234398826387     
 it=         326
 scc_cumul=  0.99955234398826387     
   call pgmres
 wAvCumul=  0.99956280896824179     
 it=         327
 scc_cumul=  0.99956280896824179     
   call pgmres
 wAvCumul=  0.99957302930545144     
 it=         328
 scc_cumul=  0.99957302930545144     
   call pgmres
 wAvCumul=  0.99958301071897526     
 it=         329
 scc_cumul=  0.99958301071897526     
   call pgmres
 wAvCumul=  0.99959275879419929     
 it=         330
 scc_cumul=  0.99959275879419929     
   call pgmres
 wAvCumul=  0.99960227898593834     
 it=         331
 scc_cumul=  0.99960227898593834     
   call pgmres
 wAvCumul=  0.99961157662148847     
 it=         332
 scc_cumul=  0.99961157662148847     
   call pgmres
 wAvCumul=  0.99962065690360802     
 it=         333
 scc_cumul=  0.99962065690360802     
   call pgmres
 wAvCumul=  0.99962952491342894     
 it=         334
 scc_cumul=  0.99962952491342894     
   call pgmres
 wAvCumul=  0.99963818561330031     
 it=         335
 scc_cumul=  0.99963818561330031     
   call pgmres
 wAvCumul=  0.99964664384956492     
 it=         336
 scc_cumul=  0.99964664384956492     
   call pgmres
 wAvCumul=  0.99965490435527116     
 it=         337
 scc_cumul=  0.99965490435527116     
   call pgmres
 wAvCumul=  0.99966297175282159     
 it=         338
 scc_cumul=  0.99966297175282159     
   call pgmres
 wAvCumul=  0.99967085055655980     
 it=         339
 scc_cumul=  0.99967085055655980     
   call pgmres
 wAvCumul=  0.99967854517529608     
 it=         340
 scc_cumul=  0.99967854517529608     
   call pgmres
 wAvCumul=  0.99968605991477488     
 it=         341
 scc_cumul=  0.99968605991477488     
   call pgmres
 wAvCumul=  0.99969339898008391     
 it=         342
 scc_cumul=  0.99969339898008391     
   call pgmres
 wAvCumul=  0.99970056647800754     
 it=         343
 scc_cumul=  0.99970056647800754     
   call pgmres
 wAvCumul=  0.99970756641932457     
 it=         344
 scc_cumul=  0.99970756641932457     
   call pgmres
 wAvCumul=  0.99971440272105261     
 it=         345
 scc_cumul=  0.99971440272105261     
   call pgmres
 wAvCumul=  0.99972107920864028     
 it=         346
 scc_cumul=  0.99972107920864028     
   call pgmres
 wAvCumul=  0.99972759961810753     
 it=         347
 scc_cumul=  0.99972759961810753     
   call pgmres
 wAvCumul=  0.99973396759813626     
 it=         348
 scc_cumul=  0.99973396759813626     
   call pgmres
 wAvCumul=  0.99974018671211218     
 it=         349
 scc_cumul=  0.99974018671211218     
   call pgmres
 wAvCumul=  0.99974626044011861     
 it=         350
 scc_cumul=  0.99974626044011861     
   call pgmres
 wAvCumul=  0.99975219218088418     
 it=         351
 scc_cumul=  0.99975219218088418     
   call pgmres
 wAvCumul=  0.99975798525368431     
 it=         352
 scc_cumul=  0.99975798525368431     
   call pgmres
 wAvCumul=  0.99976364290019892     
 it=         353
 scc_cumul=  0.99976364290019892     
   call pgmres
 wAvCumul=  0.99976916828632623     
 it=         354
 scc_cumul=  0.99976916828632623     
   call pgmres
 wAvCumul=  0.99977456450395430     
 it=         355
 scc_cumul=  0.99977456450395430     
   call pgmres
 wAvCumul=  0.99977983457269137     
 it=         356
 scc_cumul=  0.99977983457269137     
   call pgmres
 wAvCumul=  0.99978498144155536     
 it=         357
 scc_cumul=  0.99978498144155536     
   call pgmres
 wAvCumul=  0.99979000799062434     
 it=         358
 scc_cumul=  0.99979000799062434     
   call pgmres
 wAvCumul=  0.99979491703264767     
 it=         359
 scc_cumul=  0.99979491703264767     
   call pgmres
 wAvCumul=  0.99979971131462064     
 it=         360
 scc_cumul=  0.99979971131462064     
   call pgmres
 wAvCumul=  0.99980439351932093     
 it=         361
 scc_cumul=  0.99980439351932093     
   call pgmres
 wAvCumul=  0.99980896626681048     
 it=         362
 scc_cumul=  0.99980896626681048     
   call pgmres
 wAvCumul=  0.99981343211590112     
 it=         363
 scc_cumul=  0.99981343211590112     
   call pgmres
 wAvCumul=  0.99981779356558664     
 it=         364
 scc_cumul=  0.99981779356558664     
   call pgmres
 wAvCumul=  0.99982205305644123     
 it=         365
 scc_cumul=  0.99982205305644123     
   call pgmres
 wAvCumul=  0.99982621297198493     
 it=         366
 scc_cumul=  0.99982621297198493     
   call pgmres
 wAvCumul=  0.99983027564001781     
 it=         367
 scc_cumul=  0.99983027564001781     
   call pgmres
 wAvCumul=  0.99983424333392201     
 it=         368
 scc_cumul=  0.99983424333392201     
   call pgmres
 wAvCumul=  0.99983811827393454     
 it=         369
 scc_cumul=  0.99983811827393454     
   call pgmres
 wAvCumul=  0.99984190262838890     
 it=         370
 scc_cumul=  0.99984190262838890     
   call pgmres
 wAvCumul=  0.99984559851492916     
 it=         371
 scc_cumul=  0.99984559851492916     
   call pgmres
 wAvCumul=  0.99984920800169452     
 it=         372
 scc_cumul=  0.99984920800169452     
   call pgmres
 wAvCumul=  0.99985273310847678     
 it=         373
 scc_cumul=  0.99985273310847678     
   call pgmres
 wAvCumul=  0.99985617580785036     
 it=         374
 scc_cumul=  0.99985617580785036     
   call pgmres
 wAvCumul=  0.99985953802627636     
 it=         375
 scc_cumul=  0.99985953802627636     
   call pgmres
 wAvCumul=  0.99986282164518048     
 it=         376
 scc_cumul=  0.99986282164518048     
   call pgmres
 wAvCumul=  0.99986602850200568     
 it=         377
 scc_cumul=  0.99986602850200568     
   call pgmres
 wAvCumul=  0.99986916039124063     
 it=         378
 scc_cumul=  0.99986916039124063     
   call pgmres
 wAvCumul=  0.99987221906542367     
 it=         379
 scc_cumul=  0.99987221906542367     
   call pgmres
 wAvCumul=  0.99987520623612358     
 it=         380
 scc_cumul=  0.99987520623612358     
   call pgmres
 wAvCumul=  0.99987812357489736     
 it=         381
 scc_cumul=  0.99987812357489736     
   call pgmres
 wAvCumul=  0.99988097271422538     
 it=         382
 scc_cumul=  0.99988097271422538     
   call pgmres
 wAvCumul=  0.99988375524842532     
 it=         383
 scc_cumul=  0.99988375524842532     
   call pgmres
 wAvCumul=  0.99988647273454379     
 it=         384
 scc_cumul=  0.99988647273454379     
   call pgmres
 wAvCumul=  0.99988912669322816     
 it=         385
 scc_cumul=  0.99988912669322816     
   call pgmres
 wAvCumul=  0.99989171860957693     
 it=         386
 scc_cumul=  0.99989171860957693     
   call pgmres
 wAvCumul=  0.99989424993397125     
 it=         387
 scc_cumul=  0.99989424993397125     
   call pgmres
 wAvCumul=  0.99989672208288616     
 it=         388
 scc_cumul=  0.99989672208288616     
   call pgmres
 wAvCumul=  0.99989913643968342     
 it=         389
 scc_cumul=  0.99989913643968342     
   call pgmres
 wAvCumul=  0.99990149435538556     
 it=         390
 scc_cumul=  0.99990149435538556     
   call pgmres
 wAvCumul=  0.99990379714943178     
 it=         391
 scc_cumul=  0.99990379714943178     
   call pgmres
 wAvCumul=  0.99990604611041656     
 it=         392
 scc_cumul=  0.99990604611041656     
   call pgmres
 wAvCumul=  0.99990824249681043     
 it=         393
 scc_cumul=  0.99990824249681043     
   call pgmres
 wAvCumul=  0.99991038753766437     
 it=         394
 scc_cumul=  0.99991038753766437     
   call pgmres
 wAvCumul=  0.99991248243329744     
 it=         395
 scc_cumul=  0.99991248243329744     
   call pgmres
 wAvCumul=  0.99991452835596850     
 it=         396
 scc_cumul=  0.99991452835596850     
   call pgmres
 wAvCumul=  0.99991652645053219     
 it=         397
 scc_cumul=  0.99991652645053219     
   call pgmres
 wAvCumul=  0.99991847783507959     
 it=         398
 scc_cumul=  0.99991847783507959     
   call pgmres
 wAvCumul=  0.99992038360156388     
 it=         399
 scc_cumul=  0.99992038360156388     
   call pgmres
 wAvCumul=  0.99992224481641123     
 it=         400
 scc_cumul=  0.99992224481641123     
   call pgmres
 wAvCumul=  0.99992406252111776     
 procid=           0  call outputsol
 procid=           1  call outputsol
 procid=           2  call outputsol
 procid=           3  call outputsol
 call sccout
 it=         401
 scc_cumul=  0.99992406252111776     
   call pgmres
 wAvCumul=  0.99992583773283217     
 it=         402
 scc_cumul=  0.99992583773283217     
   call pgmres
 wAvCumul=  0.99992757144492506     
 it=         403
 scc_cumul=  0.99992757144492506     
   call pgmres
 wAvCumul=  0.99992926462754472     
 it=         404
 scc_cumul=  0.99992926462754472     
   call pgmres
 wAvCumul=  0.99993091822816005     
 it=         405
 scc_cumul=  0.99993091822816005     
   call pgmres
 wAvCumul=  0.99993253317209063     
 it=         406
 scc_cumul=  0.99993253317209063     
   call pgmres
 wAvCumul=  0.99993411036302460     
 it=         407
 scc_cumul=  0.99993411036302460     
   call pgmres
 wAvCumul=  0.99993565068352430     
 it=         408
 scc_cumul=  0.99993565068352430     
   call pgmres
 wAvCumul=  0.99993715499552027     
 it=         409
 scc_cumul=  0.99993715499552027     
   call pgmres
 wAvCumul=  0.99993862414079326     
 it=         410
 scc_cumul=  0.99993862414079326     
   call pgmres
 wAvCumul=  0.99994005894144578     
 it=         411
 scc_cumul=  0.99994005894144578     
   call pgmres
 wAvCumul=  0.99994146020036145     
 it=         412
 scc_cumul=  0.99994146020036145     
   call pgmres
 wAvCumul=  0.99994282870165496     
 it=         413
 scc_cumul=  0.99994282870165496     
   call pgmres
 wAvCumul=  0.99994416521111040     
 it=         414
 scc_cumul=  0.99994416521111040     
   call pgmres
 wAvCumul=  0.99994547047660998     
 it=         415
 scc_cumul=  0.99994547047660998     
   call pgmres
 wAvCumul=  0.99994674522855231     
 it=         416
 scc_cumul=  0.99994674522855231     
   call pgmres
 wAvCumul=  0.99994799018026148     
 it=         417
 scc_cumul=  0.99994799018026148     
   call pgmres
 wAvCumul=  0.99994920602838577     
 it=         418
 scc_cumul=  0.99994920602838577     
   call pgmres
 wAvCumul=  0.99995039345328796     
 it=         419
 scc_cumul=  0.99995039345328796     
   call pgmres
 wAvCumul=  0.99995155311942563     
 it=         420
 scc_cumul=  0.99995155311942563     
   call pgmres
 wAvCumul=  0.99995268567572315     
 it=         421
 scc_cumul=  0.99995268567572315     
   call pgmres
 wAvCumul=  0.99995379175593480     
 it=         422
 scc_cumul=  0.99995379175593480     
   call pgmres
 wAvCumul=  0.99995487197899957     
 it=         423
 scc_cumul=  0.99995487197899957     
   call pgmres
 wAvCumul=  0.99995592694938717     
 it=         424
 scc_cumul=  0.99995592694938717     
   call pgmres
 wAvCumul=  0.99995695725743650     
 it=         425
 scc_cumul=  0.99995695725743650     
   call pgmres
 wAvCumul=  0.99995796347968602     
 it=         426
 scc_cumul=  0.99995796347968602     
   call pgmres
 wAvCumul=  0.99995894617919612     
 it=         427
 scc_cumul=  0.99995894617919612     
   call pgmres
 wAvCumul=  0.99995990590586448     
 it=         428
 scc_cumul=  0.99995990590586448     
   call pgmres
 wAvCumul=  0.99996084319673373     
 it=         429
 scc_cumul=  0.99996084319673373     
   call pgmres
 wAvCumul=  0.99996175857629177     
 it=         430
 scc_cumul=  0.99996175857629177     
   call pgmres
 wAvCumul=  0.99996265255676553     
 it=         431
 scc_cumul=  0.99996265255676553     
   call pgmres
 wAvCumul=  0.99996352563840729     
 it=         432
 scc_cumul=  0.99996352563840729     
   call pgmres
 wAvCumul=  0.99996437830977492     
 it=         433
 scc_cumul=  0.99996437830977492     
   call pgmres
 wAvCumul=  0.99996521104800518     
 it=         434
 scc_cumul=  0.99996521104800518     
   call pgmres
 wAvCumul=  0.99996602431908055     
 it=         435
 scc_cumul=  0.99996602431908055     
   call pgmres
 wAvCumul=  0.99996681857809022     
 it=         436
 scc_cumul=  0.99996681857809022     
   call pgmres
 wAvCumul=  0.99996759426948456     
 it=         437
 scc_cumul=  0.99996759426948456     
   call pgmres
 wAvCumul=  0.99996835182732391     
 it=         438
 scc_cumul=  0.99996835182732391     
   call pgmres
 wAvCumul=  0.99996909167552139     
 it=         439
 scc_cumul=  0.99996909167552139     
   call pgmres
 wAvCumul=  0.99996981422808040     
 it=         440
 scc_cumul=  0.99996981422808040     
   call pgmres
 wAvCumul=  0.99997051988932584     
 it=         441
 scc_cumul=  0.99997051988932584     
   call pgmres
 wAvCumul=  0.99997120905413062     
 it=         442
 scc_cumul=  0.99997120905413062     
   call pgmres
 wAvCumul=  0.99997188210813670     
 it=         443
 scc_cumul=  0.99997188210813670     
   call pgmres
 wAvCumul=  0.99997253942797082     
 it=         444
 scc_cumul=  0.99997253942797082     
   call pgmres
 wAvCumul=  0.99997318138145508     
 it=         445
 scc_cumul=  0.99997318138145508     
   call pgmres
 wAvCumul=  0.99997380832781291     
 it=         446
 scc_cumul=  0.99997380832781291     
   call pgmres
 wAvCumul=  0.99997442061787012     
 it=         447
 scc_cumul=  0.99997442061787012     
   call pgmres
 wAvCumul=  0.99997501859425109     
 it=         448
 scc_cumul=  0.99997501859425109     
   call pgmres
 wAvCumul=  0.99997560259157070     
 it=         449
 scc_cumul=  0.99997560259157070     
   call pgmres
 wAvCumul=  0.99997617293662144     
 it=         450
 scc_cumul=  0.99997617293662144     
   call pgmres
 wAvCumul=  0.99997672994855613     
 it=         451
 scc_cumul=  0.99997672994855613     
   call pgmres
 wAvCumul=  0.99997727393906688     
 it=         452
 scc_cumul=  0.99997727393906688     
   call pgmres
 wAvCumul=  0.99997780521255908     
 it=         453
 scc_cumul=  0.99997780521255908     
   call pgmres
 wAvCumul=  0.99997832406632203     
 it=         454
 scc_cumul=  0.99997832406632203     
   call pgmres
 wAvCumul=  0.99997883079069516     
 it=         455
 scc_cumul=  0.99997883079069516     
   call pgmres
 wAvCumul=  0.99997932566923076     
 it=         456
 scc_cumul=  0.99997932566923076     
   call pgmres
 wAvCumul=  0.99997980897885219     
 it=         457
 scc_cumul=  0.99997980897885219     
   call pgmres
 wAvCumul=  0.99998028099000924     
 it=         458
 scc_cumul=  0.99998028099000924     
   call pgmres
 wAvCumul=  0.99998074196682918     
 it=         459
 scc_cumul=  0.99998074196682918     
   call pgmres
 wAvCumul=  0.99998119216726489     
 it=         460
 scc_cumul=  0.99998119216726489     
   call pgmres
 wAvCumul=  0.99998163184323896     
 it=         461
 scc_cumul=  0.99998163184323896     
   call pgmres
 wAvCumul=  0.99998206124078459     
 it=         462
 scc_cumul=  0.99998206124078459     
   call pgmres
 wAvCumul=  0.99998248060018358     
 it=         463
 scc_cumul=  0.99998248060018358     
   call pgmres
 wAvCumul=  0.99998289015610042     
 it=         464
 scc_cumul=  0.99998289015610042     
   call pgmres
 wAvCumul=  0.99998329013771381     
 it=         465
 scc_cumul=  0.99998329013771381     
   call pgmres
 wAvCumul=  0.99998368076884503     
 it=         466
 scc_cumul=  0.99998368076884503     
   call pgmres
 wAvCumul=  0.99998406226808290     
 it=         467
 scc_cumul=  0.99998406226808290     
   call pgmres
 wAvCumul=  0.99998443484890620     
 it=         468
 scc_cumul=  0.99998443484890620     
   call pgmres
 wAvCumul=  0.99998479871980328     
 it=         469
 scc_cumul=  0.99998479871980328     
   call pgmres
 wAvCumul=  0.99998515408438837     
 it=         470
 scc_cumul=  0.99998515408438837     
   call pgmres
 wAvCumul=  0.99998550114151608     
 it=         471
 scc_cumul=  0.99998550114151608     
   call pgmres
 wAvCumul=  0.99998584008539204     
 it=         472
 scc_cumul=  0.99998584008539204     
   call pgmres
 wAvCumul=  0.99998617110568211     
 it=         473
 scc_cumul=  0.99998617110568211     
   call pgmres
 wAvCumul=  0.99998649438761811     
 it=         474
 scc_cumul=  0.99998649438761811     
   call pgmres
 wAvCumul=  0.99998681011210178     
 it=         475
 scc_cumul=  0.99998681011210178     
   call pgmres
 wAvCumul=  0.99998711845580579     
 it=         476
 scc_cumul=  0.99998711845580579     
   call pgmres
 wAvCumul=  0.99998741959127257     
 it=         477
 scc_cumul=  0.99998741959127257     
   call pgmres
 wAvCumul=  0.99998771368701123     
 it=         478
 scc_cumul=  0.99998771368701123     
   call pgmres
 wAvCumul=  0.99998800090759143     
 it=         479
 scc_cumul=  0.99998800090759143     
   call pgmres
 wAvCumul=  0.99998828141373575     
 it=         480
 scc_cumul=  0.99998828141373575     
   call pgmres
 wAvCumul=  0.99998855536240927     
 it=         481
 scc_cumul=  0.99998855536240927     
   call pgmres
 wAvCumul=  0.99998882290690794     
 it=         482
 scc_cumul=  0.99998882290690794     
   call pgmres
 wAvCumul=  0.99998908419694388     
 it=         483
 scc_cumul=  0.99998908419694388     
   call pgmres
 wAvCumul=  0.99998933937872947     
 it=         484
 scc_cumul=  0.99998933937872947     
   call pgmres
 wAvCumul=  0.99998958859505904     
 it=         485
 scc_cumul=  0.99998958859505904     
   call pgmres
 wAvCumul=  0.99998983198538860     
 it=         486
 scc_cumul=  0.99998983198538860     
   call pgmres
 wAvCumul=  0.99999006968591431     
 it=         487
 scc_cumul=  0.99999006968591431     
   call pgmres
 wAvCumul=  0.99999030182964821     
 it=         488
 scc_cumul=  0.99999030182964821     
   call pgmres
 wAvCumul=  0.99999052854649306     
 it=         489
 scc_cumul=  0.99999052854649306     
   call pgmres
 wAvCumul=  0.99999074996331472     
 it=         490
 scc_cumul=  0.99999074996331472     
   call pgmres
 wAvCumul=  0.99999096620401329     
 it=         491
 scc_cumul=  0.99999096620401329     
   call pgmres
 wAvCumul=  0.99999117738959253     
 it=         492
 scc_cumul=  0.99999117738959253     
   call pgmres
 wAvCumul=  0.99999138363822726     
 it=         493
 scc_cumul=  0.99999138363822726     
   call pgmres
 wAvCumul=  0.99999158506532992     
 it=         494
 scc_cumul=  0.99999158506532992     
   call pgmres
 wAvCumul=  0.99999178178361481     
 it=         495
 scc_cumul=  0.99999178178361481     
   call pgmres
 wAvCumul=  0.99999197390316119     
 it=         496
 scc_cumul=  0.99999197390316119     
   call pgmres
 wAvCumul=  0.99999216153147519     
 it=         497
 scc_cumul=  0.99999216153147519     
   call pgmres
 wAvCumul=  0.99999234477354948     
 it=         498
 scc_cumul=  0.99999234477354948     
   call pgmres
 wAvCumul=  0.99999252373192249     
 it=         499
 scc_cumul=  0.99999252373192249     
   call pgmres
 wAvCumul=  0.99999269850673544     
 it=         500
 scc_cumul=  0.99999269850673544     
   call pgmres
 wAvCumul=  0.99999286919578867     
 procid=           0  call outputsol
 procid=           1  call outputsol
 procid=           2  call outputsol
 procid=           3  call outputsol
 call sccout
 it=         501
 scc_cumul=  0.99999286919578867     
   call pgmres
 wAvCumul=  0.99999303589459609     
 it=         502
 scc_cumul=  0.99999303589459609     
   call pgmres
 wAvCumul=  0.99999319869643877     
 it=         503
 scc_cumul=  0.99999319869643877     
   call pgmres
 wAvCumul=  0.99999335769241726     
 it=         504
 scc_cumul=  0.99999335769241726     
   call pgmres
 wAvCumul=  0.99999351297150219     
 it=         505
 scc_cumul=  0.99999351297150219     
   call pgmres
 wAvCumul=  0.99999366462058448     
 it=         506
 scc_cumul=  0.99999366462058448     
   call pgmres
 wAvCumul=  0.99999381272452370     
 it=         507
 scc_cumul=  0.99999381272452370     
   call pgmres
 wAvCumul=  0.99999395736619556     
 it=         508
 scc_cumul=  0.99999395736619556     
   call pgmres
 wAvCumul=  0.99999409862653854     
 it=         509
 scc_cumul=  0.99999409862653854     
   call pgmres
 wAvCumul=  0.99999423658459896     
 it=         510
 scc_cumul=  0.99999423658459896     
   call pgmres
 wAvCumul=  0.99999437131757518     
 it=         511
 scc_cumul=  0.99999437131757518     
   call pgmres
 wAvCumul=  0.99999450290086089     
 it=         512
 scc_cumul=  0.99999450290086089     
   call pgmres
 wAvCumul=  0.99999463140808720     
 it=         513
 scc_cumul=  0.99999463140808720     
   call pgmres
 wAvCumul=  0.99999475691116413     
 it=         514
 scc_cumul=  0.99999475691116413     
   call pgmres
 wAvCumul=  0.99999487948032051     
 it=         515
 scc_cumul=  0.99999487948032051     
   call pgmres
 wAvCumul=  0.99999499918414336     
 it=         516
 scc_cumul=  0.99999499918414336     
   call pgmres
 wAvCumul=  0.99999511608961644     
 it=         517
 scc_cumul=  0.99999511608961644     
   call pgmres
 wAvCumul=  0.99999523026215753     
 it=         518
 scc_cumul=  0.99999523026215753     
   call pgmres
 wAvCumul=  0.99999534176565508     
 it=         519
 scc_cumul=  0.99999534176565508     
   call pgmres
 wAvCumul=  0.99999545066250417     
 it=         520
 scc_cumul=  0.99999545066250417     
   call pgmres
 wAvCumul=  0.99999555701364107     
 it=         521
 scc_cumul=  0.99999555701364107     
   call pgmres
 wAvCumul=  0.99999566087857772     
 it=         522
 scc_cumul=  0.99999566087857772     
   call pgmres
 wAvCumul=  0.99999576231543463     
 it=         523
 scc_cumul=  0.99999576231543463     
   call pgmres
 wAvCumul=  0.99999586138097374     
 it=         524
 scc_cumul=  0.99999586138097374     
   call pgmres
 wAvCumul=  0.99999595813063002     
 it=         525
 scc_cumul=  0.99999595813063002     
   call pgmres
 wAvCumul=  0.99999605261854241     
 it=         526
 scc_cumul=  0.99999605261854241     
   call pgmres
 wAvCumul=  0.99999614489758448     
 it=         527
 scc_cumul=  0.99999614489758448     
   call pgmres
 wAvCumul=  0.99999623501939350     
 it=         528
 scc_cumul=  0.99999623501939350     
   call pgmres
 wAvCumul=  0.99999632303439978     
 it=         529
 scc_cumul=  0.99999632303439978     
   call pgmres
 wAvCumul=  0.99999640899185460     
 it=         530
 scc_cumul=  0.99999640899185460     
   call pgmres
 wAvCumul=  0.99999649293985793     
 it=         531
 scc_cumul=  0.99999649293985793     
   call pgmres
 wAvCumul=  0.99999657492538518     
 it=         532
 scc_cumul=  0.99999657492538518     
   call pgmres
 wAvCumul=  0.99999665499431389     
 it=         533
 scc_cumul=  0.99999665499431389     
   call pgmres
 wAvCumul=  0.99999673319144877     
 it=         534
 scc_cumul=  0.99999673319144877     
   call pgmres
 wAvCumul=  0.99999680956054737     
 it=         535
 scc_cumul=  0.99999680956054737     
   call pgmres
 wAvCumul=  0.99999688414434407     
 it=         536
 scc_cumul=  0.99999688414434407     
   call pgmres
 wAvCumul=  0.99999695698457447     
 it=         537
 scc_cumul=  0.99999695698457447     
   call pgmres
 wAvCumul=  0.99999702812199842     
 it=         538
 scc_cumul=  0.99999702812199842     
   call pgmres
 wAvCumul=  0.99999709759642286     
 it=         539
 scc_cumul=  0.99999709759642286     
   call pgmres
 wAvCumul=  0.99999716544672423     
 it=         540
 scc_cumul=  0.99999716544672423     
   call pgmres
 wAvCumul=  0.99999723171087018     
 it=         541
 scc_cumul=  0.99999723171087018     
   call pgmres
 wAvCumul=  0.99999729642594060     
 it=         542
 scc_cumul=  0.99999729642594060     
   call pgmres
 wAvCumul=  0.99999735962814862     
 it=         543
 scc_cumul=  0.99999735962814862     
   call pgmres
 wAvCumul=  0.99999742135286096     
 it=         544
 scc_cumul=  0.99999742135286096     
   call pgmres
 wAvCumul=  0.99999748163461744     
 it=         545
 scc_cumul=  0.99999748163461744     
   call pgmres
 wAvCumul=  0.99999754050715040     
 it=         546
 scc_cumul=  0.99999754050715040     
   call pgmres
 wAvCumul=  0.99999759800340371     
 it=         547
 scc_cumul=  0.99999759800340371     
   call pgmres
 wAvCumul=  0.99999765415555097     
 it=         548
 scc_cumul=  0.99999765415555097     
   call pgmres
 wAvCumul=  0.99999770899501372     
 it=         549
 scc_cumul=  0.99999770899501372     
   call pgmres
 wAvCumul=  0.99999776255247896     
 it=         550
 scc_cumul=  0.99999776255247896     
   call pgmres
 wAvCumul=  0.99999781485791639     
 it=         551
 scc_cumul=  0.99999781485791639     
   call pgmres
 wAvCumul=  0.99999786594059492     
 it=         552
 scc_cumul=  0.99999786594059492     
   call pgmres
 wAvCumul=  0.99999791582909936     
 it=         553
 scc_cumul=  0.99999791582909936     
   call pgmres
 wAvCumul=  0.99999796455134626     
 it=         554
 scc_cumul=  0.99999796455134626     
   call pgmres
 wAvCumul=  0.99999801213459960     
 it=         555
 scc_cumul=  0.99999801213459960     
   call pgmres
 wAvCumul=  0.99999805860548585     
 it=         556
 scc_cumul=  0.99999805860548585     
   call pgmres
 wAvCumul=  0.99999810399000921     
 it=         557
 scc_cumul=  0.99999810399000921     
   call pgmres
 wAvCumul=  0.99999814831356582     
 it=         558
 scc_cumul=  0.99999814831356582     
   call pgmres
 wAvCumul=  0.99999819160095826     
 it=         559
 scc_cumul=  0.99999819160095826     
   call pgmres
 wAvCumul=  0.99999823387640918     
 it=         560
 scc_cumul=  0.99999823387640918     
   call pgmres
 wAvCumul=  0.99999827516357509     
 it=         561
 scc_cumul=  0.99999827516357509     
   call pgmres
 wAvCumul=  0.99999831548555929     
 it=         562
 scc_cumul=  0.99999831548555929     
   call pgmres
 wAvCumul=  0.99999835486492517     
 it=         563
 scc_cumul=  0.99999835486492517     
   call pgmres
 wAvCumul=  0.99999839332370866     
 it=         564
 scc_cumul=  0.99999839332370866     
   call pgmres
 wAvCumul=  0.99999843088343032     
 it=         565
 scc_cumul=  0.99999843088343032     
   call pgmres
 wAvCumul=  0.99999846756510791     
 it=         566
 scc_cumul=  0.99999846756510791     
   call pgmres
 wAvCumul=  0.99999850338926766     
 it=         567
 scc_cumul=  0.99999850338926766     
   call pgmres
 wAvCumul=  0.99999853837595598     
 it=         568
 scc_cumul=  0.99999853837595598     
   call pgmres
 wAvCumul=  0.99999857254475066     
 it=         569
 scc_cumul=  0.99999857254475066     
   call pgmres
 wAvCumul=  0.99999860591477185     
 it=         570
 scc_cumul=  0.99999860591477185     
   call pgmres
 wAvCumul=  0.99999863850469273     
 it=         571
 scc_cumul=  0.99999863850469273     
   call pgmres
 wAvCumul=  0.99999867033274992     
 it=         572
 scc_cumul=  0.99999867033274992     
   call pgmres
 wAvCumul=  0.99999870141675362     
 it=         573
 scc_cumul=  0.99999870141675362     
   call pgmres
 wAvCumul=  0.99999873177409793     
 it=         574
 scc_cumul=  0.99999873177409793     
   call pgmres
 wAvCumul=  0.99999876142177013     
 it=         575
 scc_cumul=  0.99999876142177013     
   call pgmres
 wAvCumul=  0.99999879037636030     
 it=         576
 scc_cumul=  0.99999879037636030     
   call pgmres
 wAvCumul=  0.99999881865407092     
 it=         577
 scc_cumul=  0.99999881865407092     
   call pgmres
 wAvCumul=  0.99999884627072566     
 it=         578
 scc_cumul=  0.99999884627072566     
   call pgmres
 wAvCumul=  0.99999887324177805     
 it=         579
 scc_cumul=  0.99999887324177805     
   call pgmres
 wAvCumul=  0.99999889958232058     
 it=         580
 scc_cumul=  0.99999889958232058     
   call pgmres
 wAvCumul=  0.99999892530709289     
 it=         581
 scc_cumul=  0.99999892530709289     
   call pgmres
 wAvCumul=  0.99999895043049003     
 it=         582
 scc_cumul=  0.99999895043049003     
   call pgmres
 wAvCumul=  0.99999897496657042     
 it=         583
 scc_cumul=  0.99999897496657042     
   call pgmres
 wAvCumul=  0.99999899892906408     
 it=         584
 scc_cumul=  0.99999899892906408     
   call pgmres
 wAvCumul=  0.99999902233137972     
 it=         585
 scc_cumul=  0.99999902233137972     
   call pgmres
 wAvCumul=  0.99999904518661287     
 it=         586
 scc_cumul=  0.99999904518661287     
   call pgmres
 wAvCumul=  0.99999906750755285     
 it=         587
 scc_cumul=  0.99999906750755285     
   call pgmres
 wAvCumul=  0.99999908930669001     
 it=         588
 scc_cumul=  0.99999908930669001     
   call pgmres
 wAvCumul=  0.99999911059622260     
 it=         589
 scc_cumul=  0.99999911059622260     
   call pgmres
 wAvCumul=  0.99999913138806384     
 it=         590
 scc_cumul=  0.99999913138806384     
   call pgmres
 wAvCumul=  0.99999915169384834     
 it=         591
 scc_cumul=  0.99999915169384834     
   call pgmres
 wAvCumul=  0.99999917152493889     
 it=         592
 scc_cumul=  0.99999917152493889     
   call pgmres
 wAvCumul=  0.99999919089243250     
 it=         593
 scc_cumul=  0.99999919089243250     
   call pgmres
 wAvCumul=  0.99999920980716672     
 it=         594
 scc_cumul=  0.99999920980716672     
   call pgmres
 wAvCumul=  0.99999922827972587     
 it=         595
 scc_cumul=  0.99999922827972587     
   call pgmres
 wAvCumul=  0.99999924632044690     
 it=         596
 scc_cumul=  0.99999924632044690     
   call pgmres
 wAvCumul=  0.99999926393942495     
 it=         597
 scc_cumul=  0.99999926393942495     
   call pgmres
 wAvCumul=  0.99999928114651915     
 it=         598
 scc_cumul=  0.99999928114651915     
   call pgmres
 wAvCumul=  0.99999929795135833     
 it=         599
 scc_cumul=  0.99999929795135833     
   call pgmres
 wAvCumul=  0.99999931436334610     
 it=         600
 scc_cumul=  0.99999931436334610     
   call pgmres
 wAvCumul=  0.99999933039166622     
 procid=           0  call outputsol
 procid=           1  call outputsol
 procid=           3  call outputsol
 procid=           2  call outputsol
 call sccout
 it=         601
 scc_cumul=  0.99999933039166622     
   call pgmres
 wAvCumul=  0.99999934604528784     
 it=         602
 scc_cumul=  0.99999934604528784     
   call pgmres
 wAvCumul=  0.99999936133297029     
 it=         603
 scc_cumul=  0.99999936133297029     
   call pgmres
 wAvCumul=  0.99999937626326829     
 it=         604
 scc_cumul=  0.99999937626326829     
   call pgmres
 wAvCumul=  0.99999939084453660     
 it=         605
 scc_cumul=  0.99999939084453660     
   call pgmres
 wAvCumul=  0.99999940508493446     
 it=         606
 scc_cumul=  0.99999940508493446     
   call pgmres
 wAvCumul=  0.99999941899243061     
 it=         607
 scc_cumul=  0.99999941899243061     
   call pgmres
 wAvCumul=  0.99999943257480728     
 it=         608
 scc_cumul=  0.99999943257480728     
   call pgmres
 wAvCumul=  0.99999944583966494     
 it=         609
 scc_cumul=  0.99999944583966494     
   call pgmres
 wAvCumul=  0.99999945879442631     
 it=         610
 scc_cumul=  0.99999945879442631     
   call pgmres
 wAvCumul=  0.99999947144634060     
 it=         611
 scc_cumul=  0.99999947144634060     
   call pgmres
 wAvCumul=  0.99999948380248760     
 it=         612
 scc_cumul=  0.99999948380248760     
   call pgmres
 wAvCumul=  0.99999949586978143     
 it=         613
 scc_cumul=  0.99999949586978143     
   call pgmres
 wAvCumul=  0.99999950765497481     
 it=         614
 scc_cumul=  0.99999950765497481     
   call pgmres
 wAvCumul=  0.99999951916466234     
 it=         615
 scc_cumul=  0.99999951916466234     
   call pgmres
 wAvCumul=  0.99999953040528466     
 it=         616
 scc_cumul=  0.99999953040528466     
   call pgmres
 wAvCumul=  0.99999954138313185     
 it=         617
 scc_cumul=  0.99999954138313185     
   call pgmres
 wAvCumul=  0.99999955210434688     
 it=         618
 scc_cumul=  0.99999955210434688     
   call pgmres
 wAvCumul=  0.99999956257492906     
 it=         619
 scc_cumul=  0.99999956257492906     
   call pgmres
 wAvCumul=  0.99999957280073748     
 it=         620
 scc_cumul=  0.99999957280073748     
   call pgmres
 wAvCumul=  0.99999958278749435     
 it=         621
 scc_cumul=  0.99999958278749435     
   call pgmres
 wAvCumul=  0.99999959254078796     
 it=         622
 scc_cumul=  0.99999959254078796     
   call pgmres
 wAvCumul=  0.99999960206607608     
 it=         623
 scc_cumul=  0.99999960206607608     
   call pgmres
 wAvCumul=  0.99999961136868887     
 it=         624
 scc_cumul=  0.99999961136868887     
   call pgmres
 wAvCumul=  0.99999962045383184     
 it=         625
 scc_cumul=  0.99999962045383184     
   call pgmres
 wAvCumul=  0.99999962932658892     
 it=         626
 scc_cumul=  0.99999962932658892     
   call pgmres
 wAvCumul=  0.99999963799192504     
 it=         627
 scc_cumul=  0.99999963799192504     
   call pgmres
 wAvCumul=  0.99999964645468919     
 it=         628
 scc_cumul=  0.99999964645468919     
   call pgmres
 wAvCumul=  0.99999965471961694     
 it=         629
 scc_cumul=  0.99999965471961694     
   call pgmres
 wAvCumul=  0.99999966279133312     
 it=         630
 scc_cumul=  0.99999966279133312     
   call pgmres
 wAvCumul=  0.99999967067435458     
 it=         631
 scc_cumul=  0.99999967067435458     
   call pgmres
 wAvCumul=  0.99999967837309245     
 it=         632
 scc_cumul=  0.99999967837309245     
   call pgmres
 wAvCumul=  0.99999968589185473     
 it=         633
 scc_cumul=  0.99999968589185473     
   call pgmres
 wAvCumul=  0.99999969323484883     
 it=         634
 scc_cumul=  0.99999969323484883     
   call pgmres
 wAvCumul=  0.99999970040618369     
 it=         635
 scc_cumul=  0.99999970040618369     
   call pgmres
 wAvCumul=  0.99999970740987221     
 it=         636
 scc_cumul=  0.99999970740987221     
   call pgmres
 wAvCumul=  0.99999971424983358     
 it=         637
 scc_cumul=  0.99999971424983358     
   call pgmres
 wAvCumul=  0.99999972092989531     
 it=         638
 scc_cumul=  0.99999972092989531     
   call pgmres
 wAvCumul=  0.99999972745379528     
 it=         639
 scc_cumul=  0.99999972745379528     
   call pgmres
 wAvCumul=  0.99999973382518426     
 it=         640
 scc_cumul=  0.99999973382518426     
   call pgmres
 wAvCumul=  0.99999974004762748     
 it=         641
 scc_cumul=  0.99999974004762748     
   call pgmres
 wAvCumul=  0.99999974612460696     
 it=         642
 scc_cumul=  0.99999974612460696     
   call pgmres
 wAvCumul=  0.99999975205952318     
 it=         643
 scc_cumul=  0.99999975205952318     
   call pgmres
 wAvCumul=  0.99999975785569717     
 it=         644
 scc_cumul=  0.99999975785569717     
   call pgmres
 wAvCumul=  0.99999976351637232     
 it=         645
 scc_cumul=  0.99999976351637232     
   call pgmres
 wAvCumul=  0.99999976904471632     
 it=         646
 scc_cumul=  0.99999976904471632     
   call pgmres
 wAvCumul=  0.99999977444382271     
 it=         647
 scc_cumul=  0.99999977444382271     
   call pgmres
 wAvCumul=  0.99999977971671261     
 it=         648
 scc_cumul=  0.99999977971671261     
   call pgmres
 wAvCumul=  0.99999978486633667     
 it=         649
 scc_cumul=  0.99999978486633667     
   call pgmres
 wAvCumul=  0.99999978989557659     
 it=         650
 scc_cumul=  0.99999978989557659     
   call pgmres
 wAvCumul=  0.99999979480724654     
 it=         651
 scc_cumul=  0.99999979480724654     
   call pgmres
 wAvCumul=  0.99999979960409502     
 it=         652
 scc_cumul=  0.99999979960409502     
   call pgmres
 wAvCumul=  0.99999980428880619     
 it=         653
 scc_cumul=  0.99999980428880619     
   call pgmres
 wAvCumul=  0.99999980886400164     
 it=         654
 scc_cumul=  0.99999980886400164     
   call pgmres
 wAvCumul=  0.99999981333224142     
 it=         655
 scc_cumul=  0.99999981333224142     
   call pgmres
 wAvCumul=  0.99999981769602586     
 it=         656
 scc_cumul=  0.99999981769602586     
   call pgmres
 wAvCumul=  0.99999982195779691     
 it=         657
 scc_cumul=  0.99999982195779691     
   call pgmres
 wAvCumul=  0.99999982611993932     
 it=         658
 scc_cumul=  0.99999982611993932     
   call pgmres
 wAvCumul=  0.99999983018478222     
 it=         659
 scc_cumul=  0.99999983018478222     
   call pgmres
 wAvCumul=  0.99999983415460014     
 it=         660
 scc_cumul=  0.99999983415460014     
   call pgmres
 wAvCumul=  0.99999983803161452     
 it=         661
 scc_cumul=  0.99999983803161452     
   call pgmres
 wAvCumul=  0.99999984181799484     
 it=         662
 scc_cumul=  0.99999984181799484     
   call pgmres
 wAvCumul=  0.99999984551585985     
 it=         663
 scc_cumul=  0.99999984551585985     
   call pgmres
 wAvCumul=  0.99999984912727891     
 it=         664
 scc_cumul=  0.99999984912727891     
   call pgmres
 wAvCumul=  0.99999985265427271     
 it=         665
 scc_cumul=  0.99999985265427271     
   call pgmres
 wAvCumul=  0.99999985609881503     
 it=         666
 scc_cumul=  0.99999985609881503     
   call pgmres
 wAvCumul=  0.99999985946283332     
 it=         667
 scc_cumul=  0.99999985946283332     
   call pgmres
 wAvCumul=  0.99999986274821007     
 it=         668
 scc_cumul=  0.99999986274821007     
   call pgmres
 wAvCumul=  0.99999986595678358     
 it=         669
 scc_cumul=  0.99999986595678358     
   call pgmres
 wAvCumul=  0.99999986909034944     
 it=         670
 scc_cumul=  0.99999986909034944     
   call pgmres
 wAvCumul=  0.99999987215066100     
 it=         671
 scc_cumul=  0.99999987215066100     
   call pgmres
 wAvCumul=  0.99999987513943078     
 it=         672
 scc_cumul=  0.99999987513943078     
   call pgmres
 wAvCumul=  0.99999987805833124     
 it=         673
 scc_cumul=  0.99999987805833124     
   call pgmres
 wAvCumul=  0.99999988090899583     
 it=         674
 scc_cumul=  0.99999988090899583     
   call pgmres
 wAvCumul=  0.99999988369301962     
 it=         675
 scc_cumul=  0.99999988369301962     
   call pgmres
 wAvCumul=  0.99999988641196047     
 it=         676
 scc_cumul=  0.99999988641196047     
   call pgmres
 wAvCumul=  0.99999988906733994     
 it=         677
 scc_cumul=  0.99999988906733994     
   call pgmres
 wAvCumul=  0.99999989166064385     
 it=         678
 scc_cumul=  0.99999989166064385     
   call pgmres
 wAvCumul=  0.99999989419332336     
 it=         679
 scc_cumul=  0.99999989419332336     
   call pgmres
 wAvCumul=  0.99999989666679567     
 it=         680
 scc_cumul=  0.99999989666679567     
   call pgmres
 wAvCumul=  0.99999989908244491     
 it=         681
 scc_cumul=  0.99999989908244491     
   call pgmres
 wAvCumul=  0.99999990144162287     
 it=         682
 scc_cumul=  0.99999990144162287     
   call pgmres
 wAvCumul=  0.99999990374564962     
 it=         683
 scc_cumul=  0.99999990374564962     
   call pgmres
 wAvCumul=  0.99999990599581456     
 it=         684
 scc_cumul=  0.99999990599581456     
   call pgmres
 wAvCumul=  0.99999990819337670     
 it=         685
 scc_cumul=  0.99999990819337670     
   call pgmres
 wAvCumul=  0.99999991033956581     
 it=         686
 scc_cumul=  0.99999991033956581     
   call pgmres
 wAvCumul=  0.99999991243558295     
 it=         687
 scc_cumul=  0.99999991243558295     
   call pgmres
 wAvCumul=  0.99999991448260084     
 it=         688
 scc_cumul=  0.99999991448260084     
   call pgmres
 wAvCumul=  0.99999991648176501     
 it=         689
 scc_cumul=  0.99999991648176501     
   call pgmres
 wAvCumul=  0.99999991843419422     
 it=         690
 scc_cumul=  0.99999991843419422     
   call pgmres
 wAvCumul=  0.99999992034098095     
 it=         691
 scc_cumul=  0.99999992034098095     
   call pgmres
 wAvCumul=  0.99999992220319212     
 it=         692
 scc_cumul=  0.99999992220319212     
   call pgmres
 wAvCumul=  0.99999992402186988     
 it=         693
 scc_cumul=  0.99999992402186988     
   call pgmres
 wAvCumul=  0.99999992579803187     
 it=         694
 scc_cumul=  0.99999992579803187     
   call pgmres
 wAvCumul=  0.99999992753267208     
 it=         695
 scc_cumul=  0.99999992753267208     
   call pgmres
 wAvCumul=  0.99999992922676106     
 it=         696
 scc_cumul=  0.99999992922676106     
   call pgmres
 wAvCumul=  0.99999993088124695     
 it=         697
 scc_cumul=  0.99999993088124695     
   call pgmres
 wAvCumul=  0.99999993249705543     
 it=         698
 scc_cumul=  0.99999993249705543     
   call pgmres
 wAvCumul=  0.99999993407509069     
 it=         699
 scc_cumul=  0.99999993407509069     
   call pgmres
 wAvCumul=  0.99999993561623579     
 it=         700
 scc_cumul=  0.99999993561623579     
   call pgmres
 wAvCumul=  0.99999993712135304     
 procid=           0  call outputsol
 procid=           1  call outputsol
 procid=           2  call outputsol
 procid=           3  call outputsol
 call sccout
 it=         701
 scc_cumul=  0.99999993712135304     
   call pgmres
 wAvCumul=  0.99999993859128478     
 it=         702
 scc_cumul=  0.99999993859128478     
   call pgmres
 wAvCumul=  0.99999994002685355     
 it=         703
 scc_cumul=  0.99999994002685355     
   call pgmres
 wAvCumul=  0.99999994142886262     
 it=         704
 scc_cumul=  0.99999994142886262     
   call pgmres
 wAvCumul=  0.99999994279809645     
 it=         705
 scc_cumul=  0.99999994279809645     
   call pgmres
 wAvCumul=  0.99999994413532134     
 it=         706
 scc_cumul=  0.99999994413532134     
   call pgmres
 wAvCumul=  0.99999994544128556     
 it=         707
 scc_cumul=  0.99999994544128556     
   call pgmres
 wAvCumul=  0.99999994671671988     
 it=         708
 scc_cumul=  0.99999994671671988     
   call pgmres
 wAvCumul=  0.99999994796233804     
 it=         709
 scc_cumul=  0.99999994796233804     
   call pgmres
 wAvCumul=  0.99999994917883706     
 it=         710
 scc_cumul=  0.99999994917883706     
   call pgmres
 wAvCumul=  0.99999995036689759     
 it=         711
 scc_cumul=  0.99999995036689759     
   call pgmres
 wAvCumul=  0.99999995152718457     
 it=         712
 scc_cumul=  0.99999995152718457     
   call pgmres
 wAvCumul=  0.99999995266034714     
 it=         713
 scc_cumul=  0.99999995266034714     
   call pgmres
 wAvCumul=  0.99999995376701944     
 it=         714
 scc_cumul=  0.99999995376701944     
   call pgmres
 wAvCumul=  0.99999995484782078     
 it=         715
 scc_cumul=  0.99999995484782078     
   call pgmres
 wAvCumul=  0.99999995590335589     
 it=         716
 scc_cumul=  0.99999995590335589     
   call pgmres
 wAvCumul=  0.99999995693421551     
 it=         717
 scc_cumul=  0.99999995693421551     
   call pgmres
 wAvCumul=  0.99999995794097640     
 it=         718
 scc_cumul=  0.99999995794097640     
   call pgmres
 wAvCumul=  0.99999995892420201     
 it=         719
 scc_cumul=  0.99999995892420201     
   call pgmres
 wAvCumul=  0.99999995988444246     
 it=         720
 scc_cumul=  0.99999995988444246     
   call pgmres
 wAvCumul=  0.99999996082223508     
 it=         721
 scc_cumul=  0.99999996082223508     
   call pgmres
 wAvCumul=  0.99999996173810468     
 it=         722
 scc_cumul=  0.99999996173810468     
   call pgmres
 wAvCumul=  0.99999996263256374     
 it=         723
 scc_cumul=  0.99999996263256374     
   call pgmres
 wAvCumul=  0.99999996350611275     
 it=         724
 scc_cumul=  0.99999996350611275     
   call pgmres
 wAvCumul=  0.99999996435924055     
 it=         725
 scc_cumul=  0.99999996435924055     
   call pgmres
 wAvCumul=  0.99999996519242451     
 it=         726
 scc_cumul=  0.99999996519242451     
   call pgmres
 wAvCumul=  0.99999996600613095     
 it=         727
 scc_cumul=  0.99999996600613095     
   call pgmres
 wAvCumul=  0.99999996680081515     
 it=         728
 scc_cumul=  0.99999996680081515     
   call pgmres
 wAvCumul=  0.99999996757692178     
 it=         729
 scc_cumul=  0.99999996757692178     
   call pgmres
 wAvCumul=  0.99999996833488514     
 it=         730
 scc_cumul=  0.99999996833488514     
   call pgmres
 wAvCumul=  0.99999996907512945     
 it=         731
 scc_cumul=  0.99999996907512945     
   call pgmres
 wAvCumul=  0.99999996979806882     
 it=         732
 scc_cumul=  0.99999996979806882     
   call pgmres
 wAvCumul=  0.99999997050410783     
 it=         733
 scc_cumul=  0.99999997050410783     
   call pgmres
 wAvCumul=  0.99999997119364159     
 it=         734
 scc_cumul=  0.99999997119364159     
   call pgmres
 wAvCumul=  0.99999997186705591     
 it=         735
 scc_cumul=  0.99999997186705591     
   call pgmres
 wAvCumul=  0.99999997252472761     
 it=         736
 scc_cumul=  0.99999997252472761     
   call pgmres
 wAvCumul=  0.99999997316702471     
 it=         737
 scc_cumul=  0.99999997316702471     
   call pgmres
 wAvCumul=  0.99999997379430672     
 it=         738
 scc_cumul=  0.99999997379430672     
   call pgmres
 wAvCumul=  0.99999997440692456     
 it=         739
 scc_cumul=  0.99999997440692456     
   call pgmres
 wAvCumul=  0.99999997500522109     
 it=         740
 scc_cumul=  0.99999997500522109     
   call pgmres
 wAvCumul=  0.99999997558953102     
 it=         741
 scc_cumul=  0.99999997558953102     
   call pgmres
 wAvCumul=  0.99999997616018144     
 it=         742
 scc_cumul=  0.99999997616018144     
   call pgmres
 wAvCumul=  0.99999997671749152     
 it=         743
 scc_cumul=  0.99999997671749152     
   call pgmres
 wAvCumul=  0.99999997726177325     
 it=         744
 scc_cumul=  0.99999997726177325     
   call pgmres
 wAvCumul=  0.99999997779333116     
 it=         745
 scc_cumul=  0.99999997779333116     
   call pgmres
 wAvCumul=  0.99999997831246268     
 it=         746
 scc_cumul=  0.99999997831246268     
   call pgmres
 wAvCumul=  0.99999997881945835     
 it=         747
 scc_cumul=  0.99999997881945835     
   call pgmres
 wAvCumul=  0.99999997931460183     
 it=         748
 scc_cumul=  0.99999997931460183     
   call pgmres
 wAvCumul=  0.99999997979817012     
 it=         749
 scc_cumul=  0.99999997979817012     
   call pgmres
 wAvCumul=  0.99999998027043391     
 it=         750
 scc_cumul=  0.99999998027043391     
   call pgmres
 wAvCumul=  0.99999998073165752     
 it=         751
 scc_cumul=  0.99999998073165752     
   call pgmres
 wAvCumul=  0.99999998118209898     
 it=         752
 scc_cumul=  0.99999998118209898     
   call pgmres
 wAvCumul=  0.99999998162201031     
 it=         753
 scc_cumul=  0.99999998162201031     
   call pgmres
 wAvCumul=  0.99999998205163776     
 it=         754
 scc_cumul=  0.99999998205163776     
   call pgmres
 wAvCumul=  0.99999998247122168     
 it=         755
 scc_cumul=  0.99999998247122168     
   call pgmres
 wAvCumul=  0.99999998288099690     
 it=         756
 scc_cumul=  0.99999998288099690     
   call pgmres
 wAvCumul=  0.99999998328119266     
 it=         757
 scc_cumul=  0.99999998328119266     
   call pgmres
 wAvCumul=  0.99999998367203291     
 it=         758
 scc_cumul=  0.99999998367203291     
   call pgmres
 wAvCumul=  0.99999998405373636     
 it=         759
 scc_cumul=  0.99999998405373636     
   call pgmres
 wAvCumul=  0.99999998442651661     
 it=         760
 scc_cumul=  0.99999998442651661     
   call pgmres
 wAvCumul=  0.99999998479058227     
 it=         761
 scc_cumul=  0.99999998479058227     
   call pgmres
 wAvCumul=  0.99999998514613708     
 it=         762
 scc_cumul=  0.99999998514613708     
   call pgmres
 wAvCumul=  0.99999998549337998     
 it=         763
 scc_cumul=  0.99999998549337998     
   call pgmres
 wAvCumul=  0.99999998583250527     
 it=         764
 scc_cumul=  0.99999998583250527     
   call pgmres
 wAvCumul=  0.99999998616370278     
 it=         765
 scc_cumul=  0.99999998616370278     
   call pgmres
 wAvCumul=  0.99999998648715782     
 it=         766
 scc_cumul=  0.99999998648715782     
   call pgmres
 wAvCumul=  0.99999998680305136     
 it=         767
 scc_cumul=  0.99999998680305136     
   call pgmres
 wAvCumul=  0.99999998711156013     
 it=         768
 scc_cumul=  0.99999998711156013     
   call pgmres
 wAvCumul=  0.99999998741285678     
 it=         769
 scc_cumul=  0.99999998741285678     
   call pgmres
 wAvCumul=  0.99999998770710996     
 it=         770
 scc_cumul=  0.99999998770710996     
   call pgmres
 wAvCumul=  0.99999998799448431     
 it=         771
 scc_cumul=  0.99999998799448431     
   call pgmres
 wAvCumul=  0.99999998827514058     
 it=         772
 scc_cumul=  0.99999998827514058     
   call pgmres
 wAvCumul=  0.99999998854923589     
 it=         773
 scc_cumul=  0.99999998854923589     
   call pgmres
 wAvCumul=  0.99999998881692365     
 it=         774
 scc_cumul=  0.99999998881692365     
   call pgmres
 wAvCumul=  0.99999998907835352     
 it=         775
 scc_cumul=  0.99999998907835352     
   call pgmres
 wAvCumul=  0.99999998933367196     
 it=         776
 scc_cumul=  0.99999998933367196     
   call pgmres
 wAvCumul=  0.99999998958302172     
 it=         777
 scc_cumul=  0.99999998958302172     
   call pgmres
 wAvCumul=  0.99999998982654237     
 it=         778
 scc_cumul=  0.99999998982654237     
   call pgmres
 wAvCumul=  0.99999999006437013     
 it=         779
 scc_cumul=  0.99999999006437013     
   call pgmres
 wAvCumul=  0.99999999029663811     
 it=         780
 scc_cumul=  0.99999999029663811     
   call pgmres
 wAvCumul=  0.99999999052347632     
 it=         781
 scc_cumul=  0.99999999052347632     
   call pgmres
 wAvCumul=  0.99999999074501167     
 it=         782
 scc_cumul=  0.99999999074501167     
   call pgmres
 wAvCumul=  0.99999999096136816     
 it=         783
 scc_cumul=  0.99999999096136816     
   call pgmres
 wAvCumul=  0.99999999117266680     
 it=         784
 scc_cumul=  0.99999999117266680     
   call pgmres
 wAvCumul=  0.99999999137902584     
 it=         785
 scc_cumul=  0.99999999137902584     
   call pgmres
 wAvCumul=  0.99999999158056074     
 it=         786
 scc_cumul=  0.99999999158056074     
   call pgmres
 wAvCumul=  0.99999999177738430     
 it=         787
 scc_cumul=  0.99999999177738430     
   call pgmres
 wAvCumul=  0.99999999196960665     
 it=         788
 scc_cumul=  0.99999999196960665     
   call pgmres
 wAvCumul=  0.99999999215733537     
 it=         789
 scc_cumul=  0.99999999215733537     
   call pgmres
 wAvCumul=  0.99999999234067549     
 it=         790
 scc_cumul=  0.99999999234067549     
   call pgmres
 wAvCumul=  0.99999999251972971     
 it=         791
 scc_cumul=  0.99999999251972971     
   call pgmres
 wAvCumul=  0.99999999269459805     
 it=         792
 scc_cumul=  0.99999999269459805     
   call pgmres
 wAvCumul=  0.99999999286537844     
 it=         793
 scc_cumul=  0.99999999286537844     
   call pgmres
 wAvCumul=  0.99999999303216647     
 it=         794
 scc_cumul=  0.99999999303216647     
   call pgmres
 wAvCumul=  0.99999999319505550     
 it=         795
 scc_cumul=  0.99999999319505550     
   call pgmres
 wAvCumul=  0.99999999335413658     
 it=         796
 scc_cumul=  0.99999999335413658     
   call pgmres
 wAvCumul=  0.99999999350949875     
 it=         797
 scc_cumul=  0.99999999350949875     
   call pgmres
 wAvCumul=  0.99999999366122905     
 it=         798
 scc_cumul=  0.99999999366122905     
   call pgmres
 wAvCumul=  0.99999999380941229     
 it=         799
 scc_cumul=  0.99999999380941229     
   call pgmres
 wAvCumul=  0.99999999395413142     
 it=         800
 scc_cumul=  0.99999999395413142     
   call pgmres
 wAvCumul=  0.99999999409546736     
 procid=           0  call outputsol
 procid=           1  call outputsol
 procid=           2  call outputsol
 procid=           3  call outputsol
 call sccout
 it=         801
 scc_cumul=  0.99999999409546736     
   call pgmres
 wAvCumul=  0.99999999423349928     
 it=         802
 scc_cumul=  0.99999999423349928     
   call pgmres
 wAvCumul=  0.99999999436830433     
 it=         803
 scc_cumul=  0.99999999436830433     
   call pgmres
 wAvCumul=  0.99999999449995802     
 it=         804
 scc_cumul=  0.99999999449995802     
   call pgmres
 wAvCumul=  0.99999999462853406     
 it=         805
 scc_cumul=  0.99999999462853406     
   call pgmres
 wAvCumul=  0.99999999475410428     
 it=         806
 scc_cumul=  0.99999999475410428     
   call pgmres
 wAvCumul=  0.99999999487673907     
 it=         807
 scc_cumul=  0.99999999487673907     
   call pgmres
 wAvCumul=  0.99999999499650694     
 it=         808
 scc_cumul=  0.99999999499650694     
   call pgmres
 wAvCumul=  0.99999999511347504     
 it=         809
 scc_cumul=  0.99999999511347504     
   call pgmres
 wAvCumul=  0.99999999522770866     
 it=         810
 scc_cumul=  0.99999999522770866     
   call pgmres
 wAvCumul=  0.99999999533927186     
 it=         811
 scc_cumul=  0.99999999533927186     
   call pgmres
 wAvCumul=  0.99999999544822704     
 it=         812
 scc_cumul=  0.99999999544822704     
   call pgmres
 wAvCumul=  0.99999999555463515     
 it=         813
 scc_cumul=  0.99999999555463515     
   call pgmres
 wAvCumul=  0.99999999565855568     
 it=         814
 scc_cumul=  0.99999999565855568     
   call pgmres
 wAvCumul=  0.99999999576004683     
 it=         815
 scc_cumul=  0.99999999576004683     
   call pgmres
 wAvCumul=  0.99999999585916544     
 it=         816
 scc_cumul=  0.99999999585916544     
   call pgmres
 wAvCumul=  0.99999999595596689     
 it=         817
 scc_cumul=  0.99999999595596689     
   call pgmres
 wAvCumul=  0.99999999605050538     
 it=         818
 scc_cumul=  0.99999999605050538     
   call pgmres
 wAvCumul=  0.99999999614283386     
 it=         819
 scc_cumul=  0.99999999614283386     
   call pgmres
 wAvCumul=  0.99999999623300395     
 it=         820
 scc_cumul=  0.99999999623300395     
   call pgmres
 wAvCumul=  0.99999999632106606     
 it=         821
 scc_cumul=  0.99999999632106606     
   call pgmres
 wAvCumul=  0.99999999640706949     
 it=         822
 scc_cumul=  0.99999999640706949     
   call pgmres
 wAvCumul=  0.99999999649106242     
 it=         823
 scc_cumul=  0.99999999649106242     
   call pgmres
 wAvCumul=  0.99999999657309180     
 it=         824
 scc_cumul=  0.99999999657309180     
   call pgmres
 wAvCumul=  0.99999999665320360     
 it=         825
 scc_cumul=  0.99999999665320360     
   call pgmres
 wAvCumul=  0.99999999673144258     
 it=         826
 scc_cumul=  0.99999999673144258     
   call pgmres
 wAvCumul=  0.99999999680785256     
 it=         827
 scc_cumul=  0.99999999680785256     
   call pgmres
 wAvCumul=  0.99999999688247632     
 it=         828
 scc_cumul=  0.99999999688247632     
   call pgmres
 wAvCumul=  0.99999999695535557     
 it=         829
 scc_cumul=  0.99999999695535557     
   call pgmres
 wAvCumul=  0.99999999702653108     
 it=         830
 scc_cumul=  0.99999999702653108     
   call pgmres
 wAvCumul=  0.99999999709604270     
 it=         831
 scc_cumul=  0.99999999709604270     
   call pgmres
 wAvCumul=  0.99999999716392929     
 it=         832
 scc_cumul=  0.99999999716392929     
   call pgmres
 wAvCumul=  0.99999999723022892     
 it=         833
 scc_cumul=  0.99999999723022892     
   call pgmres
 wAvCumul=  0.99999999729497868     
 it=         834
 scc_cumul=  0.99999999729497868     
   call pgmres
 wAvCumul=  0.99999999735821476     
 it=         835
 scc_cumul=  0.99999999735821476     
   call pgmres
 wAvCumul=  0.99999999741997248     
 it=         836
 scc_cumul=  0.99999999741997248     
   call pgmres
 wAvCumul=  0.99999999748028645     
 it=         837
 scc_cumul=  0.99999999748028645     
   call pgmres
 wAvCumul=  0.99999999753919055     
 it=         838
 scc_cumul=  0.99999999753919055     
   call pgmres
 wAvCumul=  0.99999999759671754     
 it=         839
 scc_cumul=  0.99999999759671754     
   call pgmres
 wAvCumul=  0.99999999765289971     
 it=         840
 scc_cumul=  0.99999999765289971     
   call pgmres
 wAvCumul=  0.99999999770776848     
 it=         841
 scc_cumul=  0.99999999770776848     
   call pgmres
 wAvCumul=  0.99999999776135462     
 it=         842
 scc_cumul=  0.99999999776135462     
   call pgmres
 wAvCumul=  0.99999999781368809     
 it=         843
 scc_cumul=  0.99999999781368809     
   call pgmres
 wAvCumul=  0.99999999786479810     
 it=         844
 scc_cumul=  0.99999999786479810     
   call pgmres
 wAvCumul=  0.99999999791471328     
 it=         845
 scc_cumul=  0.99999999791471328     
   call pgmres
 wAvCumul=  0.99999999796346162     
 it=         846
 scc_cumul=  0.99999999796346162     
   call pgmres
 wAvCumul=  0.99999999801107031     
 i=           1  zforce=  -4.7345071579047707E-012   2.8113681644564906E-009  -1.0337073491998543E-012
 i=           2  zforce=   1.8751702939424026E-011  -2.7040998588314854E-009  -3.4754754725765737E-011
 procid=           1  call outputsol
 procid=           0  call outputsol
 procid=           2  call outputsol
 procid=           3  call outputsol
 procid=           1  call rdmdump
 procid=           2  call rdmdump
 procid=           3  call rdmdump
 For electrons: nactive=     1284646
 For electrons: nactive=     1284716
 For electrons: nactive=     1284695
 For ions:      nactive=      539385
 procid=           0  call rdmdump
 For ions:      nactive=      540182
 For ions:      nactive=      541189
 For electrons: nactive=     1284644
 For ions:      nactive=      539404
 Simulation time=   2402.7038291180002     
