  100.00  0.17414E+10  190.4
  101.00  0.17621E+10  192.4
  102.00  0.17756E+10  194.9
  103.00  0.17837E+10  198.1
  104.00  0.17884E+10  201.9
  105.00  0.17908E+10  206.3
  106.00  0.17919E+10  211.3
  107.00  0.17923E+10  217.0
  108.00  0.17924E+10  223.4
  109.00  0.17924E+10  230.4
  110.00  0.17924E+10  238.2
  111.00  0.17755E+10  246.7
  112.00  0.17287E+10  256.0
  113.00  0.16585E+10  266.1
  114.00  0.15715E+10  277.0
  115.00  0.14738E+10  288.7
  116.00  0.13708E+10  301.2
  117.00  0.12669E+10  314.5
  118.00  0.11653E+10  328.4
  119.00  0.10684E+10  342.8
  120.00  0.97799E+09  357.6
  121.00  0.89483E+09  372.6
  122.00  0.81937E+09  387.3
  123.00  0.75165E+09  401.5
  124.00  0.69144E+09  413.7
  125.00  0.63836E+09  426.0
  126.00  0.59191E+09  438.0
  127.00  0.55157E+09  449.6
  128.00  0.51680E+09  460.8
  129.00  0.48710E+09  471.7
  130.00  0.46200E+09  482.2
  131.00  0.44105E+09  492.5
  132.00  0.42389E+09  502.4
  133.00  0.41018E+09  512.0
  134.00  0.39966E+09  521.3
  135.00  0.39207E+09  530.3
  136.00  0.38723E+09  539.0
  137.00  0.38499E+09  547.5
  138.00  0.38523E+09  555.7
  139.00  0.38787E+09  563.7
  140.00  0.39283E+09  571.4
  141.00  0.40010E+09  579.2
  142.00  0.40964E+09  589.1
  143.00  0.42146E+09  598.8
  144.00  0.43556E+09  608.3
  145.00  0.45198E+09  617.6
  146.00  0.47072E+09  626.6
  147.00  0.49180E+09  635.4
  148.00  0.51526E+09  643.8
  149.00  0.54108E+09  651.8
  150.00  0.56927E+09  659.5
  151.00  0.59981E+09  666.7
  152.00  0.63264E+09  673.4
  153.00  0.66771E+09  679.8
  154.00  0.70493E+09  685.6
  155.00  0.74419E+09  691.0
  156.00  0.78535E+09  696.0
  157.00  0.82827E+09  700.6
  158.00  0.87280E+09  704.8
  159.00  0.91877E+09  708.6
  160.00  0.96605E+09  712.1
  161.00  0.10145E+10  715.3
  162.00  0.10641E+10  718.3
  163.00  0.11148E+10  721.0
  164.00  0.11667E+10  723.6
  165.00  0.12200E+10  726.0
  166.00  0.12749E+10  728.3
  167.00  0.13321E+10  730.4
  168.00  0.13922E+10  732.5
  169.00  0.14562E+10  734.5
  170.00  0.15253E+10  736.4
  171.00  0.16013E+10  738.2
  172.00  0.16861E+10  740.0
  173.00  0.17827E+10  741.8
  174.00  0.18276E+10  743.6
  175.00  0.18674E+10  745.3
  176.00  0.19083E+10  747.0
  177.00  0.19504E+10  748.6
  178.00  0.19937E+10  750.3
  179.00  0.20382E+10  752.0
  180.00  0.20839E+10  753.6
  181.00  0.21310E+10  755.2
  182.00  0.21795E+10  756.8
  183.00  0.22294E+10  758.5
  184.00  0.22809E+10  760.1
  185.00  0.23338E+10  761.7
  186.00  0.23884E+10  763.3
  187.00  0.24447E+10  764.9
  188.00  0.25028E+10  766.5
  189.00  0.25627E+10  768.1
  190.00  0.26245E+10  769.7
  191.00  0.26884E+10  771.3
  192.00  0.27543E+10  772.9
  193.00  0.28225E+10  774.5
  194.00  0.28930E+10  776.1
  195.00  0.29660E+10  777.7
  196.00  0.30415E+10  779.3
  197.00  0.31196E+10  780.9
  198.00  0.32007E+10  782.5
  199.00  0.32847E+10  784.1
  200.00  0.33718E+10  785.7
  201.00  0.34623E+10  787.3
  202.00  0.35563E+10  788.9
  203.00  0.36541E+10  790.5
  204.00  0.37558E+10  792.1
  205.00  0.38617E+10  793.7
  206.00  0.39721E+10  795.3
  207.00  0.40874E+10  796.9
  208.00  0.42077E+10  798.5
  209.00  0.43336E+10  800.1
  210.00  0.44654E+10  801.7
  211.00  0.46035E+10  803.3
  212.00  0.47486E+10  804.9
  213.00  0.49011E+10  806.5
  214.00  0.50617E+10  808.1
  215.00  0.52312E+10  809.7
  216.00  0.54105E+10  811.2
  217.00  0.56006E+10  812.8
  218.00  0.58025E+10  814.4
  219.00  0.60178E+10  816.0
  220.00  0.62480E+10  817.6
  221.00  0.64952E+10  819.2
  222.00  0.67617E+10  820.8
  223.00  0.70507E+10  822.4
  224.00  0.73660E+10  824.0
  225.00  0.77128E+10  825.6
  226.00  0.80979E+10  827.2
  227.00  0.85312E+10  828.8
  228.00  0.90270E+10  830.4
  229.00  0.96012E+10  832.0
  230.00  0.10216E+11  833.6
  231.00  0.10860E+11  835.2
  232.00  0.11535E+11  836.8
  233.00  0.12242E+11  838.4
  234.00  0.12981E+11  840.0
  235.00  0.13753E+11  841.6
  236.00  0.14558E+11  843.2
  237.00  0.15398E+11  844.8
  238.00  0.16272E+11  846.4
  239.00  0.17182E+11  848.0
  240.00  0.18128E+11  849.6
  241.00  0.19109E+11  851.1
  242.00  0.20128E+11  852.7
  243.00  0.21184E+11  854.3
  244.00  0.22277E+11  855.9
  245.00  0.23407E+11  857.5
  246.00  0.24575E+11  859.1
  247.00  0.25781E+11  860.7
  248.00  0.27025E+11  862.3
  249.00  0.28306E+11  863.9
  250.00  0.29624E+11  865.5
  251.00  0.30980E+11  867.1
  252.00  0.32372E+11  868.7
  253.00  0.33801E+11  870.3
  254.00  0.35266E+11  871.9
  255.00  0.36766E+11  873.5
  256.00  0.38301E+11  875.1
  257.00  0.39869E+11  876.7
  258.00  0.41471E+11  878.3
  259.00  0.43105E+11  879.9
  260.00  0.44769E+11  881.5
  261.00  0.46464E+11  883.1
  262.00  0.48187E+11  884.7
  263.00  0.49938E+11  886.3
  264.00  0.51715E+11  887.9
  265.00  0.53516E+11  889.5
  266.00  0.55340E+11  891.0
  267.00  0.57185E+11  892.6
  268.00  0.59050E+11  894.2
  269.00  0.60933E+11  895.8
  270.00  0.62832E+11  897.4
  271.00  0.64746E+11  899.0
  272.00  0.66671E+11  900.6
  273.00  0.68606E+11  902.2
  274.00  0.70550E+11  903.8
  275.00  0.72499E+11  905.4
  276.00  0.74452E+11  907.0
  277.00  0.76407E+11  908.6
  278.00  0.78361E+11  910.2
  279.00  0.80312E+11  911.8
  280.00  0.82258E+11  913.4
  281.00  0.84196E+11  915.0
  282.00  0.86125E+11  916.6
  283.00  0.88041E+11  918.2
  284.00  0.89944E+11  919.8
  285.00  0.91829E+11  921.4
  286.00  0.93696E+11  923.0
  287.00  0.95542E+11  924.6
  288.00  0.97364E+11  926.2
  289.00  0.99161E+11  927.8
  290.00  0.10093E+12  929.4
  291.00  0.10267E+12  930.9
  292.00  0.10438E+12  932.5
  293.00  0.10605E+12  934.1
  294.00  0.10769E+12  935.7
  295.00  0.10930E+12  937.3
  296.00  0.11086E+12  938.9
  297.00  0.11238E+12  940.5
  298.00  0.11386E+12  942.1
  299.00  0.11530E+12  943.7
  300.00  0.11669E+12  945.3
  301.00  0.11804E+12  946.9
  302.00  0.11933E+12  948.5
  303.00  0.12058E+12  950.1
  304.00  0.12178E+12  951.7
  305.00  0.12293E+12  953.3
  306.00  0.12403E+12  954.9
  307.00  0.12508E+12  956.5
  308.00  0.12608E+12  958.1
  309.00  0.12702E+12  959.7
  310.00  0.12791E+12  961.3
  311.00  0.12875E+12  962.9
  312.00  0.12953E+12  964.5
  313.00  0.13027E+12  966.1
  314.00  0.13095E+12  967.7
  315.00  0.13157E+12  969.2
  316.00  0.13215E+12  970.8
  317.00  0.13268E+12  972.4
  318.00  0.13315E+12  974.0
  319.00  0.13358E+12  975.6
  320.00  0.13396E+12  977.2
  321.00  0.13429E+12  978.8
  322.00  0.13458E+12  980.4
  323.00  0.13482E+12  982.0
  324.00  0.13502E+12  983.6
  325.00  0.13518E+12  985.2
  326.00  0.13530E+12  986.8
  327.00  0.13538E+12  988.3
  328.00  0.13543E+12  989.9
  329.00  0.13545E+12  991.5
  330.00  0.13545E+12  993.1
  331.00  0.13542E+12  994.6
  332.00  0.13538E+12  996.2
  333.00  0.13531E+12  997.8
  334.00  0.13523E+12  999.3
  335.00  0.13512E+12 1000.8
  336.00  0.13500E+12 1002.4
  337.00  0.13486E+12 1003.9
  338.00  0.13470E+12 1005.4
  339.00  0.13452E+12 1006.8
  340.00  0.13432E+12 1008.3
  341.00  0.13411E+12 1009.7
  342.00  0.13388E+12 1011.1
  343.00  0.13363E+12 1012.4
  344.00  0.13337E+12 1013.7
  345.00  0.13309E+12 1015.0
  346.00  0.13279E+12 1016.2
  347.00  0.13248E+12 1017.4
  348.00  0.13216E+12 1018.4
  349.00  0.13182E+12 1019.4
  350.00  0.13146E+12 1020.4
  351.00  0.13109E+12 1021.3
  352.00  0.13071E+12 1022.1
  353.00  0.13032E+12 1022.8
  354.00  0.12991E+12 1023.5
  355.00  0.12949E+12 1024.2
  356.00  0.12906E+12 1024.7
  357.00  0.12862E+12 1025.3
  358.00  0.12816E+12 1025.7
  359.00  0.12769E+12 1026.2
  360.00  0.12722E+12 1026.6
  361.00  0.12673E+12 1027.0
  362.00  0.12624E+12 1027.3
  363.00  0.12573E+12 1027.7
  364.00  0.12521E+12 1028.0
  365.00  0.12469E+12 1028.3
  366.00  0.12416E+12 1028.6
  367.00  0.12361E+12 1028.9
  368.00  0.12306E+12 1029.2
  369.00  0.12251E+12 1029.4
  370.00  0.12194E+12 1029.7
  371.00  0.12137E+12 1029.9
  372.00  0.12079E+12 1030.2
  373.00  0.12021E+12 1030.4
  374.00  0.11962E+12 1030.7
  375.00  0.11902E+12 1030.9
  376.00  0.11842E+12 1031.2
  377.00  0.11781E+12 1031.4
  378.00  0.11720E+12 1031.7
  379.00  0.11658E+12 1031.9
  380.00  0.11596E+12 1032.1
  381.00  0.11534E+12 1032.4
  382.00  0.11471E+12 1032.6
  383.00  0.11407E+12 1032.9
  384.00  0.11344E+12 1033.1
  385.00  0.11280E+12 1033.3
  386.00  0.11216E+12 1033.6
  387.00  0.11151E+12 1033.8
  388.00  0.11086E+12 1034.0
  389.00  0.11021E+12 1034.3
  390.00  0.10956E+12 1034.5
  391.00  0.10891E+12 1034.7
  392.00  0.10825E+12 1035.0
  393.00  0.10759E+12 1035.2
  394.00  0.10694E+12 1035.4
  395.00  0.10628E+12 1035.7
  396.00  0.10562E+12 1035.9
  397.00  0.10496E+12 1036.1
  398.00  0.10429E+12 1036.4
  399.00  0.10363E+12 1036.6
  400.00  0.10297E+12 1036.9
  401.00  0.10231E+12 1037.1
  402.00  0.10165E+12 1037.3
  403.00  0.10099E+12 1037.6
  404.00  0.10032E+12 1037.8
  405.00  0.99665E+11 1038.0
  406.00  0.99005E+11 1038.3
  407.00  0.98347E+11 1038.5
  408.00  0.97689E+11 1038.7
  409.00  0.97033E+11 1039.0
  410.00  0.96377E+11 1039.2
  411.00  0.95724E+11 1039.4
  412.00  0.95071E+11 1039.7
  413.00  0.94421E+11 1039.9
  414.00  0.93772E+11 1040.1
  415.00  0.93124E+11 1040.4
  416.00  0.92479E+11 1040.6
  417.00  0.91836E+11 1040.8
  418.00  0.91195E+11 1041.1
  419.00  0.90556E+11 1041.3
  420.00  0.89919E+11 1041.5
  421.00  0.89285E+11 1041.8
  422.00  0.88653E+11 1042.0
  423.00  0.88024E+11 1042.3
  424.00  0.87397E+11 1042.5
  425.00  0.86773E+11 1042.7
  426.00  0.86151E+11 1043.0
  427.00  0.85533E+11 1043.2
  428.00  0.84917E+11 1043.4
  429.00  0.84304E+11 1043.7
  430.00  0.83694E+11 1043.9
  431.00  0.83087E+11 1044.1
  432.00  0.82484E+11 1044.4
  433.00  0.81883E+11 1044.6
  434.00  0.81285E+11 1044.8
  435.00  0.80691E+11 1045.1
  436.00  0.80100E+11 1045.3
  437.00  0.79512E+11 1045.5
  438.00  0.78927E+11 1045.8
  439.00  0.78346E+11 1046.0
  440.00  0.77768E+11 1046.2
  441.00  0.77194E+11 1046.5
  442.00  0.76623E+11 1046.7
  443.00  0.76055E+11 1046.9
  444.00  0.75491E+11 1047.2
  445.00  0.74931E+11 1047.4
  446.00  0.74374E+11 1047.7
  447.00  0.73820E+11 1047.9
  448.00  0.73270E+11 1048.1
  449.00  0.72724E+11 1048.4
  450.00  0.72181E+11 1048.6
  451.00  0.71642E+11 1048.8
  452.00  0.71106E+11 1049.1
  453.00  0.70575E+11 1049.3
  454.00  0.70046E+11 1049.5
  455.00  0.69522E+11 1049.8
  456.00  0.69000E+11 1050.0
  457.00  0.68483E+11 1050.2
  458.00  0.67969E+11 1050.5
  459.00  0.67459E+11 1050.7
  460.00  0.66953E+11 1050.9
  461.00  0.66450E+11 1051.2
  462.00  0.65951E+11 1051.4
  463.00  0.65455E+11 1051.6
  464.00  0.64963E+11 1051.9
  465.00  0.64475E+11 1052.1
  466.00  0.63990E+11 1052.4
  467.00  0.63509E+11 1052.6
  468.00  0.63032E+11 1052.8
  469.00  0.62558E+11 1053.1
  470.00  0.62088E+11 1053.3
  471.00  0.61621E+11 1053.5
  472.00  0.61158E+11 1053.8
  473.00  0.60699E+11 1054.0
  474.00  0.60243E+11 1054.2
  475.00  0.59790E+11 1054.5
  476.00  0.59342E+11 1054.7
  477.00  0.58896E+11 1055.0
  478.00  0.58454E+11 1055.2
  479.00  0.58016E+11 1055.4
  480.00  0.57581E+11 1055.7
  481.00  0.57150E+11 1055.9
  482.00  0.56722E+11 1056.1
  483.00  0.56298E+11 1056.4
  484.00  0.55876E+11 1056.6
  485.00  0.55459E+11 1056.9
  486.00  0.55045E+11 1057.1
  487.00  0.54634E+11 1057.3
  488.00  0.54226E+11 1057.6
  489.00  0.53822E+11 1057.8
  490.00  0.53421E+11 1058.1
  491.00  0.53023E+11 1058.3
  492.00  0.52629E+11 1058.5
  493.00  0.52238E+11 1058.8
  494.00  0.51850E+11 1059.0
  495.00  0.51465E+11 1059.3
  496.00  0.51084E+11 1059.5
  497.00  0.50705E+11 1059.8
  498.00  0.50330E+11 1060.0
  499.00  0.49958E+11 1060.3
  500.00  0.49589E+11 1060.5
  501.00  0.49223E+11 1060.8
  502.00  0.48860E+11 1061.0
  503.00  0.48501E+11 1061.3
  504.00  0.48144E+11 1061.6
  505.00  0.47790E+11 1061.8
  506.00  0.47440E+11 1062.1
  507.00  0.47092E+11 1062.4
  508.00  0.46747E+11 1062.6
  509.00  0.46405E+11 1062.9
  510.00  0.46066E+11 1063.2
  511.00  0.45730E+11 1063.5
  512.00  0.45397E+11 1063.8
  513.00  0.45067E+11 1064.1
  514.00  0.44739E+11 1064.4
  515.00  0.44414E+11 1064.7
  516.00  0.44092E+11 1065.0
  517.00  0.43773E+11 1065.4
  518.00  0.43457E+11 1065.7
  519.00  0.43143E+11 1066.1
  520.00  0.42832E+11 1066.4
  521.00  0.42523E+11 1066.8
  522.00  0.42218E+11 1067.2
  523.00  0.41914E+11 1067.6
  524.00  0.41614E+11 1068.0
  525.00  0.41316E+11 1068.5
  526.00  0.41020E+11 1068.9
  527.00  0.40727E+11 1069.4
  528.00  0.40437E+11 1069.9
  529.00  0.40149E+11 1070.5
  530.00  0.39864E+11 1071.0
  531.00  0.39581E+11 1071.6
  532.00  0.39300E+11 1072.2
  533.00  0.39022E+11 1072.9
  534.00  0.38746E+11 1073.6
  535.00  0.38473E+11 1074.3
  536.00  0.38202E+11 1075.1
  537.00  0.37933E+11 1075.9
  538.00  0.37667E+11 1076.8
  539.00  0.37403E+11 1077.7
  540.00  0.37141E+11 1078.7
  541.00  0.36882E+11 1079.8
  542.00  0.36625E+11 1080.9
  543.00  0.36369E+11 1082.0
  544.00  0.36117E+11 1083.2
  545.00  0.35866E+11 1084.5
  546.00  0.35617E+11 1085.9
  547.00  0.35371E+11 1087.3
  548.00  0.35127E+11 1088.8
  549.00  0.34884E+11 1090.4
  550.00  0.34644E+11 1092.0
  551.00  0.34406E+11 1093.7
  552.00  0.34170E+11 1095.5
  553.00  0.33936E+11 1097.3
  554.00  0.33704E+11 1099.3
  555.00  0.33474E+11 1101.2
  556.00  0.33246E+11 1103.3
  557.00  0.33020E+11 1105.4
  558.00  0.32796E+11 1107.6
  559.00  0.32574E+11 1109.9
  560.00  0.32353E+11 1112.2
  561.00  0.32135E+11 1114.5
  562.00  0.31918E+11 1116.9
  563.00  0.31704E+11 1119.4
  564.00  0.31491E+11 1121.9
  565.00  0.31280E+11 1124.5
  566.00  0.31070E+11 1127.1
  567.00  0.30863E+11 1129.7
  568.00  0.30657E+11 1132.4
  569.00  0.30453E+11 1135.2
  570.00  0.30251E+11 1137.9
  571.00  0.30050E+11 1140.7
  572.00  0.29851E+11 1143.5
  573.00  0.29654E+11 1146.3
  574.00  0.29459E+11 1149.2
  575.00  0.29265E+11 1152.1
  576.00  0.29073E+11 1155.0
  577.00  0.28882E+11 1157.9
  578.00  0.28693E+11 1160.8
  579.00  0.28506E+11 1163.8
  580.00  0.28320E+11 1166.7
  581.00  0.28135E+11 1169.7
  582.00  0.27953E+11 1172.7
  583.00  0.27772E+11 1175.7
  584.00  0.27592E+11 1178.7
  585.00  0.27414E+11 1181.7
  586.00  0.27237E+11 1184.8
  587.00  0.27062E+11 1187.8
  588.00  0.26888E+11 1190.9
  589.00  0.26716E+11 1193.9
  590.00  0.26545E+11 1197.0
  591.00  0.26376E+11 1200.0
  592.00  0.26208E+11 1203.1
  593.00  0.26041E+11 1206.2
  594.00  0.25876E+11 1209.2
  595.00  0.25712E+11 1212.3
  596.00  0.25550E+11 1215.4
  597.00  0.25388E+11 1218.5
  598.00  0.25229E+11 1221.5
  599.00  0.25070E+11 1224.6
  600.00  0.24913E+11 1227.7
