 call readmesh
 call inigeo
 indlin(nv+1)-1=     1415348
 call readinput
e_field=  -0.000000E+00  -0.000000E+00  -0.000000E+00
 call voisinOrdonne
 inj_nstr=           0  inj_ninj=   860000000000.00000     
 call structures
 sc_nst2D=           2
 sc_nst1D=           0
 sc_nstruc=           2
 sc_listBias=           1           2
 sc_nodesBias=           1
 sc_bias=   0.0000000000000000     
 table of structures
i= 0 sc_table=    1
i= 1 sc_table=    2
i= 2 sc_table=    3

structure areas
   0     1.7159E-01
   1     6.2366E-04
   2     6.2366E-04

 call solarview
 f107=   0.0000000000000000       sc_photoel=   0.0000000000000000        0.0000000000000000     
 call sccinit
 call globmat
 procid=           0  call inipop
volmin=  6.15E-10 volmax=  2.62E-07 voltot=  6.68E-03
 procid=           0  netot=    12500000
 procid=           0 i=           1 npepop=    12500000  wepop=   13.354887082872281     
 procid=           0 nitot=    12500000
 procid=           0 i=           1 npipop=    12500000  wipop=   13.354887082872281     
 procid=           0  call inikin
 call computemutuals
   call pgmres
   call pgmres
 sc_c=
   6.433377E-13  -1.800607E-13
  -1.692193E-13   6.360857E-13
 sc_ci=
   1.679442E+12   4.754100E+11
   4.467858E+11   1.698590E+12
 procid=           0  call avancet
 dt_ion=   1.5165216550561381E-006
 dt_kin_elec=   4.3171806743393581E-009
 dt_omp=   3.5220210592577111E-008
 dt=   4.3171806743393581E-009  speedup=   1.0000000000000000       dtloc=   4.3171806743393581E-009
